Using pre-set license
Built from '2021.3/staging' branch; Version is '2021.3.20f1 (577897200b8b) revision 5732503'; Using compiler version '192829333'; Build Type 'Release'
OS: 'Windows 10  (10.0.19045) 64bit Enterprise' Language: 'en' Physical Memory: 16089 MB
BatchMode: 1, IsHumanControllingUs: 0, StartBugReporterOnCrash: 0, Is64bit: 1, IsPro: 1

COMMAND LINE ARGUMENTS:
C:\Program Files\Unity\Hub\Editor\2021.3.20f1\Editor\Unity.exe
-adb2
-batchMode
-noUpm
-name
AssetImportWorker2
-projectPath
C:/Users/2kz34/Desktop/FinalProject
-logFile
Logs/AssetImportWorker2.log
-srvPort
55862
Successfully changed project path to: C:/Users/2kz34/Desktop/FinalProject
C:/Users/2kz34/Desktop/FinalProject
[UnityMemory] Configuration Parameters - Can be set up in boot.config
    "memorysetup-bucket-allocator-granularity=16"
    "memorysetup-bucket-allocator-bucket-count=8"
    "memorysetup-bucket-allocator-block-size=33554432"
    "memorysetup-bucket-allocator-block-count=8"
    "memorysetup-main-allocator-block-size=16777216"
    "memorysetup-thread-allocator-block-size=16777216"
    "memorysetup-gfx-main-allocator-block-size=16777216"
    "memorysetup-gfx-thread-allocator-block-size=16777216"
    "memorysetup-cache-allocator-block-size=4194304"
    "memorysetup-typetree-allocator-block-size=2097152"
    "memorysetup-profiler-bucket-allocator-granularity=16"
    "memorysetup-profiler-bucket-allocator-bucket-count=8"
    "memorysetup-profiler-bucket-allocator-block-size=33554432"
    "memorysetup-profiler-bucket-allocator-block-count=8"
    "memorysetup-profiler-allocator-block-size=16777216"
    "memorysetup-profiler-editor-allocator-block-size=1048576"
    "memorysetup-temp-allocator-size-main=16777216"
    "memorysetup-job-temp-allocator-block-size=2097152"
    "memorysetup-job-temp-allocator-block-size-background=1048576"
    "memorysetup-job-temp-allocator-reduction-small-platforms=262144"
    "memorysetup-temp-allocator-size-background-worker=32768"
    "memorysetup-temp-allocator-size-job-worker=262144"
    "memorysetup-temp-allocator-size-preload-manager=33554432"
    "memorysetup-temp-allocator-size-nav-mesh-worker=65536"
    "memorysetup-temp-allocator-size-audio-worker=65536"
    "memorysetup-temp-allocator-size-cloud-worker=32768"
    "memorysetup-temp-allocator-size-gi-baking-worker=262144"
    "memorysetup-temp-allocator-size-gfx=262144"
Player connection [14192] Host "[IP] 10.105.11.237 [Port] 0 [Flags] 2 [Guid] 3274903438 [EditorId] 3274903438 [Version] 1048832 [Id] WindowsEditor(7,CA230D05) [Debug] 1 [PackageName] WindowsEditor [ProjectName] Editor" joined multi-casting on [225.0.0.222:54997]...

Player connection [14192] Host "[IP] 10.105.11.237 [Port] 0 [Flags] 2 [Guid] 3274903438 [EditorId] 3274903438 [Version] 1048832 [Id] WindowsEditor(7,CA230D05) [Debug] 1 [PackageName] WindowsEditor [ProjectName] Editor" joined alternative multi-casting on [225.0.0.222:34997]...

Refreshing native plugins compatible for Editor in 205.31 ms, found 14 plugins.
Preloading 1 native plugins for Editor in 1.10 ms.
Initialize engine version: 2021.3.20f1 (577897200b8b)
[Subsystems] Discovering subsystems at path C:/Program Files/Unity/Hub/Editor/2021.3.20f1/Editor/Data/Resources/UnitySubsystems
[Subsystems] Discovering subsystems at path C:/Users/2kz34/Desktop/FinalProject/Assets
GfxDevice: creating device client; threaded=0; jobified=0
Direct3D:
    Version:  Direct3D 11.0 [level 11.1]
    Renderer: NVIDIA GeForce RTX 2060 (ID=0x1f08)
    Vendor:   NVIDIA
    VRAM:     5968 MB
    Driver:   31.0.15.3168
Shader 'Oculus/OVRMRCameraFrameLit': fallback shader 'Alpha-Diffuse' not found
Initialize mono
Mono path[0] = 'C:/Program Files/Unity/Hub/Editor/2021.3.20f1/Editor/Data/Managed'
Mono path[1] = 'C:/Program Files/Unity/Hub/Editor/2021.3.20f1/Editor/Data/MonoBleedingEdge/lib/mono/unityjit-win32'
Mono config path = 'C:/Program Files/Unity/Hub/Editor/2021.3.20f1/Editor/Data/MonoBleedingEdge/etc'
Using monoOptions --debugger-agent=transport=dt_socket,embedding=1,server=y,suspend=n,address=127.0.0.1:56144
Begin MonoManager ReloadAssembly
Registering precompiled unity dll's ...
Register platform support module: C:/Program Files/Unity/Hub/Editor/2021.3.20f1/Editor/Data/PlaybackEngines/WebGLSupport/UnityEditor.WebGL.Extensions.dll
Register platform support module: C:/Program Files/Unity/Hub/Editor/2021.3.20f1/Editor/Data/PlaybackEngines/AndroidPlayer/UnityEditor.Android.Extensions.dll
Register platform support module: C:/Program Files/Unity/Hub/Editor/2021.3.20f1/Editor/Data/PlaybackEngines/WindowsStandaloneSupport/UnityEditor.WindowsStandalone.Extensions.dll
Registered in 0.014510 seconds.
Native extension for WindowsStandalone target not found
Native extension for Android target not found
Android Extension - Scanning For ADB Devices 1699 ms
Native extension for WebGL target not found
Refreshing native plugins compatible for Editor in 149.82 ms, found 14 plugins.
Preloading 1 native plugins for Editor in 0.10 ms.
Mono: successfully reloaded assembly
- Completed reload, in  2.653 seconds
Domain Reload Profiling:
	ReloadAssembly (2654ms)
		BeginReloadAssembly (144ms)
			ExecutionOrderSort (0ms)
			DisableScriptedObjects (0ms)
			BackupInstance (0ms)
			ReleaseScriptingObjects (0ms)
			CreateAndSetChildDomain (1ms)
		EndReloadAssembly (2356ms)
			LoadAssemblies (138ms)
			RebuildTransferFunctionScriptingTraits (0ms)
			SetupTypeCache (137ms)
			ReleaseScriptCaches (0ms)
			RebuildScriptCaches (31ms)
			SetupLoadedEditorAssemblies (2107ms)
				LogAssemblyErrors (0ms)
				InitializePlatformSupportModulesInManaged (1801ms)
				SetLoadedEditorAssemblies (0ms)
				RefreshPlugins (150ms)
				BeforeProcessingInitializeOnLoad (2ms)
				ProcessInitializeOnLoadAttributes (100ms)
				ProcessInitializeOnLoadMethodAttributes (54ms)
				AfterProcessingInitializeOnLoad (0ms)
				EditorAssembliesLoaded (0ms)
			ExecutionOrderSort2 (0ms)
			AwakeInstancesAfterBackupRestoration (0ms)
Platform modules already initialized, skipping
Registering precompiled user dll's ...
Registered in 0.024882 seconds.
Begin MonoManager ReloadAssembly
Native extension for WindowsStandalone target not found
Native extension for Android target not found
Native extension for WebGL target not found
Refreshing native plugins compatible for Editor in 160.32 ms, found 14 plugins.
Preloading 1 native plugins for Editor in 0.21 ms.
Package Manager log level set to [2]
[XR] OculusXRPlugin: registering subsystems
[XR] Unable to register display lifecyle provider: [1]
[XR] Oculus Input lifecycle provider registered.
[XR] Unable to register input lifecyle provider: [1]
[XR] OVRP version 1.82.0
Mono: successfully reloaded assembly
- Completed reload, in  1.832 seconds
Domain Reload Profiling:
	ReloadAssembly (1833ms)
		BeginReloadAssembly (159ms)
			ExecutionOrderSort (0ms)
			DisableScriptedObjects (8ms)
			BackupInstance (0ms)
			ReleaseScriptingObjects (0ms)
			CreateAndSetChildDomain (25ms)
		EndReloadAssembly (1534ms)
			LoadAssemblies (153ms)
			RebuildTransferFunctionScriptingTraits (0ms)
			SetupTypeCache (412ms)
			ReleaseScriptCaches (1ms)
			RebuildScriptCaches (104ms)
			SetupLoadedEditorAssemblies (786ms)
				LogAssemblyErrors (0ms)
				InitializePlatformSupportModulesInManaged (24ms)
				SetLoadedEditorAssemblies (0ms)
				RefreshPlugins (161ms)
				BeforeProcessingInitializeOnLoad (123ms)
				ProcessInitializeOnLoadAttributes (432ms)
				ProcessInitializeOnLoadMethodAttributes (30ms)
				AfterProcessingInitializeOnLoad (16ms)
				EditorAssembliesLoaded (0ms)
			ExecutionOrderSort2 (0ms)
			AwakeInstancesAfterBackupRestoration (15ms)
Platform modules already initialized, skipping
========================================================================
Worker process is ready to serve import requests
Shader 'Oculus/OVRMRCameraFrameLit': fallback shader 'Alpha-Diffuse' not found
Launched and connected shader compiler UnityShaderCompiler.exe after 0.09 seconds
Refreshing native plugins compatible for Editor in 2.49 ms, found 14 plugins.
Preloading 1 native plugins for Editor in 0.15 ms.
Unloading 5387 Unused Serialized files (Serialized files now loaded: 0)
Unloading 84 unused Assets / (197.7 KB). Loaded Objects now: 5804.
Memory consumption went from 196.2 MB to 196.0 MB.
Total: 6.697700 ms (FindLiveObjects: 0.802400 ms CreateObjectMapping: 0.591400 ms MarkObjects: 5.034700 ms  DeleteObjects: 0.267600 ms)

AssetImportParameters requested are different than current active one (requested -> active):
  custom:video-decoder-ogg-theora: a1e56fd34408186e4bbccfd4996cb3dc -> 
  custom:container-muxer-webm: aa71ff27fc2769a1b78a27578f13a17b -> 
  custom:container-demuxer-webm: 4f35f7cbe854078d1ac9338744f61a02 -> 
  custom:video-encoder-webm-vp8: eb34c28f22e8b96e1ab97ce403110664 -> 
  custom:audio-encoder-webm-vorbis: bf7c407c2cedff20999df2af8eb42d56 -> 
  custom:framework-win-MediaFoundation: 216162199b28c13a410421893ffa2e32 -> 
  custom:container-demuxer-ogg: 62fdf1f143b41e24485cea50d1cbac27 -> 
  custom:video-decoder-webm-vp8: 9c59270c3fd7afecdb556c50c9e8de78 -> 
  custom:audio-decoder-ogg-vorbis: bf7c407c2cedff20999df2af8eb42d56 -> 
========================================================================
Received Import Request.
  Time since last request: 93589.579159 seconds.
  path: Assets/Oculus/Spatializer/scenes/Standard Assets/Character Controllers/3rd Person Controller.prefab
  artifactKey: Guid(2314ce3a3eecf4816bad3c9eca4de2e1) Importer(815301076,1909f56bfc062723c751e8b465ee728b)
Start importing Assets/Oculus/Spatializer/scenes/Standard Assets/Character Controllers/3rd Person Controller.prefab using Guid(2314ce3a3eecf4816bad3c9eca4de2e1) Importer(815301076,1909f56bfc062723c751e8b465ee728b)  -> (artifact id: '0053c323644c8e2ef75c8a62c7895152') in 0.248229 seconds 
========================================================================
Received Import Request.
  Time since last request: 0.000040 seconds.
  path: Assets/Oculus/Interaction/Samples/Objects/Props/BigRedButton/BigRedButton.prefab
  artifactKey: Guid(d2d6934a666a18d46b8b7a3864dc9f63) Importer(815301076,1909f56bfc062723c751e8b465ee728b)
Start importing Assets/Oculus/Interaction/Samples/Objects/Props/BigRedButton/BigRedButton.prefab using Guid(d2d6934a666a18d46b8b7a3864dc9f63) Importer(815301076,1909f56bfc062723c751e8b465ee728b)  -> (artifact id: 'fe096b5b894214f5d0c9a6e5feb61efe') in 0.148089 seconds 
========================================================================
Received Import Request.
  Time since last request: 0.000028 seconds.
  path: Assets/Oculus/Interaction/Samples/Objects/Props/Box/Box.prefab
  artifactKey: Guid(be890165f0b028b4c959cf9729b55f4d) Importer(815301076,1909f56bfc062723c751e8b465ee728b)
Start importing Assets/Oculus/Interaction/Samples/Objects/Props/Box/Box.prefab using Guid(be890165f0b028b4c959cf9729b55f4d) Importer(815301076,1909f56bfc062723c751e8b465ee728b)  -> (artifact id: 'd179c5079dd9eb23928752abbe1c64d9') in 0.078739 seconds 
========================================================================
Received Import Request.
  Time since last request: 0.000028 seconds.
  path: Assets/Oculus/Interaction/Samples/Audio/Prefabs/BasicPokeToyButtonReleaseAudio.prefab
  artifactKey: Guid(08eeff844ea75dc4192675890988e004) Importer(815301076,1909f56bfc062723c751e8b465ee728b)
Start importing Assets/Oculus/Interaction/Samples/Audio/Prefabs/BasicPokeToyButtonReleaseAudio.prefab using Guid(08eeff844ea75dc4192675890988e004) Importer(815301076,1909f56bfc062723c751e8b465ee728b)  -> (artifact id: '25a988106a28e41ee24a18dce3d8652e') in 0.006145 seconds 
========================================================================
Received Import Request.
  Time since last request: 0.000029 seconds.
  path: Assets/Oculus/Interaction/Runtime/Prefabs/Debug/ActiveStateDebugTreeNodeHorizontal.prefab
  artifactKey: Guid(bcb4af79d88c4af4a90fb6e19de13e70) Importer(815301076,1909f56bfc062723c751e8b465ee728b)
Start importing Assets/Oculus/Interaction/Runtime/Prefabs/Debug/ActiveStateDebugTreeNodeHorizontal.prefab using Guid(bcb4af79d88c4af4a90fb6e19de13e70) Importer(815301076,1909f56bfc062723c751e8b465ee728b)  -> (artifact id: '61250976942b89730fddb28493ffdeef') in 0.015359 seconds 
========================================================================
Received Import Request.
  Time since last request: 0.000021 seconds.
  path: Assets/Oculus/Interaction/Runtime/Prefabs/Debug/ActiveStateDebugTreeNodeVertical.prefab
  artifactKey: Guid(e1bdcfaab96307149a62e5c148b5ced1) Importer(815301076,1909f56bfc062723c751e8b465ee728b)
Start importing Assets/Oculus/Interaction/Runtime/Prefabs/Debug/ActiveStateDebugTreeNodeVertical.prefab using Guid(e1bdcfaab96307149a62e5c148b5ced1) Importer(815301076,1909f56bfc062723c751e8b465ee728b)  -> (artifact id: 'dc97099effa3f5040e65fe65c1ae4052') in 0.006343 seconds 
========================================================================
Received Import Request.
  Time since last request: 0.000029 seconds.
  path: Assets/Oculus/Interaction/Samples/Audio/Prefabs/BasicRayHoverAudio.prefab
  artifactKey: Guid(539d637ec1110d44982e443b95b5a61b) Importer(815301076,1909f56bfc062723c751e8b465ee728b)
Start importing Assets/Oculus/Interaction/Samples/Audio/Prefabs/BasicRayHoverAudio.prefab using Guid(539d637ec1110d44982e443b95b5a61b) Importer(815301076,1909f56bfc062723c751e8b465ee728b)  -> (artifact id: '3af992e520151f001bc8b4dce234efb8') in 0.006147 seconds 
========================================================================
Received Import Request.
  Time since last request: 0.000026 seconds.
  path: Assets/Oculus/Interaction/Samples/Audio/Prefabs/ComplexGrabBoxGrabAudio.prefab
  artifactKey: Guid(9f8e29d6fbcbb794484aa4c50e40e313) Importer(815301076,1909f56bfc062723c751e8b465ee728b)
Start importing Assets/Oculus/Interaction/Samples/Audio/Prefabs/ComplexGrabBoxGrabAudio.prefab using Guid(9f8e29d6fbcbb794484aa4c50e40e313) Importer(815301076,1909f56bfc062723c751e8b465ee728b)  -> (artifact id: 'c2750619e25e38aa9a6432893561d6fe') in 0.006266 seconds 
========================================================================
Received Import Request.
  Time since last request: 0.000025 seconds.
  path: Assets/Oculus/Interaction/Samples/Audio/Prefabs/ComplexGrabBoxOpenAudio.prefab
  artifactKey: Guid(90d935fa9881f0f41b1b06b5b64c7bc9) Importer(815301076,1909f56bfc062723c751e8b465ee728b)
Start importing Assets/Oculus/Interaction/Samples/Audio/Prefabs/ComplexGrabBoxOpenAudio.prefab using Guid(90d935fa9881f0f41b1b06b5b64c7bc9) Importer(815301076,1909f56bfc062723c751e8b465ee728b)  -> (artifact id: 'fb7b1dee81ffab3597d02923010b6c48') in 0.007045 seconds 
========================================================================
Received Import Request.
  Time since last request: 0.000027 seconds.
  path: Assets/Oculus/SampleFramework/Usage/SharedAssets/Prefabs/BillardBall03Pf.prefab
  artifactKey: Guid(46017755ec437f44e8415741e839f3c0) Importer(815301076,1909f56bfc062723c751e8b465ee728b)
Start importing Assets/Oculus/SampleFramework/Usage/SharedAssets/Prefabs/BillardBall03Pf.prefab using Guid(46017755ec437f44e8415741e839f3c0) Importer(815301076,1909f56bfc062723c751e8b465ee728b)  -> (artifact id: '5a81ec9d15cbb926dad36a9dc2bf96d4') in 0.032488 seconds 
========================================================================
Received Import Request.
  Time since last request: 0.000041 seconds.
  path: Assets/Oculus/SampleFramework/Usage/SceneManager/Prefabs/FurniturePrefabs/CeilingPrefab.prefab
  artifactKey: Guid(d6d69a15991d35a4ba8e947530abeeab) Importer(815301076,1909f56bfc062723c751e8b465ee728b)
Start importing Assets/Oculus/SampleFramework/Usage/SceneManager/Prefabs/FurniturePrefabs/CeilingPrefab.prefab using Guid(d6d69a15991d35a4ba8e947530abeeab) Importer(815301076,1909f56bfc062723c751e8b465ee728b)  -> (artifact id: '3f60bc94906ee0b74d955941bafefb1b') in 0.019428 seconds 
========================================================================
Received Import Request.
  Time since last request: 0.000029 seconds.
  path: Assets/Oculus/SampleFramework/Usage/SharedAssets/Prefabs/BillardBall10Pf.prefab
  artifactKey: Guid(83c6598d550f34048ad0ef6a989d4d73) Importer(815301076,1909f56bfc062723c751e8b465ee728b)
Start importing Assets/Oculus/SampleFramework/Usage/SharedAssets/Prefabs/BillardBall10Pf.prefab using Guid(83c6598d550f34048ad0ef6a989d4d73) Importer(815301076,1909f56bfc062723c751e8b465ee728b)  -> (artifact id: '4fd0099b5d8a955fb229d4269161c476') in 0.024146 seconds 
========================================================================
Received Import Request.
  Time since last request: 0.000030 seconds.
  path: Assets/Oculus/Interaction/Runtime/Prefabs/Grab/ControllerGrabInteractor.prefab
  artifactKey: Guid(bc242319e5f2bd842999ab7665ad2d78) Importer(815301076,1909f56bfc062723c751e8b465ee728b)
Start importing Assets/Oculus/Interaction/Runtime/Prefabs/Grab/ControllerGrabInteractor.prefab using Guid(bc242319e5f2bd842999ab7665ad2d78) Importer(815301076,1909f56bfc062723c751e8b465ee728b)  -> (artifact id: '8f2ebe0f6fa4c40a853c392ed9ee7b2b') in 0.012770 seconds 
========================================================================
Received Import Request.
  Time since last request: 0.000023 seconds.
  path: Assets/Oculus/Interaction/Samples/Objects/Environment/BasicPokeInfoFrames.prefab
  artifactKey: Guid(6a252322fe21bc94986e47f1b97861d3) Importer(815301076,1909f56bfc062723c751e8b465ee728b)
Start importing Assets/Oculus/Interaction/Samples/Objects/Environment/BasicPokeInfoFrames.prefab using Guid(6a252322fe21bc94986e47f1b97861d3) Importer(815301076,1909f56bfc062723c751e8b465ee728b)  -> (artifact id: '03ce89da2bf243059c2859040d7f6977') in 0.073335 seconds 
========================================================================
Received Import Request.
  Time since last request: 0.000022 seconds.
  path: Assets/Oculus/Interaction/Samples/Audio/Prefabs/BasicRayReleaseAudio.prefab
  artifactKey: Guid(633677e3089b41b40acda7f29811eb9d) Importer(815301076,1909f56bfc062723c751e8b465ee728b)
Start importing Assets/Oculus/Interaction/Samples/Audio/Prefabs/BasicRayReleaseAudio.prefab using Guid(633677e3089b41b40acda7f29811eb9d) Importer(815301076,1909f56bfc062723c751e8b465ee728b)  -> (artifact id: '762e76645fbc2165c18e07ab0fd1eb30') in 0.008227 seconds 
========================================================================
Received Import Request.
  Time since last request: 0.000019 seconds.
  path: Assets/Oculus/Interaction/Samples/Audio/Prefabs/BasicPokeKeypadPressAudio.prefab
  artifactKey: Guid(0d5e681c36329dc4e9e700f470026b2e) Importer(815301076,1909f56bfc062723c751e8b465ee728b)
Start importing Assets/Oculus/Interaction/Samples/Audio/Prefabs/BasicPokeKeypadPressAudio.prefab using Guid(0d5e681c36329dc4e9e700f470026b2e) Importer(815301076,1909f56bfc062723c751e8b465ee728b)  -> (artifact id: '0115b8ac1e017150ca6d1a7ab3c9cb29') in 0.009963 seconds 
========================================================================
Received Import Request.
  Time since last request: 0.000024 seconds.
  path: Assets/Oculus/Interaction/Samples/Audio/Prefabs/ComplexGrabStoneResize.prefab
  artifactKey: Guid(1a09422e2d7b4fb48a5986c6eb57a629) Importer(815301076,1909f56bfc062723c751e8b465ee728b)
Start importing Assets/Oculus/Interaction/Samples/Audio/Prefabs/ComplexGrabStoneResize.prefab using Guid(1a09422e2d7b4fb48a5986c6eb57a629) Importer(815301076,1909f56bfc062723c751e8b465ee728b)  -> (artifact id: 'dde7a674c1371881bebfec5c5d7dbbef') in 0.008809 seconds 
========================================================================
Received Prepare
Registering precompiled user dll's ...
Registered in 0.019426 seconds.
Begin MonoManager ReloadAssembly
Native extension for WindowsStandalone target not found
Native extension for Android target not found
Native extension for WebGL target not found
Refreshing native plugins compatible for Editor in 1.64 ms, found 14 plugins.
Preloading 1 native plugins for Editor in 0.17 ms.
[Package Manager] Server::EnsureServerProcessIsRunning -- launch failed, reason: Unity was launched with the -noUpm command-line argument
[Package Manager] Cannot connect to Unity Package Manager local server
[Package Manager] Server::EnsureServerProcessIsRunning -- launch failed, reason: Unity was launched with the -noUpm command-line argument
[Package Manager] Cannot connect to Unity Package Manager local server
[Package Manager] Server::EnsureServerProcessIsRunning -- launch failed, reason: Unity was launched with the -noUpm command-line argument
[Package Manager] Cannot connect to Unity Package Manager local server
[Package Manager] Server::EnsureServerProcessIsRunning -- launch failed, reason: Unity was launched with the -noUpm command-line argument
[Package Manager] Cannot connect to Unity Package Manager local server
Mono: successfully reloaded assembly
- Completed reload, in  1.542 seconds
Domain Reload Profiling:
	ReloadAssembly (1543ms)
		BeginReloadAssembly (194ms)
			ExecutionOrderSort (0ms)
			DisableScriptedObjects (4ms)
			BackupInstance (0ms)
			ReleaseScriptingObjects (0ms)
			CreateAndSetChildDomain (49ms)
		EndReloadAssembly (1218ms)
			LoadAssemblies (158ms)
			RebuildTransferFunctionScriptingTraits (0ms)
			SetupTypeCache (396ms)
			ReleaseScriptCaches (2ms)
			RebuildScriptCaches (57ms)
			SetupLoadedEditorAssemblies (517ms)
				LogAssemblyErrors (0ms)
				InitializePlatformSupportModulesInManaged (24ms)
				SetLoadedEditorAssemblies (0ms)
				RefreshPlugins (2ms)
				BeforeProcessingInitializeOnLoad (104ms)
				ProcessInitializeOnLoadAttributes (337ms)
				ProcessInitializeOnLoadMethodAttributes (32ms)
				AfterProcessingInitializeOnLoad (17ms)
				EditorAssembliesLoaded (0ms)
			ExecutionOrderSort2 (0ms)
			AwakeInstancesAfterBackupRestoration (16ms)
Platform modules already initialized, skipping
Shader 'Oculus/OVRMRCameraFrameLit': fallback shader 'Alpha-Diffuse' not found
Refreshing native plugins compatible for Editor in 17.21 ms, found 14 plugins.
Preloading 1 native plugins for Editor in 0.12 ms.
Unloading 5291 Unused Serialized files (Serialized files now loaded: 0)
Unloading 75 unused Assets / (165.1 KB). Loaded Objects now: 5825.
Memory consumption went from 206.4 MB to 206.3 MB.
Total: 3.847200 ms (FindLiveObjects: 0.455500 ms CreateObjectMapping: 0.394400 ms MarkObjects: 2.803900 ms  DeleteObjects: 0.192100 ms)

AssetImportParameters requested are different than current active one (requested -> active):
  custom:video-decoder-ogg-theora: a1e56fd34408186e4bbccfd4996cb3dc -> 
  custom:container-muxer-webm: aa71ff27fc2769a1b78a27578f13a17b -> 
  custom:container-demuxer-webm: 4f35f7cbe854078d1ac9338744f61a02 -> 
  custom:video-encoder-webm-vp8: eb34c28f22e8b96e1ab97ce403110664 -> 
  custom:audio-encoder-webm-vorbis: bf7c407c2cedff20999df2af8eb42d56 -> 
  custom:framework-win-MediaFoundation: 216162199b28c13a410421893ffa2e32 -> 
  custom:container-demuxer-ogg: 62fdf1f143b41e24485cea50d1cbac27 -> 
  custom:video-decoder-webm-vp8: 9c59270c3fd7afecdb556c50c9e8de78 -> 
  custom:audio-decoder-ogg-vorbis: bf7c407c2cedff20999df2af8eb42d56 -> 
========================================================================
Received Import Request.
  Time since last request: 35.191565 seconds.
  path: Assets/Oculus/Interaction/Runtime/Prefabs/ControllerHands.prefab
  artifactKey: Guid(13488c79ceaed7c4294a1b8e8d48de47) Importer(815301076,1909f56bfc062723c751e8b465ee728b)
Start importing Assets/Oculus/Interaction/Runtime/Prefabs/ControllerHands.prefab using Guid(13488c79ceaed7c4294a1b8e8d48de47) Importer(815301076,1909f56bfc062723c751e8b465ee728b)  -> (artifact id: '06af0711379e2b2519b1bd56667b7c53') in 0.038922 seconds 
========================================================================
Received Import Request.
  Time since last request: 0.000048 seconds.
  path: Assets/Oculus/SampleFramework/Core/DebugUI/Prefabs/DebugButton.prefab
  artifactKey: Guid(aa84e2bd72d699a4db1fe9b0b0186c33) Importer(815301076,1909f56bfc062723c751e8b465ee728b)
Start importing Assets/Oculus/SampleFramework/Core/DebugUI/Prefabs/DebugButton.prefab using Guid(aa84e2bd72d699a4db1fe9b0b0186c33) Importer(815301076,1909f56bfc062723c751e8b465ee728b)  -> (artifact id: '1338c92c0cb19119bd530f487b924b5a') in 0.016771 seconds 
========================================================================
Received Import Request.
  Time since last request: 0.000043 seconds.
  path: Assets/Oculus/SampleFramework/Usage/SceneManager/Prefabs/FurniturePrefabs/CouchPrefab.prefab
  artifactKey: Guid(83524e9c02f299042bbc10032eec84a6) Importer(815301076,1909f56bfc062723c751e8b465ee728b)
Start importing Assets/Oculus/SampleFramework/Usage/SceneManager/Prefabs/FurniturePrefabs/CouchPrefab.prefab using Guid(83524e9c02f299042bbc10032eec84a6) Importer(815301076,1909f56bfc062723c751e8b465ee728b)  -> (artifact id: 'dd20a958e86167c60231158c87e91846') in 0.060892 seconds 
========================================================================
Received Import Request.
  Time since last request: 0.000032 seconds.
  path: Assets/Oculus/Interaction/Runtime/Prefabs/Debug/FingerFeatureDebugVisual.prefab
  artifactKey: Guid(8caf22ecb11d20e42ac3ee53e63d6a5f) Importer(815301076,1909f56bfc062723c751e8b465ee728b)
Start importing Assets/Oculus/Interaction/Runtime/Prefabs/Debug/FingerFeatureDebugVisual.prefab using Guid(8caf22ecb11d20e42ac3ee53e63d6a5f) Importer(815301076,1909f56bfc062723c751e8b465ee728b)  -> (artifact id: 'ea0ea9e17303507aacfac079ed178f27') in 0.027437 seconds 
========================================================================
Received Import Request.
  Time since last request: 0.000024 seconds.
  path: Assets/Oculus/Interaction/Samples/Objects/Props/FlatUnityCanvas.prefab
  artifactKey: Guid(df64bf5efda75be4db0c812f9277d678) Importer(815301076,1909f56bfc062723c751e8b465ee728b)
Start importing Assets/Oculus/Interaction/Samples/Objects/Props/FlatUnityCanvas.prefab using Guid(df64bf5efda75be4db0c812f9277d678) Importer(815301076,1909f56bfc062723c751e8b465ee728b)  -> (artifact id: '5a9d169ef815785dc6fda1d4db28bf3b') in 0.044376 seconds 
========================================================================
Received Import Request.
  Time since last request: 0.000023 seconds.
  path: Assets/Oculus/SampleFramework/Usage/DistanceGrab/Prefabs/OutlineItems/DistanceGrabBillardBall03Pf.prefab
  artifactKey: Guid(7ae0bdb1708635e46a2b0bfa802bb184) Importer(815301076,1909f56bfc062723c751e8b465ee728b)
Start importing Assets/Oculus/SampleFramework/Usage/DistanceGrab/Prefabs/OutlineItems/DistanceGrabBillardBall03Pf.prefab using Guid(7ae0bdb1708635e46a2b0bfa802bb184) Importer(815301076,1909f56bfc062723c751e8b465ee728b)  -> (artifact id: '72cd42af6d12c866b99167c825b0c5b3') in 0.028881 seconds 
========================================================================
Received Import Request.
  Time since last request: 0.000027 seconds.
  path: Assets/Oculus/SampleFramework/Usage/DistanceGrab/Prefabs/OutlineItems/DistanceGrabCubeCrosshair.prefab
  artifactKey: Guid(0f51a6c91c2722e4b992f30ef1a244f3) Importer(815301076,1909f56bfc062723c751e8b465ee728b)
Start importing Assets/Oculus/SampleFramework/Usage/DistanceGrab/Prefabs/OutlineItems/DistanceGrabCubeCrosshair.prefab using Guid(0f51a6c91c2722e4b992f30ef1a244f3) Importer(815301076,1909f56bfc062723c751e8b465ee728b)  -> (artifact id: '003d8348b9c91e6e3e6c11c05e3e4e11') in 0.024709 seconds 
========================================================================
Received Import Request.
  Time since last request: 0.000031 seconds.
  path: Assets/Oculus/Interaction/Samples/Audio/Prefabs/DistanceGrabHoverAudio.prefab
  artifactKey: Guid(13264d633d3544946b062a9df1e2e40f) Importer(815301076,1909f56bfc062723c751e8b465ee728b)
Start importing Assets/Oculus/Interaction/Samples/Audio/Prefabs/DistanceGrabHoverAudio.prefab using Guid(13264d633d3544946b062a9df1e2e40f) Importer(815301076,1909f56bfc062723c751e8b465ee728b)  -> (artifact id: 'd1a22589b1c2a6215554dd170b3b4919') in 0.008150 seconds 
========================================================================
Received Import Request.
  Time since last request: 0.000035 seconds.
  path: Assets/Oculus/Interaction/Samples/Objects/Props/CurvedUnityCanvas.prefab
  artifactKey: Guid(d6733f35cecdc984c9d50925eb25939e) Importer(815301076,1909f56bfc062723c751e8b465ee728b)
Start importing Assets/Oculus/Interaction/Samples/Objects/Props/CurvedUnityCanvas.prefab using Guid(d6733f35cecdc984c9d50925eb25939e) Importer(815301076,1909f56bfc062723c751e8b465ee728b)  -> (artifact id: 'acd3a6f1f3d23f70c23c00c984a02705') in 0.029423 seconds 
========================================================================
Received Import Request.
  Time since last request: 0.000024 seconds.
  path: Assets/Oculus/Interaction/Samples/Objects/Environment/Screen/DebugScreen.prefab
  artifactKey: Guid(cdeb96b7cc1bb0b4e8ed9fcb16be7b5f) Importer(815301076,1909f56bfc062723c751e8b465ee728b)
Start importing Assets/Oculus/Interaction/Samples/Objects/Environment/Screen/DebugScreen.prefab using Guid(cdeb96b7cc1bb0b4e8ed9fcb16be7b5f) Importer(815301076,1909f56bfc062723c751e8b465ee728b)  -> (artifact id: 'c9c3ab22bb5e98de111798dd99b9797e') in 0.025866 seconds 
========================================================================
Received Import Request.
  Time since last request: 0.000044 seconds.
  path: Assets/Oculus/SampleFramework/Usage/DistanceGrab/Prefabs/GrabOffsetsAndPoses/GrabOffsetPingPongBall.prefab
  artifactKey: Guid(02215b6c75ce0c241876390fdabaad25) Importer(815301076,1909f56bfc062723c751e8b465ee728b)
Start importing Assets/Oculus/SampleFramework/Usage/DistanceGrab/Prefabs/GrabOffsetsAndPoses/GrabOffsetPingPongBall.prefab using Guid(02215b6c75ce0c241876390fdabaad25) Importer(815301076,1909f56bfc062723c751e8b465ee728b)  -> (artifact id: '9cfe9c8be7719ef071c34cb2858f58db') in 0.006556 seconds 
========================================================================
Received Import Request.
  Time since last request: 0.000022 seconds.
  path: Assets/Oculus/SampleFramework/Usage/Passthrough/Prefabs/InfoPanel.prefab
  artifactKey: Guid(a088380b5cbca784a8ad386fa70c3d15) Importer(815301076,1909f56bfc062723c751e8b465ee728b)
Start importing Assets/Oculus/SampleFramework/Usage/Passthrough/Prefabs/InfoPanel.prefab using Guid(a088380b5cbca784a8ad386fa70c3d15) Importer(815301076,1909f56bfc062723c751e8b465ee728b)  -> (artifact id: 'fab529f760cea54d5b3e0429f24a2634') in 0.007468 seconds 
========================================================================
Received Import Request.
  Time since last request: 0.000023 seconds.
  path: Assets/Oculus/Interaction/OVRIntegration/Runtime/Prefabs/Legacy/InteractionRigOVR.prefab
  artifactKey: Guid(ffe3be6b11cb93446bff4c254b6d9148) Importer(815301076,1909f56bfc062723c751e8b465ee728b)
Start importing Assets/Oculus/Interaction/OVRIntegration/Runtime/Prefabs/Legacy/InteractionRigOVR.prefab using Guid(ffe3be6b11cb93446bff4c254b6d9148) Importer(815301076,1909f56bfc062723c751e8b465ee728b)  -> (artifact id: '6930ed4705fc55edbb514c63185e054c') in 0.009718 seconds 
========================================================================
Received Import Request.
  Time since last request: 0.000019 seconds.
  path: Assets/Oculus/Interaction/Runtime/Prefabs/Debug/InteractorDebugVisual.prefab
  artifactKey: Guid(70ed9ea80d1fb9f4bb7e91a1a4456b29) Importer(815301076,1909f56bfc062723c751e8b465ee728b)
Start importing Assets/Oculus/Interaction/Runtime/Prefabs/Debug/InteractorDebugVisual.prefab using Guid(70ed9ea80d1fb9f4bb7e91a1a4456b29) Importer(815301076,1909f56bfc062723c751e8b465ee728b)  -> (artifact id: 'b551ead50f73556e6aea8fd5b6830954') in 0.014096 seconds 
========================================================================
Received Import Request.
  Time since last request: 0.000021 seconds.
  path: Assets/Oculus/SampleFramework/Usage/HandsTrainExample/Prefabs/LeftSegment.prefab
  artifactKey: Guid(bc23f966b19084442a7a67d85bc6abdb) Importer(815301076,1909f56bfc062723c751e8b465ee728b)
Start importing Assets/Oculus/SampleFramework/Usage/HandsTrainExample/Prefabs/LeftSegment.prefab using Guid(bc23f966b19084442a7a67d85bc6abdb) Importer(815301076,1909f56bfc062723c751e8b465ee728b)  -> (artifact id: '9ff1f76d14932bd6a71954bde5bc06e9') in 0.101575 seconds 
========================================================================
Received Import Request.
  Time since last request: 0.000048 seconds.
  path: Assets/Oculus/SampleFramework/Usage/SceneManager/Prefabs/FurniturePrefabs/FloorPlanePrefab.prefab
  artifactKey: Guid(a202d380b0eab3c4fbb4825c00a1e0cf) Importer(815301076,1909f56bfc062723c751e8b465ee728b)
Start importing Assets/Oculus/SampleFramework/Usage/SceneManager/Prefabs/FurniturePrefabs/FloorPlanePrefab.prefab using Guid(a202d380b0eab3c4fbb4825c00a1e0cf) Importer(815301076,1909f56bfc062723c751e8b465ee728b)  -> (artifact id: 'db5e720cdab2f3a4c08b05db0ab83e5d') in 0.017443 seconds 
========================================================================
Received Import Request.
  Time since last request: 0.000039 seconds.
  path: Assets/Oculus/Interaction/Runtime/Prefabs/InputOVR.prefab
  artifactKey: Guid(79afd2227c07813448bc8aa5f9d37d7a) Importer(815301076,1909f56bfc062723c751e8b465ee728b)
Start importing Assets/Oculus/Interaction/Runtime/Prefabs/InputOVR.prefab using Guid(79afd2227c07813448bc8aa5f9d37d7a) Importer(815301076,1909f56bfc062723c751e8b465ee728b)  -> (artifact id: 'f528cd8319533971c295b2eca045abe7') in 0.007898 seconds 
========================================================================
Received Import Request.
  Time since last request: 0.000023 seconds.
  path: Assets/Oculus/Interaction/Samples/Objects/Props/Keypad/KeypadButton.prefab
  artifactKey: Guid(9f717ba020826834a98daf42c0d358da) Importer(815301076,1909f56bfc062723c751e8b465ee728b)
Start importing Assets/Oculus/Interaction/Samples/Objects/Props/Keypad/KeypadButton.prefab using Guid(9f717ba020826834a98daf42c0d358da) Importer(815301076,1909f56bfc062723c751e8b465ee728b)  -> (artifact id: '2b9a40f878dfce249c6d8aedfe6f2ad4') in 0.047198 seconds 
========================================================================
Received Import Request.
  Time since last request: 0.000026 seconds.
  path: Assets/Oculus/Interaction/Samples/Objects/Props/MapWithPins/MapWithPins.prefab
  artifactKey: Guid(f32a961d1af73bf4685dd80f8418db40) Importer(815301076,1909f56bfc062723c751e8b465ee728b)
Start importing Assets/Oculus/Interaction/Samples/Objects/Props/MapWithPins/MapWithPins.prefab using Guid(f32a961d1af73bf4685dd80f8418db40) Importer(815301076,1909f56bfc062723c751e8b465ee728b)  -> (artifact id: '782249af099b0d7711aab6ec1c7c24e5') in 0.083055 seconds 
========================================================================
Received Import Request.
  Time since last request: 0.000039 seconds.
  path: Assets/Oculus/VR/Prefabs/OVRTrackedKeyboard/OVRTrackedKeyboard.prefab
  artifactKey: Guid(e9c36ab6506ab5b4bb79e26e150c8b4c) Importer(815301076,1909f56bfc062723c751e8b465ee728b)
Start importing Assets/Oculus/VR/Prefabs/OVRTrackedKeyboard/OVRTrackedKeyboard.prefab using Guid(e9c36ab6506ab5b4bb79e26e150c8b4c) Importer(815301076,1909f56bfc062723c751e8b465ee728b)  -> (artifact id: '8731914e09d6ad9943760e51fc80432f') in 0.018815 seconds 
========================================================================
Received Import Request.
  Time since last request: 0.000039 seconds.
  path: Assets/Oculus/SampleFramework/Usage/SharedAssets/Prefabs/OculusWoodBlockPf.prefab
  artifactKey: Guid(8ee9798876077ae49951b86fabc77fef) Importer(815301076,1909f56bfc062723c751e8b465ee728b)
Start importing Assets/Oculus/SampleFramework/Usage/SharedAssets/Prefabs/OculusWoodBlockPf.prefab using Guid(8ee9798876077ae49951b86fabc77fef) Importer(815301076,1909f56bfc062723c751e8b465ee728b)  -> (artifact id: 'e231e3181a05a3d9c987aaebd5d42791') in 0.067066 seconds 
========================================================================
Received Import Request.
  Time since last request: 0.000024 seconds.
  path: Assets/Oculus/Interaction/Runtime/Prefabs/Poke/PokeInteractable.prefab
  artifactKey: Guid(5fca3702cdf1a214a94e69dcfa704e17) Importer(815301076,1909f56bfc062723c751e8b465ee728b)
Start importing Assets/Oculus/Interaction/Runtime/Prefabs/Poke/PokeInteractable.prefab using Guid(5fca3702cdf1a214a94e69dcfa704e17) Importer(815301076,1909f56bfc062723c751e8b465ee728b)  -> (artifact id: '3d9fa9cea36dd2f387e1dc9ca2817536') in 0.025883 seconds 
========================================================================
Received Import Request.
  Time since last request: 0.000047 seconds.
  path: Assets/Oculus/Interaction/Samples/Audio/Prefabs/ObjectResizeDownAudio.prefab
  artifactKey: Guid(5e5f065a0da50174f930fd138f3751ab) Importer(815301076,1909f56bfc062723c751e8b465ee728b)
Start importing Assets/Oculus/Interaction/Samples/Audio/Prefabs/ObjectResizeDownAudio.prefab using Guid(5e5f065a0da50174f930fd138f3751ab) Importer(815301076,1909f56bfc062723c751e8b465ee728b)  -> (artifact id: 'a7a7ac5dfa330248c5d5aa8136b71194') in 0.012789 seconds 
========================================================================
Received Import Request.
  Time since last request: 0.000074 seconds.
  path: Assets/Oculus/Interaction/Samples/Audio/Prefabs/ObjectResizeUpAudio.prefab
  artifactKey: Guid(e35c14d64fd3af744baab6342ffa5d15) Importer(815301076,1909f56bfc062723c751e8b465ee728b)
Start importing Assets/Oculus/Interaction/Samples/Audio/Prefabs/ObjectResizeUpAudio.prefab using Guid(e35c14d64fd3af744baab6342ffa5d15) Importer(815301076,1909f56bfc062723c751e8b465ee728b)  -> (artifact id: '9af0c93cbb4782c9279054e29f04e617') in 0.013327 seconds 
========================================================================
Received Import Request.
  Time since last request: 0.000029 seconds.
  path: Assets/Oculus/VR/Prefabs/OVRHandPrefab.prefab
  artifactKey: Guid(835e735ca71bf78459fb2cababd74112) Importer(815301076,1909f56bfc062723c751e8b465ee728b)
Start importing Assets/Oculus/VR/Prefabs/OVRHandPrefab.prefab using Guid(835e735ca71bf78459fb2cababd74112) Importer(815301076,1909f56bfc062723c751e8b465ee728b)  -> (artifact id: '178a606ae284dbb040b01ea86139a594') in 0.009057 seconds 
========================================================================
Received Import Request.
  Time since last request: 0.000025 seconds.
  path: Assets/Oculus/Interaction/Samples/Audio/Prefabs/ObjectPhysicsImpactHard.prefab
  artifactKey: Guid(587a377cccd931246a8bc5bf692429c6) Importer(815301076,1909f56bfc062723c751e8b465ee728b)
Start importing Assets/Oculus/Interaction/Samples/Audio/Prefabs/ObjectPhysicsImpactHard.prefab using Guid(587a377cccd931246a8bc5bf692429c6) Importer(815301076,1909f56bfc062723c751e8b465ee728b)  -> (artifact id: '95d6140d56906b575f10f1691603db1e') in 0.013377 seconds 
========================================================================
Received Import Request.
  Time since last request: 0.000031 seconds.
  path: Assets/Oculus/Interaction/Samples/Audio/Prefabs/PoseDetectionThumbsDownAudio.prefab
  artifactKey: Guid(554df53d5e174184cb1e009b3d76cffe) Importer(815301076,1909f56bfc062723c751e8b465ee728b)
Start importing Assets/Oculus/Interaction/Samples/Audio/Prefabs/PoseDetectionThumbsDownAudio.prefab using Guid(554df53d5e174184cb1e009b3d76cffe) Importer(815301076,1909f56bfc062723c751e8b465ee728b)  -> (artifact id: 'b24d7022cce2235db3389224cca8724a') in 0.007311 seconds 
========================================================================
Received Import Request.
  Time since last request: 0.000017 seconds.
  path: Assets/Oculus/Interaction/Samples/Prefabs/HandPose/RockPose.prefab
  artifactKey: Guid(3ac7f33474277cc4598513c999a34088) Importer(815301076,1909f56bfc062723c751e8b465ee728b)
Start importing Assets/Oculus/Interaction/Samples/Prefabs/HandPose/RockPose.prefab using Guid(3ac7f33474277cc4598513c999a34088) Importer(815301076,1909f56bfc062723c751e8b465ee728b)  -> (artifact id: '175727840a83e5f2210dc166a002e8fd') in 0.012121 seconds 
========================================================================
Received Import Request.
  Time since last request: 0.000027 seconds.
  path: Assets/Oculus/Interaction/Samples/Prefabs/HandPose/StopPose.prefab
  artifactKey: Guid(0e1b2ff3bedb5c0498180178216f13d0) Importer(815301076,1909f56bfc062723c751e8b465ee728b)
Start importing Assets/Oculus/Interaction/Samples/Prefabs/HandPose/StopPose.prefab using Guid(0e1b2ff3bedb5c0498180178216f13d0) Importer(815301076,1909f56bfc062723c751e8b465ee728b)  -> (artifact id: 'fc6cd666161661c01d1c803446d80dd4') in 0.009158 seconds 
========================================================================
Received Import Request.
  Time since last request: 0.000024 seconds.
  path: Assets/Oculus/SampleFramework/Usage/Locomotion/Prefabs/SunkenWallsPf.prefab
  artifactKey: Guid(12d2a5f045e39454692a25cb3c3b769f) Importer(815301076,1909f56bfc062723c751e8b465ee728b)
Start importing Assets/Oculus/SampleFramework/Usage/Locomotion/Prefabs/SunkenWallsPf.prefab using Guid(12d2a5f045e39454692a25cb3c3b769f) Importer(815301076,1909f56bfc062723c751e8b465ee728b)  -> (artifact id: '2f6e7fc343960b3641fcf3daef237d08') in 0.329347 seconds 
========================================================================
Received Import Request.
  Time since last request: 0.000055 seconds.
  path: Assets/Oculus/Interaction/Samples/Prefabs/HandPose/ThumbsDownPose.prefab
  artifactKey: Guid(9aad0b0f82ec58545815dcc7ec71a058) Importer(815301076,1909f56bfc062723c751e8b465ee728b)
Start importing Assets/Oculus/Interaction/Samples/Prefabs/HandPose/ThumbsDownPose.prefab using Guid(9aad0b0f82ec58545815dcc7ec71a058) Importer(815301076,1909f56bfc062723c751e8b465ee728b)  -> (artifact id: '0f161f84f1f6d352c0e0f2b66134fca2') in 0.010979 seconds 
========================================================================
Received Import Request.
  Time since last request: 0.000032 seconds.
  path: Assets/Oculus/SampleFramework/Usage/TouchPro/Prefabs/Ui/UiPanelPf (SceneMenu).prefab
  artifactKey: Guid(4c87b8ba85296774fa0da11db5282f2d) Importer(815301076,1909f56bfc062723c751e8b465ee728b)
Start importing Assets/Oculus/SampleFramework/Usage/TouchPro/Prefabs/Ui/UiPanelPf (SceneMenu).prefab using Guid(4c87b8ba85296774fa0da11db5282f2d) Importer(815301076,1909f56bfc062723c751e8b465ee728b)  -> (artifact id: '667c455a564aa2e8aa0e359e1a9261c5') in 0.009357 seconds 
========================================================================
Received Import Request.
  Time since last request: 0.000023 seconds.
  path: Assets/Oculus/SampleFramework/Usage/Locomotion/Prefabs/TunnelObjectsPf.prefab
  artifactKey: Guid(871334f38d7e24be0a6c12be1708ad28) Importer(815301076,1909f56bfc062723c751e8b465ee728b)
Start importing Assets/Oculus/SampleFramework/Usage/Locomotion/Prefabs/TunnelObjectsPf.prefab using Guid(871334f38d7e24be0a6c12be1708ad28) Importer(815301076,1909f56bfc062723c751e8b465ee728b)  -> (artifact id: 'd1119fda49d04cf11ed10d590cc20640') in 0.102056 seconds 
========================================================================
Received Import Request.
  Time since last request: 0.000026 seconds.
  path: Assets/Oculus/Interaction/OVRIntegration/Runtime/Prefabs/HandGrab/Ghost-RightHand.prefab
  artifactKey: Guid(4170d4d20a9b6034a88d89a71c2e0828) Importer(815301076,1909f56bfc062723c751e8b465ee728b)
Start importing Assets/Oculus/Interaction/OVRIntegration/Runtime/Prefabs/HandGrab/Ghost-RightHand.prefab using Guid(4170d4d20a9b6034a88d89a71c2e0828) Importer(815301076,1909f56bfc062723c751e8b465ee728b)  -> (artifact id: '7a57db4325349d473ea37ce1f03a9bab') in 0.025513 seconds 
========================================================================
Received Import Request.
  Time since last request: 0.000025 seconds.
  path: Assets/Oculus/Interaction/Runtime/Prefabs/Debug/HandShapeDebugVisual.prefab
  artifactKey: Guid(b9f92cc57e42b0f4fb1b6ed7c31feab1) Importer(815301076,1909f56bfc062723c751e8b465ee728b)
Start importing Assets/Oculus/Interaction/Runtime/Prefabs/Debug/HandShapeDebugVisual.prefab using Guid(b9f92cc57e42b0f4fb1b6ed7c31feab1) Importer(815301076,1909f56bfc062723c751e8b465ee728b)  -> (artifact id: '40e95172e9b5960517cf58db016075d4') in 0.021649 seconds 
========================================================================
Received Import Request.
  Time since last request: 0.000026 seconds.
  path: Assets/Oculus/SampleFramework/Usage/SceneManager/Prefabs/FurniturePrefabs/WallPrefab.prefab
  artifactKey: Guid(d3d1448f3ff154440b5c5b19ba9235ea) Importer(815301076,1909f56bfc062723c751e8b465ee728b)
Start importing Assets/Oculus/SampleFramework/Usage/SceneManager/Prefabs/FurniturePrefabs/WallPrefab.prefab using Guid(d3d1448f3ff154440b5c5b19ba9235ea) Importer(815301076,1909f56bfc062723c751e8b465ee728b)  -> (artifact id: '600b31e9530d2dfc157a0b2db6438a40') in 0.020710 seconds 
========================================================================
Received Import Request.
  Time since last request: 0.000043 seconds.
  path: Assets/Oculus/Interaction/Samples/Objects/SmallRoom.prefab
  artifactKey: Guid(c19a2d64274b96e46aa2fae15534447c) Importer(815301076,1909f56bfc062723c751e8b465ee728b)
Start importing Assets/Oculus/Interaction/Samples/Objects/SmallRoom.prefab using Guid(c19a2d64274b96e46aa2fae15534447c) Importer(815301076,1909f56bfc062723c751e8b465ee728b)  -> (artifact id: '86d53b0083b7392bd3f5aa1e650cd37d') in 0.219376 seconds 
========================================================================
Received Import Request.
  Time since last request: 0.000027 seconds.
  path: Assets/Oculus/SampleFramework/Usage/SpatialAnchor/Prefabs/DemoAnchorPlacement.prefab
  artifactKey: Guid(bfee9d7faddbe8d40b04d370732cdb52) Importer(815301076,1909f56bfc062723c751e8b465ee728b)
Start importing Assets/Oculus/SampleFramework/Usage/SpatialAnchor/Prefabs/DemoAnchorPlacement.prefab using Guid(bfee9d7faddbe8d40b04d370732cdb52) Importer(815301076,1909f56bfc062723c751e8b465ee728b)  -> (artifact id: '6fa7302b2d3bcfc28c97830e338f7467') in 0.025726 seconds 
========================================================================
Received Import Request.
  Time since last request: 0.000035 seconds.
  path: Assets/Oculus/Interaction/OVRIntegration/Runtime/Prefabs/OVRHands.prefab
  artifactKey: Guid(ea16c3c8c1688234fa81a4f39339bf1b) Importer(815301076,1909f56bfc062723c751e8b465ee728b)
Start importing Assets/Oculus/Interaction/OVRIntegration/Runtime/Prefabs/OVRHands.prefab using Guid(ea16c3c8c1688234fa81a4f39339bf1b) Importer(815301076,1909f56bfc062723c751e8b465ee728b)  -> (artifact id: '91ae39028d57d89185e137f8e3152bff') in 0.035777 seconds 
========================================================================
Received Import Request.
  Time since last request: 0.000020 seconds.
  path: Assets/Oculus/SampleFramework/Usage/HandsTrainExample/Prefabs/Train.prefab
  artifactKey: Guid(4d567a62afb480c49a270e0e4ea252d0) Importer(815301076,1909f56bfc062723c751e8b465ee728b)
Start importing Assets/Oculus/SampleFramework/Usage/HandsTrainExample/Prefabs/Train.prefab using Guid(4d567a62afb480c49a270e0e4ea252d0) Importer(815301076,1909f56bfc062723c751e8b465ee728b)  -> (artifact id: 'abc5a4c13701004a6656e1e250a4ce54') in 0.170070 seconds 
========================================================================
Received Import Request.
  Time since last request: 0.000026 seconds.
  path: Assets/Oculus/Interaction/Samples/Audio/Prefabs/PoseDetectionStopAudio.prefab
  artifactKey: Guid(743e832a8bb6eb947a426d4eea3d4179) Importer(815301076,1909f56bfc062723c751e8b465ee728b)
Start importing Assets/Oculus/Interaction/Samples/Audio/Prefabs/PoseDetectionStopAudio.prefab using Guid(743e832a8bb6eb947a426d4eea3d4179) Importer(815301076,1909f56bfc062723c751e8b465ee728b)  -> (artifact id: '2b633552f5ad32f08a532667ff9ec32e') in 0.006927 seconds 
========================================================================
Received Import Request.
  Time since last request: 0.000032 seconds.
  path: Assets/Oculus/Interaction/OVRIntegration/Runtime/Prefabs/OVRControllerVisual.prefab
  artifactKey: Guid(5eac3d02a7ebc7c4b9a0289fde0e0c82) Importer(815301076,1909f56bfc062723c751e8b465ee728b)
Start importing Assets/Oculus/Interaction/OVRIntegration/Runtime/Prefabs/OVRControllerVisual.prefab using Guid(5eac3d02a7ebc7c4b9a0289fde0e0c82) Importer(815301076,1909f56bfc062723c751e8b465ee728b)  -> (artifact id: '03565a89fb613ecae812cf0eb327835a') in 0.461374 seconds 
========================================================================
Received Import Request.
  Time since last request: 0.000026 seconds.
  path: Assets/Oculus/Interaction/Samples/Objects/Props/PictureFrame/Picture.prefab
  artifactKey: Guid(730ed9695ae4941468b9c45a16b10fd8) Importer(815301076,1909f56bfc062723c751e8b465ee728b)
Start importing Assets/Oculus/Interaction/Samples/Objects/Props/PictureFrame/Picture.prefab using Guid(730ed9695ae4941468b9c45a16b10fd8) Importer(815301076,1909f56bfc062723c751e8b465ee728b)  -> (artifact id: '32e9e49462b4906b4e5eb124553b7dd9') in 0.010271 seconds 
========================================================================
Received Import Request.
  Time since last request: 0.000078 seconds.
  path: Assets/Oculus/SampleFramework/Usage/TouchPro/Prefabs/Ui/UiLabelPf.prefab
  artifactKey: Guid(d7b2f16bb17bd7e45b1b5759b2bcfbc5) Importer(815301076,1909f56bfc062723c751e8b465ee728b)
Start importing Assets/Oculus/SampleFramework/Usage/TouchPro/Prefabs/Ui/UiLabelPf.prefab using Guid(d7b2f16bb17bd7e45b1b5759b2bcfbc5) Importer(815301076,1909f56bfc062723c751e8b465ee728b)  -> (artifact id: 'dff8f323c2ab5482cf30acf1c46b681d') in 0.007002 seconds 
========================================================================
Received Import Request.
  Time since last request: 0.000056 seconds.
  path: Assets/Oculus/SampleFramework/Usage/SceneManager/Prefabs/PlaneMesh.prefab
  artifactKey: Guid(ed591fa88c6b209459875e7304638dd2) Importer(815301076,1909f56bfc062723c751e8b465ee728b)
Start importing Assets/Oculus/SampleFramework/Usage/SceneManager/Prefabs/PlaneMesh.prefab using Guid(ed591fa88c6b209459875e7304638dd2) Importer(815301076,1909f56bfc062723c751e8b465ee728b)  -> (artifact id: 'f76d7550d97ce9054ce4824e9aaf750a') in 0.018871 seconds 
========================================================================
Received Import Request.
  Time since last request: 0.000025 seconds.
  path: Assets/Oculus/Interaction/Samples/Objects/Props/StonePolyhedra/StoneTetrahedron.prefab
  artifactKey: Guid(31e61fab4487ba940a445bdfb90c53bb) Importer(815301076,1909f56bfc062723c751e8b465ee728b)
Start importing Assets/Oculus/Interaction/Samples/Objects/Props/StonePolyhedra/StoneTetrahedron.prefab using Guid(31e61fab4487ba940a445bdfb90c53bb) Importer(815301076,1909f56bfc062723c751e8b465ee728b)  -> (artifact id: '87b3721223700dea7eaa0fdd4bed6911') in 0.049089 seconds 
========================================================================
Received Import Request.
  Time since last request: 0.000032 seconds.
  path: Assets/Oculus/SampleFramework/Usage/TouchPro/Prefabs/Ui/UiPanelPf (Controls - SelfTracking).prefab
  artifactKey: Guid(e42a6f3d5305d4c41aa7cb12ed1addf4) Importer(815301076,1909f56bfc062723c751e8b465ee728b)
Start importing Assets/Oculus/SampleFramework/Usage/TouchPro/Prefabs/Ui/UiPanelPf (Controls - SelfTracking).prefab using Guid(e42a6f3d5305d4c41aa7cb12ed1addf4) Importer(815301076,1909f56bfc062723c751e8b465ee728b)  -> (artifact id: '04bc8cff9950f5da6c3fc8f45d35a77c') in 0.007762 seconds 
========================================================================
Received Import Request.
  Time since last request: 0.000035 seconds.
  path: Assets/Oculus/SampleFramework/Core/DebugUI/Prefabs/DebugRadio.prefab
  artifactKey: Guid(a508804a6c02d1c44885f209b9996929) Importer(815301076,1909f56bfc062723c751e8b465ee728b)
Start importing Assets/Oculus/SampleFramework/Core/DebugUI/Prefabs/DebugRadio.prefab using Guid(a508804a6c02d1c44885f209b9996929) Importer(815301076,1909f56bfc062723c751e8b465ee728b)  -> (artifact id: '778284cf5a04b019f223e475d1324286') in 0.013072 seconds 
========================================================================
Received Import Request.
  Time since last request: 0.000041 seconds.
  path: Assets/Oculus/SampleFramework/Usage/OVROverlay/Prefabs/OverlayUIGeometry.prefab
  artifactKey: Guid(4f915ed4cea2b674987bc3bae8ceeb86) Importer(815301076,1909f56bfc062723c751e8b465ee728b)
Start importing Assets/Oculus/SampleFramework/Usage/OVROverlay/Prefabs/OverlayUIGeometry.prefab using Guid(4f915ed4cea2b674987bc3bae8ceeb86) Importer(815301076,1909f56bfc062723c751e8b465ee728b)  -> (artifact id: 'ee39454ae45a2b9ceb61dc9d54ab8711') in 0.059428 seconds 
========================================================================
Received Import Request.
  Time since last request: 0.000041 seconds.
  path: Assets/Oculus/SampleFramework/Usage/SceneManager/Prefabs/RoomLightPrefab.prefab
  artifactKey: Guid(931021efef836d04ebf007a05ec77da5) Importer(815301076,1909f56bfc062723c751e8b465ee728b)
Start importing Assets/Oculus/SampleFramework/Usage/SceneManager/Prefabs/RoomLightPrefab.prefab using Guid(931021efef836d04ebf007a05ec77da5) Importer(815301076,1909f56bfc062723c751e8b465ee728b)  -> (artifact id: '089ec920abdc2b0936cd79bfdeddbe3f') in 0.007603 seconds 
========================================================================
Received Import Request.
  Time since last request: 0.000029 seconds.
  path: Assets/Oculus/Interaction/Samples/Prefabs/DeprecatedSceneInfo.prefab
  artifactKey: Guid(20a1e5fad20085a48bd7b8e7fb549b93) Importer(815301076,1909f56bfc062723c751e8b465ee728b)
Start importing Assets/Oculus/Interaction/Samples/Prefabs/DeprecatedSceneInfo.prefab using Guid(20a1e5fad20085a48bd7b8e7fb549b93) Importer(815301076,1909f56bfc062723c751e8b465ee728b)  -> (artifact id: '37444896222c7b3a6e925cbedad96a74') in 0.024614 seconds 
========================================================================
Received Import Request.
  Time since last request: 0.000020 seconds.
  path: Assets/Oculus/SampleFramework/Core/DebugUI/Prefabs/DebugLabel.prefab
  artifactKey: Guid(b70f270c689802248940829a132bb9cc) Importer(815301076,1909f56bfc062723c751e8b465ee728b)
Start importing Assets/Oculus/SampleFramework/Core/DebugUI/Prefabs/DebugLabel.prefab using Guid(b70f270c689802248940829a132bb9cc) Importer(815301076,1909f56bfc062723c751e8b465ee728b)  -> (artifact id: '3b01b4d61f3373045f8f37c578bd208b') in 0.006635 seconds 
========================================================================
Received Import Request.
  Time since last request: 0.000018 seconds.
  path: Assets/Oculus/SampleFramework/Usage/SharedAssets/Prefabs/ToyCubePf.prefab
  artifactKey: Guid(8dabe039502862549b63fa1157199b81) Importer(815301076,1909f56bfc062723c751e8b465ee728b)
Start importing Assets/Oculus/SampleFramework/Usage/SharedAssets/Prefabs/ToyCubePf.prefab using Guid(8dabe039502862549b63fa1157199b81) Importer(815301076,1909f56bfc062723c751e8b465ee728b)  -> (artifact id: '27bec9f1184a32fb5f00181e634945e5') in 0.017790 seconds 
========================================================================
Received Import Request.
  Time since last request: 0.000023 seconds.
  path: Assets/Oculus/SampleFramework/Core/TouchControllers/LeftControllerPf.prefab
  artifactKey: Guid(b10a4c7080e4e3c44bb60ffbaa5d0206) Importer(815301076,1909f56bfc062723c751e8b465ee728b)
Start importing Assets/Oculus/SampleFramework/Core/TouchControllers/LeftControllerPf.prefab using Guid(b10a4c7080e4e3c44bb60ffbaa5d0206) Importer(815301076,1909f56bfc062723c751e8b465ee728b)  -> (artifact id: '390b8cb479bcf0f26daa7910726558e4') in 0.112620 seconds 
========================================================================
Received Import Request.
  Time since last request: 0.000023 seconds.
  path: Assets/Oculus/Interaction/Samples/Audio/Prefabs/PoseDetectionScissorsAudio.prefab
  artifactKey: Guid(4ca0d7083f32f334b908e0a6b72aa2c8) Importer(815301076,1909f56bfc062723c751e8b465ee728b)
Start importing Assets/Oculus/Interaction/Samples/Audio/Prefabs/PoseDetectionScissorsAudio.prefab using Guid(4ca0d7083f32f334b908e0a6b72aa2c8) Importer(815301076,1909f56bfc062723c751e8b465ee728b)  -> (artifact id: '0db2e91dd8619701d65ee131effebac7') in 0.008167 seconds 
========================================================================
Received Import Request.
  Time since last request: 0.000023 seconds.
  path: Assets/Oculus/SampleFramework/Usage/SceneManager/Prefabs/FurniturePrefabs/WindowPrefab.prefab
  artifactKey: Guid(ea9dc18d693f4bc4180075631acbcf0e) Importer(815301076,1909f56bfc062723c751e8b465ee728b)
Start importing Assets/Oculus/SampleFramework/Usage/SceneManager/Prefabs/FurniturePrefabs/WindowPrefab.prefab using Guid(ea9dc18d693f4bc4180075631acbcf0e) Importer(815301076,1909f56bfc062723c751e8b465ee728b)  -> (artifact id: '1b7408145bda3831a7a89bb955259876') in 0.016179 seconds 
========================================================================
Received Import Request.
  Time since last request: 0.000031 seconds.
  path: Assets/Oculus/SampleFramework/Usage/HandsTrainExample/Prefabs/Windmill.prefab
  artifactKey: Guid(ea9f4525e71d0c44cb8b637506316a47) Importer(815301076,1909f56bfc062723c751e8b465ee728b)
Start importing Assets/Oculus/SampleFramework/Usage/HandsTrainExample/Prefabs/Windmill.prefab using Guid(ea9f4525e71d0c44cb8b637506316a47) Importer(815301076,1909f56bfc062723c751e8b465ee728b)  -> (artifact id: 'e25c0ca8c8f95e59397dc7806dc3fedd') in 0.100760 seconds 
========================================================================
Received Import Request.
  Time since last request: 0.000032 seconds.
  path: Assets/Oculus/SampleFramework/Usage/TouchPro/Prefabs/Ui/UiAxis1dInspectorPf.prefab
  artifactKey: Guid(f68c9906e47541d4788727341a012a42) Importer(815301076,1909f56bfc062723c751e8b465ee728b)
Start importing Assets/Oculus/SampleFramework/Usage/TouchPro/Prefabs/Ui/UiAxis1dInspectorPf.prefab using Guid(f68c9906e47541d4788727341a012a42) Importer(815301076,1909f56bfc062723c751e8b465ee728b)  -> (artifact id: '09951e3b3693446da932c7d08e9179c4') in 0.010049 seconds 
========================================================================
Received Import Request.
  Time since last request: 0.000029 seconds.
  path: Assets/Oculus/SampleFramework/Usage/HandsTrainExample/Prefabs/FarFieldItems.prefab
  artifactKey: Guid(b5f108437e187c84b8cb3e1ad45ff7cc) Importer(815301076,1909f56bfc062723c751e8b465ee728b)
Start importing Assets/Oculus/SampleFramework/Usage/HandsTrainExample/Prefabs/FarFieldItems.prefab using Guid(b5f108437e187c84b8cb3e1ad45ff7cc) Importer(815301076,1909f56bfc062723c751e8b465ee728b)  -> (artifact id: '707ba27b05ab9c4e3f891e03f7c31505') in 0.102072 seconds 
========================================================================
Received Import Request.
  Time since last request: 0.000026 seconds.
  path: Assets/Oculus/SampleFramework/Core/HandsInteraction/Prefabs/HandsManager.prefab
  artifactKey: Guid(cbdf09e3b0f1ac246914a74904002cb6) Importer(815301076,1909f56bfc062723c751e8b465ee728b)
Start importing Assets/Oculus/SampleFramework/Core/HandsInteraction/Prefabs/HandsManager.prefab using Guid(cbdf09e3b0f1ac246914a74904002cb6) Importer(815301076,1909f56bfc062723c751e8b465ee728b)  -> (artifact id: '1f7db92223b7f982d0217baa702e294f') in 0.009998 seconds 
========================================================================
Received Import Request.
  Time since last request: 0.000047 seconds.
  path: Assets/Oculus/SampleFramework/Core/Locomotion/PlayerController.prefab
  artifactKey: Guid(522b89d0f09cc834db5f015f40e578f3) Importer(815301076,1909f56bfc062723c751e8b465ee728b)
Start importing Assets/Oculus/SampleFramework/Core/Locomotion/PlayerController.prefab using Guid(522b89d0f09cc834db5f015f40e578f3) Importer(815301076,1909f56bfc062723c751e8b465ee728b)  -> (artifact id: '0990525ca5a51cece055f410fdd21f42') in 0.066531 seconds 
========================================================================
Received Import Request.
  Time since last request: 0.000022 seconds.
  path: Assets/Oculus/VR/Prefabs/OVRCustomHandPrefab_R.prefab
  artifactKey: Guid(e201a24a09e942042b93390d0444d728) Importer(815301076,1909f56bfc062723c751e8b465ee728b)
Start importing Assets/Oculus/VR/Prefabs/OVRCustomHandPrefab_R.prefab using Guid(e201a24a09e942042b93390d0444d728) Importer(815301076,1909f56bfc062723c751e8b465ee728b)  -> (artifact id: 'ae24dddd3d9d593f01df54db2f6691e8') in 0.020630 seconds 
========================================================================
Received Import Request.
  Time since last request: 0.000032 seconds.
  path: Assets/Oculus/Interaction/Samples/Prefabs/OculusInteractionSamplesRayCanvas.prefab
  artifactKey: Guid(afb1615dd3b243a449003594175d971a) Importer(815301076,1909f56bfc062723c751e8b465ee728b)
Start importing Assets/Oculus/Interaction/Samples/Prefabs/OculusInteractionSamplesRayCanvas.prefab using Guid(afb1615dd3b243a449003594175d971a) Importer(815301076,1909f56bfc062723c751e8b465ee728b)  -> (artifact id: 'fffcb355993c60e744d26b5f4c1c2c27') in 0.015228 seconds 
========================================================================
Received Import Request.
  Time since last request: 0.000025 seconds.
  path: Assets/Oculus/Interaction/Samples/Objects/Props/PictureFrame/PictureFrame.prefab
  artifactKey: Guid(146baf7aaccab2949a87118ab13da980) Importer(815301076,1909f56bfc062723c751e8b465ee728b)
Start importing Assets/Oculus/Interaction/Samples/Objects/Props/PictureFrame/PictureFrame.prefab using Guid(146baf7aaccab2949a87118ab13da980) Importer(815301076,1909f56bfc062723c751e8b465ee728b)  -> (artifact id: '7f758ec3963e14da216b8f201edd3b95') in 0.043126 seconds 
========================================================================
Received Import Request.
  Time since last request: 0.000057 seconds.
  path: Assets/Oculus/Interaction/Runtime/Prefabs/Debug/PointableDebugVisual.prefab
  artifactKey: Guid(edb63bed74183984992e5146f6e58bf4) Importer(815301076,1909f56bfc062723c751e8b465ee728b)
Start importing Assets/Oculus/Interaction/Runtime/Prefabs/Debug/PointableDebugVisual.prefab using Guid(edb63bed74183984992e5146f6e58bf4) Importer(815301076,1909f56bfc062723c751e8b465ee728b)  -> (artifact id: '26854cec6f1f4cd0d4eb5871e735df9e') in 0.010079 seconds 
========================================================================
Received Import Request.
  Time since last request: 0.000025 seconds.
  path: Assets/Oculus/SampleFramework/Usage/SharedAssets/Prefabs/TablePf.prefab
  artifactKey: Guid(ee58b044a94296f4b8b04a34dff2f933) Importer(815301076,1909f56bfc062723c751e8b465ee728b)
Start importing Assets/Oculus/SampleFramework/Usage/SharedAssets/Prefabs/TablePf.prefab using Guid(ee58b044a94296f4b8b04a34dff2f933) Importer(815301076,1909f56bfc062723c751e8b465ee728b)  -> (artifact id: '5329566343bf276beb530c3f1343a83b') in 0.182478 seconds 
========================================================================
Received Import Request.
  Time since last request: 0.000037 seconds.
  path: Assets/Oculus/Interaction/Runtime/Prefabs/DistanceHandGrab/Reticles/ReticleIcon.prefab
  artifactKey: Guid(e9dd25fe255d0dd4c9bb05c4e208bbf9) Importer(815301076,1909f56bfc062723c751e8b465ee728b)
Start importing Assets/Oculus/Interaction/Runtime/Prefabs/DistanceHandGrab/Reticles/ReticleIcon.prefab using Guid(e9dd25fe255d0dd4c9bb05c4e208bbf9) Importer(815301076,1909f56bfc062723c751e8b465ee728b)  -> (artifact id: '257748a91317eb0ea923c0927f81bd26') in 0.025806 seconds 
========================================================================
Received Import Request.
  Time since last request: 0.000019 seconds.
  path: Assets/Oculus/Interaction/OVRIntegration/Runtime/Prefabs/OVRControllerHands.prefab
  artifactKey: Guid(4c0ee7a14e52ba544b89c2f777670cca) Importer(815301076,1909f56bfc062723c751e8b465ee728b)
Start importing Assets/Oculus/Interaction/OVRIntegration/Runtime/Prefabs/OVRControllerHands.prefab using Guid(4c0ee7a14e52ba544b89c2f777670cca) Importer(815301076,1909f56bfc062723c751e8b465ee728b)  -> (artifact id: '8e316ee9b5d19721df59cb14bedb5bb2') in 0.081254 seconds 
========================================================================
Received Import Request.
  Time since last request: 0.000031 seconds.
  path: Assets/Oculus/Interaction/Samples/Prefabs/HandPose/PaperPose.prefab
  artifactKey: Guid(6c55e6853bbc1a6488fad71f420edffa) Importer(815301076,1909f56bfc062723c751e8b465ee728b)
Start importing Assets/Oculus/Interaction/Samples/Prefabs/HandPose/PaperPose.prefab using Guid(6c55e6853bbc1a6488fad71f420edffa) Importer(815301076,1909f56bfc062723c751e8b465ee728b)  -> (artifact id: '6336f8f1d991180b58cdafe66349d183') in 0.011201 seconds 
========================================================================
Received Import Request.
  Time since last request: 0.000046 seconds.
  path: Assets/Oculus/Interaction/Runtime/Prefabs/Locomotion/TeleportHotspot.prefab
  artifactKey: Guid(3181eb930f38eb7478bc2a19f785a48f) Importer(815301076,1909f56bfc062723c751e8b465ee728b)
Start importing Assets/Oculus/Interaction/Runtime/Prefabs/Locomotion/TeleportHotspot.prefab using Guid(3181eb930f38eb7478bc2a19f785a48f) Importer(815301076,1909f56bfc062723c751e8b465ee728b)  -> (artifact id: '0efbdcc5bf41bff688edc2b0367db94d') in 0.025970 seconds 
========================================================================
Received Import Request.
  Time since last request: 0.000046 seconds.
  path: Assets/Oculus/Platform/Samples/VrHoops/Prefabs/PlayerArea.prefab
  artifactKey: Guid(cf3f39c980574304d8f8817cd3dfa941) Importer(815301076,1909f56bfc062723c751e8b465ee728b)
Start importing Assets/Oculus/Platform/Samples/VrHoops/Prefabs/PlayerArea.prefab using Guid(cf3f39c980574304d8f8817cd3dfa941) Importer(815301076,1909f56bfc062723c751e8b465ee728b)  -> (artifact id: '11be7e182cc19b72656136c56257f106') in 0.017762 seconds 
========================================================================
Received Import Request.
  Time since last request: 0.000032 seconds.
  path: Assets/Oculus/SampleFramework/Usage/SceneManager/Prefabs/Plane.prefab
  artifactKey: Guid(df163d7030fc9c443b347acd2088480a) Importer(815301076,1909f56bfc062723c751e8b465ee728b)
Start importing Assets/Oculus/SampleFramework/Usage/SceneManager/Prefabs/Plane.prefab using Guid(df163d7030fc9c443b347acd2088480a) Importer(815301076,1909f56bfc062723c751e8b465ee728b)  -> (artifact id: '87fceff6debf5968116ee031e8e6e3b1') in 0.018117 seconds 
========================================================================
Received Import Request.
  Time since last request: 0.000058 seconds.
  path: Assets/Oculus/SampleFramework/Usage/SharedAssets/Prefabs/ToyT-BlockPf.prefab
  artifactKey: Guid(183e66643adc8de44a683b5c644181a8) Importer(815301076,1909f56bfc062723c751e8b465ee728b)
Start importing Assets/Oculus/SampleFramework/Usage/SharedAssets/Prefabs/ToyT-BlockPf.prefab using Guid(183e66643adc8de44a683b5c644181a8) Importer(815301076,1909f56bfc062723c751e8b465ee728b)  -> (artifact id: '47fde4862d33c4507e6a57db99dfe01d') in 0.021546 seconds 
========================================================================
Received Import Request.
  Time since last request: 0.000047 seconds.
  path: Assets/Oculus/Interaction/Samples/Prefabs/HandPose/ScissorsPose.prefab
  artifactKey: Guid(9de1955285a3aee4db01dfcd016da314) Importer(815301076,1909f56bfc062723c751e8b465ee728b)
Start importing Assets/Oculus/Interaction/Samples/Prefabs/HandPose/ScissorsPose.prefab using Guid(9de1955285a3aee4db01dfcd016da314) Importer(815301076,1909f56bfc062723c751e8b465ee728b)  -> (artifact id: 'a68dfc0dbacad3479ae5903a8fd7727b') in 0.010408 seconds 
========================================================================
Received Import Request.
  Time since last request: 0.000036 seconds.
  path: Assets/Oculus/Interaction/Samples/Objects/Environment/Locomotion/Prefabs/LocomotionEnvironment.prefab
  artifactKey: Guid(9ea3c3bd7f7fe1043a0bb52ecda39ce6) Importer(815301076,1909f56bfc062723c751e8b465ee728b)
Start importing Assets/Oculus/Interaction/Samples/Objects/Environment/Locomotion/Prefabs/LocomotionEnvironment.prefab using Guid(9ea3c3bd7f7fe1043a0bb52ecda39ce6) Importer(815301076,1909f56bfc062723c751e8b465ee728b)  -> (artifact id: 'ab0e4966b71e955d9ce55ce5ab799213') in 0.572526 seconds 
========================================================================
Received Import Request.
  Time since last request: 0.000035 seconds.
  path: Assets/Oculus/VR/Prefabs/OVRTrackedKeyboard/OVRHandMask_L.prefab
  artifactKey: Guid(9aaa891e0ba205049a65645fcd08743a) Importer(815301076,1909f56bfc062723c751e8b465ee728b)
Start importing Assets/Oculus/VR/Prefabs/OVRTrackedKeyboard/OVRHandMask_L.prefab using Guid(9aaa891e0ba205049a65645fcd08743a) Importer(815301076,1909f56bfc062723c751e8b465ee728b)  -> (artifact id: '1780bc06670a26f950be8a275ba1b6a1') in 0.053075 seconds 
========================================================================
Received Import Request.
  Time since last request: 0.000045 seconds.
  path: Assets/Oculus/SampleFramework/Usage/OVROverlay/Prefabs/WorldspaceUIGeometry.prefab
  artifactKey: Guid(fbf290ae4ef1a494789b2e442f170d24) Importer(815301076,1909f56bfc062723c751e8b465ee728b)
Start importing Assets/Oculus/SampleFramework/Usage/OVROverlay/Prefabs/WorldspaceUIGeometry.prefab using Guid(fbf290ae4ef1a494789b2e442f170d24) Importer(815301076,1909f56bfc062723c751e8b465ee728b)  -> (artifact id: 'ba6e799e386b041060c243d66680216e') in 0.047413 seconds 
========================================================================
Received Import Request.
  Time since last request: 0.000046 seconds.
  path: Assets/Oculus/Interaction/Runtime/Prefabs/HandGrab/HandGrabInteractable.prefab
  artifactKey: Guid(a7a283c538f526040acd7c29703dad02) Importer(815301076,1909f56bfc062723c751e8b465ee728b)
Start importing Assets/Oculus/Interaction/Runtime/Prefabs/HandGrab/HandGrabInteractable.prefab using Guid(a7a283c538f526040acd7c29703dad02) Importer(815301076,1909f56bfc062723c751e8b465ee728b)  -> (artifact id: 'b9f3f6f928a0baca13bfb0c49d8d794d') in 0.005559 seconds 
========================================================================
Received Import Request.
  Time since last request: 0.000027 seconds.
  path: Assets/Oculus/SampleFramework/Usage/AppDeeplink/UI/DebugTextField.prefab
  artifactKey: Guid(ad318b8a60c4f774cbbf0d9e4d4fcca9) Importer(815301076,1909f56bfc062723c751e8b465ee728b)
Start importing Assets/Oculus/SampleFramework/Usage/AppDeeplink/UI/DebugTextField.prefab using Guid(ad318b8a60c4f774cbbf0d9e4d4fcca9) Importer(815301076,1909f56bfc062723c751e8b465ee728b)  -> (artifact id: '3a23f6893d8131c5552a980e231b4963') in 0.008632 seconds 
========================================================================
Received Import Request.
  Time since last request: 0.000018 seconds.
  path: Assets/Oculus/Interaction/Runtime/Prefabs/DistanceHandGrab/Reticles/RightHandReticle.prefab
  artifactKey: Guid(868616af8391f7e4590189328af81942) Importer(815301076,1909f56bfc062723c751e8b465ee728b)
Start importing Assets/Oculus/Interaction/Runtime/Prefabs/DistanceHandGrab/Reticles/RightHandReticle.prefab using Guid(868616af8391f7e4590189328af81942) Importer(815301076,1909f56bfc062723c751e8b465ee728b)  -> (artifact id: '16de999be607bff71aba1bbf7521a944') in 0.004558 seconds 
========================================================================
Received Import Request.
  Time since last request: 0.000022 seconds.
  path: Assets/Oculus/LipSync/Prefabs/LipSyncMorphTarget_Female.prefab
  artifactKey: Guid(0d336f164a5a4454db3960b2f9fc7a85) Importer(815301076,1909f56bfc062723c751e8b465ee728b)
Start importing Assets/Oculus/LipSync/Prefabs/LipSyncMorphTarget_Female.prefab using Guid(0d336f164a5a4454db3960b2f9fc7a85) Importer(815301076,1909f56bfc062723c751e8b465ee728b)  -> (artifact id: '34d71218a7ee9245de0f709413f89d2e') in 0.230609 seconds 
========================================================================
Received Import Request.
  Time since last request: 0.000032 seconds.
  path: Assets/Oculus/SampleFramework/Core/HandsInteraction/Prefabs/FingerTipPokeToolMiddle.prefab
  artifactKey: Guid(fa0335bbc63fc1b46b9b6d2b41d39f6d) Importer(815301076,1909f56bfc062723c751e8b465ee728b)
Start importing Assets/Oculus/SampleFramework/Core/HandsInteraction/Prefabs/FingerTipPokeToolMiddle.prefab using Guid(fa0335bbc63fc1b46b9b6d2b41d39f6d) Importer(815301076,1909f56bfc062723c751e8b465ee728b)  -> (artifact id: 'd6ceff7ed3ba13306634c4a1c28ea14a') in 0.018622 seconds 
========================================================================
Received Import Request.
  Time since last request: 0.000131 seconds.
  path: Assets/Oculus/SampleFramework/Usage/DistanceGrab/Prefabs/OutlineItems/DistanceGrabBillardBall10Pf.prefab
  artifactKey: Guid(6163b6f161e808a42b2cd59a7ed32c34) Importer(815301076,1909f56bfc062723c751e8b465ee728b)
Start importing Assets/Oculus/SampleFramework/Usage/DistanceGrab/Prefabs/OutlineItems/DistanceGrabBillardBall10Pf.prefab using Guid(6163b6f161e808a42b2cd59a7ed32c34) Importer(815301076,1909f56bfc062723c751e8b465ee728b)  -> (artifact id: '61bf8fedfd6cc57687dde05929cbb193') in 0.025322 seconds 
========================================================================
Received Import Request.
  Time since last request: 0.000027 seconds.
  path: Assets/Oculus/SampleFramework/Usage/SceneManager/Prefabs/FurniturePrefabs/DeskPrefab.prefab
  artifactKey: Guid(9e3d47fa7d34b244db95a4f1e63c4d41) Importer(815301076,1909f56bfc062723c751e8b465ee728b)
Start importing Assets/Oculus/SampleFramework/Usage/SceneManager/Prefabs/FurniturePrefabs/DeskPrefab.prefab using Guid(9e3d47fa7d34b244db95a4f1e63c4d41) Importer(815301076,1909f56bfc062723c751e8b465ee728b)  -> (artifact id: '8aef5997e1e2ba937eefc08ca630f266') in 0.019730 seconds 
