Using pre-set license
Built from '2021.3/staging' branch; Version is '2021.3.20f1 (577897200b8b) revision 5732503'; Using compiler version '192829333'; Build Type 'Release'
OS: 'Windows 10  (10.0.19045) 64bit Enterprise' Language: 'en' Physical Memory: 16089 MB
BatchMode: 1, IsHumanControllingUs: 0, StartBugReporterOnCrash: 0, Is64bit: 1, IsPro: 1

COMMAND LINE ARGUMENTS:
C:\Program Files\Unity\Hub\Editor\2021.3.20f1\Editor\Unity.exe
-adb2
-batchMode
-noUpm
-name
AssetImportWorker1
-projectPath
C:/Users/2kz34/Desktop/FinalProject
-logFile
Logs/AssetImportWorker1.log
-srvPort
55862
Successfully changed project path to: C:/Users/2kz34/Desktop/FinalProject
C:/Users/2kz34/Desktop/FinalProject
[UnityMemory] Configuration Parameters - Can be set up in boot.config
    "memorysetup-bucket-allocator-granularity=16"
    "memorysetup-bucket-allocator-bucket-count=8"
    "memorysetup-bucket-allocator-block-size=33554432"
    "memorysetup-bucket-allocator-block-count=8"
    "memorysetup-main-allocator-block-size=16777216"
    "memorysetup-thread-allocator-block-size=16777216"
    "memorysetup-gfx-main-allocator-block-size=16777216"
    "memorysetup-gfx-thread-allocator-block-size=16777216"
    "memorysetup-cache-allocator-block-size=4194304"
    "memorysetup-typetree-allocator-block-size=2097152"
    "memorysetup-profiler-bucket-allocator-granularity=16"
    "memorysetup-profiler-bucket-allocator-bucket-count=8"
    "memorysetup-profiler-bucket-allocator-block-size=33554432"
    "memorysetup-profiler-bucket-allocator-block-count=8"
    "memorysetup-profiler-allocator-block-size=16777216"
    "memorysetup-profiler-editor-allocator-block-size=1048576"
    "memorysetup-temp-allocator-size-main=16777216"
    "memorysetup-job-temp-allocator-block-size=2097152"
    "memorysetup-job-temp-allocator-block-size-background=1048576"
    "memorysetup-job-temp-allocator-reduction-small-platforms=262144"
    "memorysetup-temp-allocator-size-background-worker=32768"
    "memorysetup-temp-allocator-size-job-worker=262144"
    "memorysetup-temp-allocator-size-preload-manager=33554432"
    "memorysetup-temp-allocator-size-nav-mesh-worker=65536"
    "memorysetup-temp-allocator-size-audio-worker=65536"
    "memorysetup-temp-allocator-size-cloud-worker=32768"
    "memorysetup-temp-allocator-size-gi-baking-worker=262144"
    "memorysetup-temp-allocator-size-gfx=262144"
Player connection [13916] Host "[IP] 10.105.11.237 [Port] 0 [Flags] 2 [Guid] 866026622 [EditorId] 866026622 [Version] 1048832 [Id] WindowsEditor(7,CA230D05) [Debug] 1 [PackageName] WindowsEditor [ProjectName] Editor" joined multi-casting on [225.0.0.222:54997]...

Player connection [13916] Host "[IP] 10.105.11.237 [Port] 0 [Flags] 2 [Guid] 866026622 [EditorId] 866026622 [Version] 1048832 [Id] WindowsEditor(7,CA230D05) [Debug] 1 [PackageName] WindowsEditor [ProjectName] Editor" joined alternative multi-casting on [225.0.0.222:34997]...

Refreshing native plugins compatible for Editor in 221.46 ms, found 14 plugins.
Preloading 1 native plugins for Editor in 1.31 ms.
Initialize engine version: 2021.3.20f1 (577897200b8b)
[Subsystems] Discovering subsystems at path C:/Program Files/Unity/Hub/Editor/2021.3.20f1/Editor/Data/Resources/UnitySubsystems
[Subsystems] Discovering subsystems at path C:/Users/2kz34/Desktop/FinalProject/Assets
GfxDevice: creating device client; threaded=0; jobified=0
Direct3D:
    Version:  Direct3D 11.0 [level 11.1]
    Renderer: NVIDIA GeForce RTX 2060 (ID=0x1f08)
    Vendor:   NVIDIA
    VRAM:     5968 MB
    Driver:   31.0.15.3168
Shader 'Oculus/OVRMRCameraFrameLit': fallback shader 'Alpha-Diffuse' not found
Initialize mono
Mono path[0] = 'C:/Program Files/Unity/Hub/Editor/2021.3.20f1/Editor/Data/Managed'
Mono path[1] = 'C:/Program Files/Unity/Hub/Editor/2021.3.20f1/Editor/Data/MonoBleedingEdge/lib/mono/unityjit-win32'
Mono config path = 'C:/Program Files/Unity/Hub/Editor/2021.3.20f1/Editor/Data/MonoBleedingEdge/etc'
Using monoOptions --debugger-agent=transport=dt_socket,embedding=1,server=y,suspend=n,address=127.0.0.1:56140
Begin MonoManager ReloadAssembly
Registering precompiled unity dll's ...
Register platform support module: C:/Program Files/Unity/Hub/Editor/2021.3.20f1/Editor/Data/PlaybackEngines/WebGLSupport/UnityEditor.WebGL.Extensions.dll
Register platform support module: C:/Program Files/Unity/Hub/Editor/2021.3.20f1/Editor/Data/PlaybackEngines/AndroidPlayer/UnityEditor.Android.Extensions.dll
Register platform support module: C:/Program Files/Unity/Hub/Editor/2021.3.20f1/Editor/Data/PlaybackEngines/WindowsStandaloneSupport/UnityEditor.WindowsStandalone.Extensions.dll
Registered in 0.018990 seconds.
Native extension for WindowsStandalone target not found
Native extension for Android target not found
Android Extension - Scanning For ADB Devices 1571 ms
Native extension for WebGL target not found
Refreshing native plugins compatible for Editor in 161.17 ms, found 14 plugins.
Preloading 1 native plugins for Editor in 0.13 ms.
Mono: successfully reloaded assembly
- Completed reload, in  2.538 seconds
Domain Reload Profiling:
	ReloadAssembly (2538ms)
		BeginReloadAssembly (130ms)
			ExecutionOrderSort (0ms)
			DisableScriptedObjects (0ms)
			BackupInstance (0ms)
			ReleaseScriptingObjects (0ms)
			CreateAndSetChildDomain (1ms)
		EndReloadAssembly (2252ms)
			LoadAssemblies (124ms)
			RebuildTransferFunctionScriptingTraits (0ms)
			SetupTypeCache (148ms)
			ReleaseScriptCaches (0ms)
			RebuildScriptCaches (29ms)
			SetupLoadedEditorAssemblies (2000ms)
				LogAssemblyErrors (0ms)
				InitializePlatformSupportModulesInManaged (1677ms)
				SetLoadedEditorAssemblies (0ms)
				RefreshPlugins (162ms)
				BeforeProcessingInitializeOnLoad (2ms)
				ProcessInitializeOnLoadAttributes (104ms)
				ProcessInitializeOnLoadMethodAttributes (56ms)
				AfterProcessingInitializeOnLoad (0ms)
				EditorAssembliesLoaded (0ms)
			ExecutionOrderSort2 (0ms)
			AwakeInstancesAfterBackupRestoration (0ms)
Platform modules already initialized, skipping
Registering precompiled user dll's ...
Registered in 0.026262 seconds.
Begin MonoManager ReloadAssembly
Native extension for WindowsStandalone target not found
Native extension for Android target not found
Native extension for WebGL target not found
Refreshing native plugins compatible for Editor in 146.18 ms, found 14 plugins.
Preloading 1 native plugins for Editor in 0.10 ms.
Package Manager log level set to [2]
[XR] OculusXRPlugin: registering subsystems
[XR] Unable to register display lifecyle provider: [1]
[XR] Oculus Input lifecycle provider registered.
[XR] Unable to register input lifecyle provider: [1]
[XR] OVRP version 1.82.0
Mono: successfully reloaded assembly
- Completed reload, in  1.813 seconds
Domain Reload Profiling:
	ReloadAssembly (1815ms)
		BeginReloadAssembly (157ms)
			ExecutionOrderSort (0ms)
			DisableScriptedObjects (8ms)
			BackupInstance (0ms)
			ReleaseScriptingObjects (0ms)
			CreateAndSetChildDomain (23ms)
		EndReloadAssembly (1515ms)
			LoadAssemblies (158ms)
			RebuildTransferFunctionScriptingTraits (0ms)
			SetupTypeCache (410ms)
			ReleaseScriptCaches (1ms)
			RebuildScriptCaches (107ms)
			SetupLoadedEditorAssemblies (760ms)
				LogAssemblyErrors (0ms)
				InitializePlatformSupportModulesInManaged (21ms)
				SetLoadedEditorAssemblies (0ms)
				RefreshPlugins (147ms)
				BeforeProcessingInitializeOnLoad (126ms)
				ProcessInitializeOnLoadAttributes (414ms)
				ProcessInitializeOnLoadMethodAttributes (36ms)
				AfterProcessingInitializeOnLoad (16ms)
				EditorAssembliesLoaded (0ms)
			ExecutionOrderSort2 (0ms)
			AwakeInstancesAfterBackupRestoration (16ms)
Platform modules already initialized, skipping
========================================================================
Worker process is ready to serve import requests
Shader 'Oculus/OVRMRCameraFrameLit': fallback shader 'Alpha-Diffuse' not found
Launched and connected shader compiler UnityShaderCompiler.exe after 0.10 seconds
Refreshing native plugins compatible for Editor in 2.61 ms, found 14 plugins.
Preloading 1 native plugins for Editor in 0.17 ms.
Unloading 5387 Unused Serialized files (Serialized files now loaded: 0)
Unloading 84 unused Assets / (197.7 KB). Loaded Objects now: 5804.
Memory consumption went from 196.2 MB to 196.0 MB.
Total: 7.358200 ms (FindLiveObjects: 0.759300 ms CreateObjectMapping: 0.651200 ms MarkObjects: 5.538300 ms  DeleteObjects: 0.407500 ms)

AssetImportParameters requested are different than current active one (requested -> active):
  custom:video-decoder-ogg-theora: a1e56fd34408186e4bbccfd4996cb3dc -> 
  custom:container-muxer-webm: aa71ff27fc2769a1b78a27578f13a17b -> 
  custom:container-demuxer-webm: 4f35f7cbe854078d1ac9338744f61a02 -> 
  custom:video-encoder-webm-vp8: eb34c28f22e8b96e1ab97ce403110664 -> 
  custom:audio-encoder-webm-vorbis: bf7c407c2cedff20999df2af8eb42d56 -> 
  custom:framework-win-MediaFoundation: 216162199b28c13a410421893ffa2e32 -> 
  custom:container-demuxer-ogg: 62fdf1f143b41e24485cea50d1cbac27 -> 
  custom:video-decoder-webm-vp8: 9c59270c3fd7afecdb556c50c9e8de78 -> 
  custom:audio-decoder-ogg-vorbis: bf7c407c2cedff20999df2af8eb42d56 -> 
========================================================================
Received Import Request.
  Time since last request: 93589.585203 seconds.
  path: Assets/Oculus/Interaction/Samples/Audio/Prefabs/BasicGesturesSwipeAudio.prefab
  artifactKey: Guid(87f21855284871e4aa142d376bd8f2ab) Importer(815301076,1909f56bfc062723c751e8b465ee728b)
Start importing Assets/Oculus/Interaction/Samples/Audio/Prefabs/BasicGesturesSwipeAudio.prefab using Guid(87f21855284871e4aa142d376bd8f2ab) Importer(815301076,1909f56bfc062723c751e8b465ee728b)  -> (artifact id: '0f39f5ee2d53771b0c951b9cd1692b36') in 0.107168 seconds 
========================================================================
Received Import Request.
  Time since last request: 0.000036 seconds.
  path: Assets/Oculus/Interaction/Samples/Audio/Prefabs/BasicPokeCanvasNoOpAudio.prefab
  artifactKey: Guid(a9f06a12402a7514ab2b24bf280292cf) Importer(815301076,1909f56bfc062723c751e8b465ee728b)
Start importing Assets/Oculus/Interaction/Samples/Audio/Prefabs/BasicPokeCanvasNoOpAudio.prefab using Guid(a9f06a12402a7514ab2b24bf280292cf) Importer(815301076,1909f56bfc062723c751e8b465ee728b)  -> (artifact id: '59dcbd9e83556c1e1ab4aa99f84f98a9') in 0.011413 seconds 
========================================================================
Received Import Request.
  Time since last request: 0.000048 seconds.
  path: Assets/Oculus/SampleFramework/Usage/Locomotion/Prefabs/BlockStepsPf.prefab
  artifactKey: Guid(fd005ef3a3dfd4934abbc1f8924bcabb) Importer(815301076,1909f56bfc062723c751e8b465ee728b)
Start importing Assets/Oculus/SampleFramework/Usage/Locomotion/Prefabs/BlockStepsPf.prefab using Guid(fd005ef3a3dfd4934abbc1f8924bcabb) Importer(815301076,1909f56bfc062723c751e8b465ee728b)  -> (artifact id: '8cf058e16c4be538df53001e8b17359c') in 0.157314 seconds 
========================================================================
Received Import Request.
  Time since last request: 0.000025 seconds.
  path: Assets/Oculus/Interaction/Samples/Audio/Prefabs/ComplexGrabPinReleaseAudio.prefab
  artifactKey: Guid(1dd2ef34e70eb5b4fa2185b3d1481fc6) Importer(815301076,1909f56bfc062723c751e8b465ee728b)
Start importing Assets/Oculus/Interaction/Samples/Audio/Prefabs/ComplexGrabPinReleaseAudio.prefab using Guid(1dd2ef34e70eb5b4fa2185b3d1481fc6) Importer(815301076,1909f56bfc062723c751e8b465ee728b)  -> (artifact id: '24ce7e006908e7436973490c910ae726') in 0.007012 seconds 
========================================================================
Received Import Request.
  Time since last request: 0.000049 seconds.
  path: Assets/Oculus/Interaction/Samples/Audio/Prefabs/BasicPokeButtonReleaseAudio.prefab
  artifactKey: Guid(347797637f5237c40b239ea44fef63f1) Importer(815301076,1909f56bfc062723c751e8b465ee728b)
Start importing Assets/Oculus/Interaction/Samples/Audio/Prefabs/BasicPokeButtonReleaseAudio.prefab using Guid(347797637f5237c40b239ea44fef63f1) Importer(815301076,1909f56bfc062723c751e8b465ee728b)  -> (artifact id: '1570c14444178303f468733516098bcb') in 0.005382 seconds 
========================================================================
Received Import Request.
  Time since last request: 0.000033 seconds.
  path: Assets/Oculus/Interaction/Samples/Objects/Props/BigStone/BigStone.prefab
  artifactKey: Guid(9c2d282813c94144c99c645bfff6bf63) Importer(815301076,1909f56bfc062723c751e8b465ee728b)
Start importing Assets/Oculus/Interaction/Samples/Objects/Props/BigStone/BigStone.prefab using Guid(9c2d282813c94144c99c645bfff6bf63) Importer(815301076,1909f56bfc062723c751e8b465ee728b)  -> (artifact id: '7d0d4751199aff4adf2bf9dd9d671010') in 0.054018 seconds 
========================================================================
Received Import Request.
  Time since last request: 0.000019 seconds.
  path: Assets/Oculus/Interaction/Samples/Audio/Prefabs/BasicGrabReleaseAudio.prefab
  artifactKey: Guid(4c10bc37c0e8b774387330f749138159) Importer(815301076,1909f56bfc062723c751e8b465ee728b)
Start importing Assets/Oculus/Interaction/Samples/Audio/Prefabs/BasicGrabReleaseAudio.prefab using Guid(4c10bc37c0e8b774387330f749138159) Importer(815301076,1909f56bfc062723c751e8b465ee728b)  -> (artifact id: 'd419dd37009172836417b3b9adf1aca1') in 0.006765 seconds 
========================================================================
Received Import Request.
  Time since last request: 0.000024 seconds.
  path: Assets/Oculus/Interaction/Samples/Objects/Environment/BasicPoseDetectionPoses.prefab
  artifactKey: Guid(48779c4e9105c1d4c986f52958bba9a3) Importer(815301076,1909f56bfc062723c751e8b465ee728b)
Start importing Assets/Oculus/Interaction/Samples/Objects/Environment/BasicPoseDetectionPoses.prefab using Guid(48779c4e9105c1d4c986f52958bba9a3) Importer(815301076,1909f56bfc062723c751e8b465ee728b)  -> (artifact id: '40a3ff6b4e189c08e17a3d281789f679') in 0.067960 seconds 
========================================================================
Received Import Request.
  Time since last request: 0.000020 seconds.
  path: Assets/Oculus/Interaction/Samples/Audio/Prefabs/ComplexGrabDollGrabAudio.prefab
  artifactKey: Guid(9fdd9006dc8671941ab523fa2e51e3a8) Importer(815301076,1909f56bfc062723c751e8b465ee728b)
Start importing Assets/Oculus/Interaction/Samples/Audio/Prefabs/ComplexGrabDollGrabAudio.prefab using Guid(9fdd9006dc8671941ab523fa2e51e3a8) Importer(815301076,1909f56bfc062723c751e8b465ee728b)  -> (artifact id: '775aacef6a8f82d76d420895b842ce39') in 0.006561 seconds 
========================================================================
Received Import Request.
  Time since last request: 0.000044 seconds.
  path: Assets/Oculus/Platform/Samples/VrHoops/Prefabs/Ball.prefab
  artifactKey: Guid(73ea9d6c6c3480147ba658fc59d0afa4) Importer(815301076,1909f56bfc062723c751e8b465ee728b)
Start importing Assets/Oculus/Platform/Samples/VrHoops/Prefabs/Ball.prefab using Guid(73ea9d6c6c3480147ba658fc59d0afa4) Importer(815301076,1909f56bfc062723c751e8b465ee728b)  -> (artifact id: '606c141beb014af2b33e001c6ca18a18') in 0.012289 seconds 
========================================================================
Received Import Request.
  Time since last request: 0.000038 seconds.
  path: Assets/Oculus/Interaction/Samples/Audio/Prefabs/BasicRayPressAudio.prefab
  artifactKey: Guid(0212822be96f68142aafa96fbc13bec0) Importer(815301076,1909f56bfc062723c751e8b465ee728b)
Start importing Assets/Oculus/Interaction/Samples/Audio/Prefabs/BasicRayPressAudio.prefab using Guid(0212822be96f68142aafa96fbc13bec0) Importer(815301076,1909f56bfc062723c751e8b465ee728b)  -> (artifact id: '6589a1622a96e91286a64469a84ca6eb') in 0.006955 seconds 
========================================================================
Received Import Request.
  Time since last request: 0.000039 seconds.
  path: Assets/Oculus/Interaction/Samples/Objects/Environment/BasicPoseExamples.prefab
  artifactKey: Guid(a823fe55a7107c04abd21f4ede9425b3) Importer(815301076,1909f56bfc062723c751e8b465ee728b)
Start importing Assets/Oculus/Interaction/Samples/Objects/Environment/BasicPoseExamples.prefab using Guid(a823fe55a7107c04abd21f4ede9425b3) Importer(815301076,1909f56bfc062723c751e8b465ee728b)  -> (artifact id: '911f0324fe7a382cbb0d674ca578041f') in 0.098431 seconds 
========================================================================
Received Import Request.
  Time since last request: 0.000021 seconds.
  path: Assets/Oculus/Interaction/Samples/Objects/Environment/BasicGrabInfoFrames.prefab
  artifactKey: Guid(5239d13158998b148b3e5a0c1de7c054) Importer(815301076,1909f56bfc062723c751e8b465ee728b)
Start importing Assets/Oculus/Interaction/Samples/Objects/Environment/BasicGrabInfoFrames.prefab using Guid(5239d13158998b148b3e5a0c1de7c054) Importer(815301076,1909f56bfc062723c751e8b465ee728b)  -> (artifact id: '41a27286eabf89b71b09cf69218223b9') in 0.033267 seconds 
========================================================================
Received Import Request.
  Time since last request: 0.000023 seconds.
  path: Assets/Oculus/SampleFramework/Usage/Locomotion/Prefabs/BridgePlatformPf.prefab
  artifactKey: Guid(d68710cb68b234fcdadef3ef873cd5c8) Importer(815301076,1909f56bfc062723c751e8b465ee728b)
Start importing Assets/Oculus/SampleFramework/Usage/Locomotion/Prefabs/BridgePlatformPf.prefab using Guid(d68710cb68b234fcdadef3ef873cd5c8) Importer(815301076,1909f56bfc062723c751e8b465ee728b)  -> (artifact id: '9ca7221ce9daf4b39e52a40c6af53245') in 0.062895 seconds 
========================================================================
Received Import Request.
  Time since last request: 0.000024 seconds.
  path: Assets/Oculus/Interaction/Samples/Audio/Prefabs/BasicPokeCanvasPressAudio.prefab
  artifactKey: Guid(13a74428dd920fd4797387cc4bb18321) Importer(815301076,1909f56bfc062723c751e8b465ee728b)
Start importing Assets/Oculus/Interaction/Samples/Audio/Prefabs/BasicPokeCanvasPressAudio.prefab using Guid(13a74428dd920fd4797387cc4bb18321) Importer(815301076,1909f56bfc062723c751e8b465ee728b)  -> (artifact id: 'a95bb0b969882d7b4b1a839024ecf81e') in 0.006749 seconds 
========================================================================
Received Import Request.
  Time since last request: 0.000035 seconds.
  path: Assets/Oculus/Interaction/Samples/Audio/Prefabs/ComplexGrabStoneReleaseAudio.prefab
  artifactKey: Guid(721e429017725a24fa6362e8d93267a2) Importer(815301076,1909f56bfc062723c751e8b465ee728b)
Start importing Assets/Oculus/Interaction/Samples/Audio/Prefabs/ComplexGrabStoneReleaseAudio.prefab using Guid(721e429017725a24fa6362e8d93267a2) Importer(815301076,1909f56bfc062723c751e8b465ee728b)  -> (artifact id: 'c952ec9c47f733363d6d073ec9d76aae') in 0.007745 seconds 
========================================================================
Received Import Request.
  Time since last request: 0.000053 seconds.
  path: Assets/Oculus/Interaction/Samples/Objects/Props/ChessPiece/ChessPiece.prefab
  artifactKey: Guid(5b2febef9538fb34e972bb0070c107a5) Importer(815301076,1909f56bfc062723c751e8b465ee728b)
Start importing Assets/Oculus/Interaction/Samples/Objects/Props/ChessPiece/ChessPiece.prefab using Guid(5b2febef9538fb34e972bb0070c107a5) Importer(815301076,1909f56bfc062723c751e8b465ee728b)  -> (artifact id: 'd98e834784915e60a386d6de8b551212') in 0.039976 seconds 
========================================================================
Received Prepare
Registering precompiled user dll's ...
Registered in 0.021256 seconds.
Begin MonoManager ReloadAssembly
Native extension for WindowsStandalone target not found
Native extension for Android target not found
Native extension for WebGL target not found
Refreshing native plugins compatible for Editor in 1.82 ms, found 14 plugins.
Preloading 1 native plugins for Editor in 0.21 ms.
[Package Manager] Server::EnsureServerProcessIsRunning -- launch failed, reason: Unity was launched with the -noUpm command-line argument
[Package Manager] Cannot connect to Unity Package Manager local server
[Package Manager] Server::EnsureServerProcessIsRunning -- launch failed, reason: Unity was launched with the -noUpm command-line argument
[Package Manager] Cannot connect to Unity Package Manager local server
[Package Manager] Server::EnsureServerProcessIsRunning -- launch failed, reason: Unity was launched with the -noUpm command-line argument
[Package Manager] Cannot connect to Unity Package Manager local server
[Package Manager] Server::EnsureServerProcessIsRunning -- launch failed, reason: Unity was launched with the -noUpm command-line argument
[Package Manager] Cannot connect to Unity Package Manager local server
Mono: successfully reloaded assembly
- Completed reload, in  1.543 seconds
Domain Reload Profiling:
	ReloadAssembly (1543ms)
		BeginReloadAssembly (203ms)
			ExecutionOrderSort (0ms)
			DisableScriptedObjects (4ms)
			BackupInstance (0ms)
			ReleaseScriptingObjects (0ms)
			CreateAndSetChildDomain (49ms)
		EndReloadAssembly (1218ms)
			LoadAssemblies (163ms)
			RebuildTransferFunctionScriptingTraits (0ms)
			SetupTypeCache (407ms)
			ReleaseScriptCaches (1ms)
			RebuildScriptCaches (46ms)
			SetupLoadedEditorAssemblies (524ms)
				LogAssemblyErrors (0ms)
				InitializePlatformSupportModulesInManaged (28ms)
				SetLoadedEditorAssemblies (0ms)
				RefreshPlugins (2ms)
				BeforeProcessingInitializeOnLoad (110ms)
				ProcessInitializeOnLoadAttributes (340ms)
				ProcessInitializeOnLoadMethodAttributes (27ms)
				AfterProcessingInitializeOnLoad (16ms)
				EditorAssembliesLoaded (0ms)
			ExecutionOrderSort2 (0ms)
			AwakeInstancesAfterBackupRestoration (15ms)
Platform modules already initialized, skipping
Shader 'Oculus/OVRMRCameraFrameLit': fallback shader 'Alpha-Diffuse' not found
Refreshing native plugins compatible for Editor in 31.09 ms, found 14 plugins.
Preloading 1 native plugins for Editor in 0.16 ms.
Unloading 5291 Unused Serialized files (Serialized files now loaded: 0)
Unloading 75 unused Assets / (187.8 KB). Loaded Objects now: 5821.
Memory consumption went from 205.2 MB to 205.0 MB.
Total: 7.702600 ms (FindLiveObjects: 1.284000 ms CreateObjectMapping: 0.791700 ms MarkObjects: 5.284600 ms  DeleteObjects: 0.340600 ms)

AssetImportParameters requested are different than current active one (requested -> active):
  custom:video-decoder-ogg-theora: a1e56fd34408186e4bbccfd4996cb3dc -> 
  custom:container-muxer-webm: aa71ff27fc2769a1b78a27578f13a17b -> 
  custom:container-demuxer-webm: 4f35f7cbe854078d1ac9338744f61a02 -> 
  custom:video-encoder-webm-vp8: eb34c28f22e8b96e1ab97ce403110664 -> 
  custom:audio-encoder-webm-vorbis: bf7c407c2cedff20999df2af8eb42d56 -> 
  custom:framework-win-MediaFoundation: 216162199b28c13a410421893ffa2e32 -> 
  custom:container-demuxer-ogg: 62fdf1f143b41e24485cea50d1cbac27 -> 
  custom:video-decoder-webm-vp8: 9c59270c3fd7afecdb556c50c9e8de78 -> 
  custom:audio-decoder-ogg-vorbis: bf7c407c2cedff20999df2af8eb42d56 -> 
========================================================================
Received Import Request.
  Time since last request: 35.207082 seconds.
  path: Assets/Oculus/Interaction/Runtime/Prefabs/Ray/ControllerRayInteractor.prefab
  artifactKey: Guid(44cf50d1a2e68b64791a3e3143ccda19) Importer(815301076,1909f56bfc062723c751e8b465ee728b)
Start importing Assets/Oculus/Interaction/Runtime/Prefabs/Ray/ControllerRayInteractor.prefab using Guid(44cf50d1a2e68b64791a3e3143ccda19) Importer(815301076,1909f56bfc062723c751e8b465ee728b)  -> (artifact id: 'c9c91f8d0f46a3ea35bfc8a11f83004b') in 0.084321 seconds 
========================================================================
Received Import Request.
  Time since last request: 0.000045 seconds.
  path: Assets/Oculus/Voice/Demo/Prefabs/Environment.prefab
  artifactKey: Guid(0381539164984dc4ca193f001869c526) Importer(815301076,1909f56bfc062723c751e8b465ee728b)
Start importing Assets/Oculus/Voice/Demo/Prefabs/Environment.prefab using Guid(0381539164984dc4ca193f001869c526) Importer(815301076,1909f56bfc062723c751e8b465ee728b)  -> (artifact id: '9ce1fdfaaeb3a6b7d374d6e36cc21cd9') in 0.006466 seconds 
========================================================================
Received Import Request.
  Time since last request: 0.000027 seconds.
  path: Assets/Oculus/SampleFramework/Usage/SceneManager/Prefabs/FurniturePrefabs/DoorPrefab.prefab
  artifactKey: Guid(803133f69c1b27047946a5c125b88814) Importer(815301076,1909f56bfc062723c751e8b465ee728b)
Start importing Assets/Oculus/SampleFramework/Usage/SceneManager/Prefabs/FurniturePrefabs/DoorPrefab.prefab using Guid(803133f69c1b27047946a5c125b88814) Importer(815301076,1909f56bfc062723c751e8b465ee728b)  -> (artifact id: '5427a8e23472135fb5a336c224fc77dc') in 0.029406 seconds 
========================================================================
Received Import Request.
  Time since last request: 0.000028 seconds.
  path: Assets/Oculus/SampleFramework/Usage/DistanceGrab/Prefabs/OutlineItems/DistanceGrabWoodBlockPf.prefab
  artifactKey: Guid(ea7023a21c9958f439273c740ffccda8) Importer(815301076,1909f56bfc062723c751e8b465ee728b)
Start importing Assets/Oculus/SampleFramework/Usage/DistanceGrab/Prefabs/OutlineItems/DistanceGrabWoodBlockPf.prefab using Guid(ea7023a21c9958f439273c740ffccda8) Importer(815301076,1909f56bfc062723c751e8b465ee728b)  -> (artifact id: '02b2d9cee865a4d2e14d3bf50e7769e4') in 0.041685 seconds 
========================================================================
Received Import Request.
  Time since last request: 0.000021 seconds.
  path: Assets/Oculus/SampleFramework/Core/HandsInteraction/Prefabs/FingerTipPokeToolIndex.prefab
  artifactKey: Guid(54e898404b081ae438d0b5d097aae07a) Importer(815301076,1909f56bfc062723c751e8b465ee728b)
Start importing Assets/Oculus/SampleFramework/Core/HandsInteraction/Prefabs/FingerTipPokeToolIndex.prefab using Guid(54e898404b081ae438d0b5d097aae07a) Importer(815301076,1909f56bfc062723c751e8b465ee728b)  -> (artifact id: '3c91996ea889416257b407ed5c200d2f') in 0.013576 seconds 
========================================================================
Received Import Request.
  Time since last request: 0.000022 seconds.
  path: Assets/Oculus/SampleFramework/Core/CustomHands/CustomHandRight.prefab
  artifactKey: Guid(ba1fa4a8c66106b4988c88fe4b8e8502) Importer(815301076,1909f56bfc062723c751e8b465ee728b)
Start importing Assets/Oculus/SampleFramework/Core/CustomHands/CustomHandRight.prefab using Guid(ba1fa4a8c66106b4988c88fe4b8e8502) Importer(815301076,1909f56bfc062723c751e8b465ee728b)  -> (artifact id: '1b66416e7d355ad1548330e2e48fbb78') in 0.040012 seconds 
========================================================================
Received Import Request.
  Time since last request: 0.000022 seconds.
  path: Assets/Oculus/SampleFramework/Usage/DistanceGrab/Prefabs/OutlineItems/DistanceGrabSoccerBallPf.prefab
  artifactKey: Guid(97f4a8d19ea425a47ae392bde7e260cb) Importer(815301076,1909f56bfc062723c751e8b465ee728b)
Start importing Assets/Oculus/SampleFramework/Usage/DistanceGrab/Prefabs/OutlineItems/DistanceGrabSoccerBallPf.prefab using Guid(97f4a8d19ea425a47ae392bde7e260cb) Importer(815301076,1909f56bfc062723c751e8b465ee728b)  -> (artifact id: '0f90239526d3926f05c76d1029369a27') in 0.019578 seconds 
========================================================================
Received Import Request.
  Time since last request: 0.000018 seconds.
  path: Assets/Oculus/Spatializer/scenes/Standard Assets/Character Controllers/First Person Controller.prefab
  artifactKey: Guid(9d4133d5d30b644bd87802a347eaccbe) Importer(815301076,1909f56bfc062723c751e8b465ee728b)
Start importing Assets/Oculus/Spatializer/scenes/Standard Assets/Character Controllers/First Person Controller.prefab using Guid(9d4133d5d30b644bd87802a347eaccbe) Importer(815301076,1909f56bfc062723c751e8b465ee728b)  -> (artifact id: '35d59944a936f0cc2fb36df0a5504e09') in 0.019268 seconds 
========================================================================
Received Import Request.
  Time since last request: 0.000077 seconds.
  path: Assets/Oculus/Interaction/Samples/Objects/Props/Doll/Doll.prefab
  artifactKey: Guid(835be4b0e9d0f4843a49e6d137aa7628) Importer(815301076,1909f56bfc062723c751e8b465ee728b)
Start importing Assets/Oculus/Interaction/Samples/Objects/Props/Doll/Doll.prefab using Guid(835be4b0e9d0f4843a49e6d137aa7628) Importer(815301076,1909f56bfc062723c751e8b465ee728b)  -> (artifact id: 'b4deae4d1c416d84ae4604ceb3eaaa90') in 0.063244 seconds 
========================================================================
Received Import Request.
  Time since last request: 0.000039 seconds.
  path: Assets/Oculus/SampleFramework/Core/CustomHands/Models/HandPoseDefaultPf.prefab
  artifactKey: Guid(35525acb4c3b75c4a8c4dc2c117427be) Importer(815301076,1909f56bfc062723c751e8b465ee728b)
Start importing Assets/Oculus/SampleFramework/Core/CustomHands/Models/HandPoseDefaultPf.prefab using Guid(35525acb4c3b75c4a8c4dc2c117427be) Importer(815301076,1909f56bfc062723c751e8b465ee728b)  -> (artifact id: '3315ef1135dc0a484dd915a73bc2eba8') in 0.005592 seconds 
========================================================================
Received Import Request.
  Time since last request: 0.000024 seconds.
  path: Assets/Oculus/Interaction/Samples/Objects/Environment/InfoFrame.prefab
  artifactKey: Guid(a8764922f3a9e1740b79346543e14f83) Importer(815301076,1909f56bfc062723c751e8b465ee728b)
Start importing Assets/Oculus/Interaction/Samples/Objects/Environment/InfoFrame.prefab using Guid(a8764922f3a9e1740b79346543e14f83) Importer(815301076,1909f56bfc062723c751e8b465ee728b)  -> (artifact id: '9eea16a6138097f537b43e15ab770960') in 0.069140 seconds 
========================================================================
Received Import Request.
  Time since last request: 0.000030 seconds.
  path: Assets/Oculus/SampleFramework/Core/HandsInteraction/Prefabs/InteractableToolsSDKDriver.prefab
  artifactKey: Guid(2ced187cdc1b6b94da2fd30a37e8bc41) Importer(815301076,1909f56bfc062723c751e8b465ee728b)
Start importing Assets/Oculus/SampleFramework/Core/HandsInteraction/Prefabs/InteractableToolsSDKDriver.prefab using Guid(2ced187cdc1b6b94da2fd30a37e8bc41) Importer(815301076,1909f56bfc062723c751e8b465ee728b)  -> (artifact id: '15fa7825fc0c39b47f8633d550d23b00') in 0.010508 seconds 
========================================================================
Received Import Request.
  Time since last request: 0.000018 seconds.
  path: Assets/Oculus/Platform/Samples/GroupPresenceSample/Prefabs/Group Presence Sample.prefab
  artifactKey: Guid(a7de3e5619aa4f94c86abdaa1aad343b) Importer(815301076,1909f56bfc062723c751e8b465ee728b)
Start importing Assets/Oculus/Platform/Samples/GroupPresenceSample/Prefabs/Group Presence Sample.prefab using Guid(a7de3e5619aa4f94c86abdaa1aad343b) Importer(815301076,1909f56bfc062723c751e8b465ee728b)  -> (artifact id: 'c638a616a63af484d8e99302ddcc666f') in 0.008363 seconds 
========================================================================
Received Import Request.
  Time since last request: 0.000029 seconds.
  path: Assets/Oculus/Interaction/Runtime/Prefabs/Hands/LeftHandSynthetic.prefab
  artifactKey: Guid(42051d7e5e153cb479292cecf7bafa25) Importer(815301076,1909f56bfc062723c751e8b465ee728b)
Start importing Assets/Oculus/Interaction/Runtime/Prefabs/Hands/LeftHandSynthetic.prefab using Guid(42051d7e5e153cb479292cecf7bafa25) Importer(815301076,1909f56bfc062723c751e8b465ee728b)  -> (artifact id: '013e52aaf5f8fea96be8920ec82240ed') in 0.012367 seconds 
========================================================================
Received Import Request.
  Time since last request: 0.000031 seconds.
  path: Assets/Oculus/Interaction/Runtime/Prefabs/Poke/HandPokeInteractor.prefab
  artifactKey: Guid(424c2298facd2bf419beffd69e8cc855) Importer(815301076,1909f56bfc062723c751e8b465ee728b)
Start importing Assets/Oculus/Interaction/Runtime/Prefabs/Poke/HandPokeInteractor.prefab using Guid(424c2298facd2bf419beffd69e8cc855) Importer(815301076,1909f56bfc062723c751e8b465ee728b)  -> (artifact id: 'c7c9a251a4fb8238b443f9f1f348ed68') in 0.007827 seconds 
========================================================================
Received Import Request.
  Time since last request: 0.000028 seconds.
  path: Assets/Oculus/Interaction/Runtime/Prefabs/Debug/HandShapeSkeletalDebugVisual.prefab
  artifactKey: Guid(4b8a7a9b6cd7ab64d8c0202c46aed437) Importer(815301076,1909f56bfc062723c751e8b465ee728b)
Start importing Assets/Oculus/Interaction/Runtime/Prefabs/Debug/HandShapeSkeletalDebugVisual.prefab using Guid(4b8a7a9b6cd7ab64d8c0202c46aed437) Importer(815301076,1909f56bfc062723c751e8b465ee728b)  -> (artifact id: 'e588b5f8bb806c52d6179b4ec1bc9815') in 0.006684 seconds 
========================================================================
Received Import Request.
  Time since last request: 0.000027 seconds.
  path: Assets/Oculus/SampleFramework/Usage/SceneManager/Prefabs/InvisibleVolume.prefab
  artifactKey: Guid(d9e6bf90859da5e4a99697b186a19545) Importer(815301076,1909f56bfc062723c751e8b465ee728b)
Start importing Assets/Oculus/SampleFramework/Usage/SceneManager/Prefabs/InvisibleVolume.prefab using Guid(d9e6bf90859da5e4a99697b186a19545) Importer(815301076,1909f56bfc062723c751e8b465ee728b)  -> (artifact id: 'e6a6cba706c7a5975155fd342f93eaf6') in 0.010971 seconds 
========================================================================
Received Import Request.
  Time since last request: 0.000026 seconds.
  path: Assets/Oculus/Interaction/Runtime/Prefabs/HandGrab/HandGrabInteractor.prefab
  artifactKey: Guid(885ecae56b16f13428a67de5ae482a72) Importer(815301076,1909f56bfc062723c751e8b465ee728b)
Start importing Assets/Oculus/Interaction/Runtime/Prefabs/HandGrab/HandGrabInteractor.prefab using Guid(885ecae56b16f13428a67de5ae482a72) Importer(815301076,1909f56bfc062723c751e8b465ee728b)  -> (artifact id: '8d051185188b1e0e7e6d44b2ae23fa4d') in 0.017187 seconds 
========================================================================
Received Import Request.
  Time since last request: 0.000037 seconds.
  path: Assets/Oculus/Interaction/Runtime/Prefabs/Debug/InteractableDebugVisual.prefab
  artifactKey: Guid(d8e7f9244f8318d4da7ca7c2f6a483db) Importer(815301076,1909f56bfc062723c751e8b465ee728b)
Start importing Assets/Oculus/Interaction/Runtime/Prefabs/Debug/InteractableDebugVisual.prefab using Guid(d8e7f9244f8318d4da7ca7c2f6a483db) Importer(815301076,1909f56bfc062723c751e8b465ee728b)  -> (artifact id: '50fa88850bf3ef0b7004aa4f30a9099a') in 0.012974 seconds 
========================================================================
Received Import Request.
  Time since last request: 0.000020 seconds.
  path: Assets/Oculus/Interaction/Runtime/Prefabs/Ray/HandRayInteractor.prefab
  artifactKey: Guid(d27ac1ffd4cdd7c40a39dcfa6012355c) Importer(815301076,1909f56bfc062723c751e8b465ee728b)
Start importing Assets/Oculus/Interaction/Runtime/Prefabs/Ray/HandRayInteractor.prefab using Guid(d27ac1ffd4cdd7c40a39dcfa6012355c) Importer(815301076,1909f56bfc062723c751e8b465ee728b)  -> (artifact id: 'a7314b7314e2901340678ce8a3298464') in 0.032734 seconds 
========================================================================
Received Import Request.
  Time since last request: 0.000020 seconds.
  path: Assets/Oculus/Interaction/Samples/Audio/Prefabs/ObjectPhysicsImpactSoft.prefab
  artifactKey: Guid(bdb40a95c243fcc429e6ff8bfeddcfb8) Importer(815301076,1909f56bfc062723c751e8b465ee728b)
Start importing Assets/Oculus/Interaction/Samples/Audio/Prefabs/ObjectPhysicsImpactSoft.prefab using Guid(bdb40a95c243fcc429e6ff8bfeddcfb8) Importer(815301076,1909f56bfc062723c751e8b465ee728b)  -> (artifact id: 'e15ddab20562cfd8c199238cb6dc7762') in 0.011758 seconds 
========================================================================
Received Import Request.
  Time since last request: 0.000017 seconds.
  path: Assets/Oculus/Interaction/Samples/Prefabs/OculusInteractionSamplePokeButton.prefab
  artifactKey: Guid(323cb65d2594c79499a11a99ff0fb347) Importer(815301076,1909f56bfc062723c751e8b465ee728b)
Start importing Assets/Oculus/Interaction/Samples/Prefabs/OculusInteractionSamplePokeButton.prefab using Guid(323cb65d2594c79499a11a99ff0fb347) Importer(815301076,1909f56bfc062723c751e8b465ee728b)  -> (artifact id: 'cd53288fb43c9b0ffdac51d9afc7c541') in 0.032968 seconds 
========================================================================
Received Import Request.
  Time since last request: 0.000024 seconds.
  path: Assets/Oculus/Interaction/OVRIntegration/Runtime/Prefabs/Hands/OVRFromLeftHandPrefab.prefab
  artifactKey: Guid(bf40bb80d130145429b3589de445204b) Importer(815301076,1909f56bfc062723c751e8b465ee728b)
Start importing Assets/Oculus/Interaction/OVRIntegration/Runtime/Prefabs/Hands/OVRFromLeftHandPrefab.prefab using Guid(bf40bb80d130145429b3589de445204b) Importer(815301076,1909f56bfc062723c751e8b465ee728b)  -> (artifact id: '46682f1fa87fe3fc53714b87f728e7eb') in 0.021220 seconds 
========================================================================
Received Import Request.
  Time since last request: 0.000058 seconds.
  path: Assets/Oculus/Interaction/OVRIntegration/Runtime/Prefabs/OVRInteraction.prefab
  artifactKey: Guid(2f94427b8dd14ea498fd92aee3ec9f0f) Importer(815301076,1909f56bfc062723c751e8b465ee728b)
Start importing Assets/Oculus/Interaction/OVRIntegration/Runtime/Prefabs/OVRInteraction.prefab using Guid(2f94427b8dd14ea498fd92aee3ec9f0f) Importer(815301076,1909f56bfc062723c751e8b465ee728b)  -> (artifact id: '8bcb3f1e74ece20550af7ab5c2cbc2e7') in 0.008717 seconds 
========================================================================
Received Import Request.
  Time since last request: 0.000025 seconds.
  path: Assets/Oculus/SampleFramework/Usage/HandsTrainExample/Prefabs/NearFieldItems.prefab
  artifactKey: Guid(ba81d7ad914d196478713b77b78ab653) Importer(815301076,1909f56bfc062723c751e8b465ee728b)
Start importing Assets/Oculus/SampleFramework/Usage/HandsTrainExample/Prefabs/NearFieldItems.prefab using Guid(ba81d7ad914d196478713b77b78ab653) Importer(815301076,1909f56bfc062723c751e8b465ee728b)  -> (artifact id: '6524def792fb56f76fa8361a2c874266') in 0.150604 seconds 
========================================================================
Received Import Request.
  Time since last request: 0.000032 seconds.
  path: Assets/Oculus/Interaction/OVRIntegration/Runtime/Prefabs/Hands/OVRRightHandVisual.prefab
  artifactKey: Guid(34a22dd67c1e5344591237fdd61e78ec) Importer(815301076,1909f56bfc062723c751e8b465ee728b)
Start importing Assets/Oculus/Interaction/OVRIntegration/Runtime/Prefabs/Hands/OVRRightHandVisual.prefab using Guid(34a22dd67c1e5344591237fdd61e78ec) Importer(815301076,1909f56bfc062723c751e8b465ee728b)  -> (artifact id: '98e9ac70b296cb55af833768158bb9a3') in 0.029220 seconds 
========================================================================
Received Import Request.
  Time since last request: 0.000040 seconds.
  path: Assets/Oculus/Interaction/OVRIntegration/Runtime/Prefabs/DistanceHandGrab/Reticles/OVRRightHandReticle.prefab
  artifactKey: Guid(9fa0825d6b962924e8124b0b7d0595f8) Importer(815301076,1909f56bfc062723c751e8b465ee728b)
Start importing Assets/Oculus/Interaction/OVRIntegration/Runtime/Prefabs/DistanceHandGrab/Reticles/OVRRightHandReticle.prefab using Guid(9fa0825d6b962924e8124b0b7d0595f8) Importer(815301076,1909f56bfc062723c751e8b465ee728b)  -> (artifact id: '7dc2830c63f2c007acd7077cac1d66b5') in 0.026276 seconds 
========================================================================
Received Import Request.
  Time since last request: 0.000032 seconds.
  path: Assets/Oculus/Interaction/Runtime/Prefabs/Hands/RightHandVisual.prefab
  artifactKey: Guid(68af3ca65203dda408ed2b00fe76c117) Importer(815301076,1909f56bfc062723c751e8b465ee728b)
Start importing Assets/Oculus/Interaction/Runtime/Prefabs/Hands/RightHandVisual.prefab using Guid(68af3ca65203dda408ed2b00fe76c117) Importer(815301076,1909f56bfc062723c751e8b465ee728b)  -> (artifact id: '6ab1b090d2b4c5693e78dab6ce9f6485') in 0.005110 seconds 
========================================================================
Received Import Request.
  Time since last request: 0.000024 seconds.
  path: Assets/Oculus/Interaction/Samples/Objects/Props/StonePolyhedra/StoneCube.prefab
  artifactKey: Guid(e3b826e8a7103bc49af231259b274c97) Importer(815301076,1909f56bfc062723c751e8b465ee728b)
Start importing Assets/Oculus/Interaction/Samples/Objects/Props/StonePolyhedra/StoneCube.prefab using Guid(e3b826e8a7103bc49af231259b274c97) Importer(815301076,1909f56bfc062723c751e8b465ee728b)  -> (artifact id: 'b8751af3124cbf55bc28cb3d1360fe1e') in 0.054258 seconds 
========================================================================
Received Import Request.
  Time since last request: 0.000022 seconds.
  path: Assets/Oculus/Interaction/Samples/Prefabs/HandGesture/SwipeForwardGesture.prefab
  artifactKey: Guid(740b5ee262c98df4381adba974c8f978) Importer(815301076,1909f56bfc062723c751e8b465ee728b)
Start importing Assets/Oculus/Interaction/Samples/Prefabs/HandGesture/SwipeForwardGesture.prefab using Guid(740b5ee262c98df4381adba974c8f978) Importer(815301076,1909f56bfc062723c751e8b465ee728b)  -> (artifact id: '87194a71a005ba5e4aa821d4ec3c6366') in 0.027337 seconds 
========================================================================
Received Import Request.
  Time since last request: 0.000081 seconds.
  path: Assets/Oculus/Interaction/Samples/Objects/Environment/Room/RoomEnvironment.prefab
  artifactKey: Guid(3925a8db7d2ff834f8485d72b7dd6701) Importer(815301076,1909f56bfc062723c751e8b465ee728b)
Start importing Assets/Oculus/Interaction/Samples/Objects/Environment/Room/RoomEnvironment.prefab using Guid(3925a8db7d2ff834f8485d72b7dd6701) Importer(815301076,1909f56bfc062723c751e8b465ee728b)  -> (artifact id: '4f5de74103606babd7826f9c52796375') in 0.328602 seconds 
========================================================================
Received Import Request.
  Time since last request: 0.000035 seconds.
  path: Assets/Oculus/Interaction/Runtime/Prefabs/Debug/TransformRecognizerDebugVisual.prefab
  artifactKey: Guid(1655dfcb8fc5f2b468db636edf92c279) Importer(815301076,1909f56bfc062723c751e8b465ee728b)
Start importing Assets/Oculus/Interaction/Runtime/Prefabs/Debug/TransformRecognizerDebugVisual.prefab using Guid(1655dfcb8fc5f2b468db636edf92c279) Importer(815301076,1909f56bfc062723c751e8b465ee728b)  -> (artifact id: '985704576909e424e0cd82c56d3205e5') in 0.015226 seconds 
========================================================================
Received Import Request.
  Time since last request: 0.000046 seconds.
  path: Assets/Oculus/SampleFramework/Usage/TouchPro/Prefabs/StylusTip/StylusTipPf.prefab
  artifactKey: Guid(8851c2fd403d17444a83e2f3fbdb4044) Importer(815301076,1909f56bfc062723c751e8b465ee728b)
Start importing Assets/Oculus/SampleFramework/Usage/TouchPro/Prefabs/StylusTip/StylusTipPf.prefab using Guid(8851c2fd403d17444a83e2f3fbdb4044) Importer(815301076,1909f56bfc062723c751e8b465ee728b)  -> (artifact id: '87191e6be7bf2f846158af918911fb77') in 0.022614 seconds 
========================================================================
Received Import Request.
  Time since last request: 0.000023 seconds.
  path: Assets/Oculus/SampleFramework/Core/Locomotion/TeleportDestination.prefab
  artifactKey: Guid(1b474618c4fc5f54e8a8b803c8352c7d) Importer(815301076,1909f56bfc062723c751e8b465ee728b)
Start importing Assets/Oculus/SampleFramework/Core/Locomotion/TeleportDestination.prefab using Guid(1b474618c4fc5f54e8a8b803c8352c7d) Importer(815301076,1909f56bfc062723c751e8b465ee728b)  -> (artifact id: 'd0aa16d4163aed532139f539712c839a') in 0.013457 seconds 
========================================================================
Received Import Request.
  Time since last request: 0.000019 seconds.
  path: Assets/Oculus/SampleFramework/Core/Locomotion/TeleportLaser.prefab
  artifactKey: Guid(95b2b00d2fc56fa4c806f2cda99f5f89) Importer(815301076,1909f56bfc062723c751e8b465ee728b)
Start importing Assets/Oculus/SampleFramework/Core/Locomotion/TeleportLaser.prefab using Guid(95b2b00d2fc56fa4c806f2cda99f5f89) Importer(815301076,1909f56bfc062723c751e8b465ee728b)  -> (artifact id: '27e7a3097aa9d24aa054e059c91f9b3a') in 0.013400 seconds 
========================================================================
Received Import Request.
  Time since last request: 0.000027 seconds.
  path: Assets/Oculus/Interaction/Samples/Objects/Environment/DistanceGrabInfoCards.prefab
  artifactKey: Guid(39d7bb953a67ea943a2dd67ff7b0549c) Importer(815301076,1909f56bfc062723c751e8b465ee728b)
Start importing Assets/Oculus/Interaction/Samples/Objects/Environment/DistanceGrabInfoCards.prefab using Guid(39d7bb953a67ea943a2dd67ff7b0549c) Importer(815301076,1909f56bfc062723c751e8b465ee728b)  -> (artifact id: '259b14224b056561585554461ee84f00') in 0.022989 seconds 
========================================================================
Received Import Request.
  Time since last request: 0.000027 seconds.
  path: Assets/Oculus/Interaction/Samples/Objects/Environment/MRDesk/Desk.prefab
  artifactKey: Guid(45d2d4e5a3d2fcd4aa2e59783c030364) Importer(815301076,1909f56bfc062723c751e8b465ee728b)
Start importing Assets/Oculus/Interaction/Samples/Objects/Environment/MRDesk/Desk.prefab using Guid(45d2d4e5a3d2fcd4aa2e59783c030364) Importer(815301076,1909f56bfc062723c751e8b465ee728b)  -> (artifact id: '36194d2c6f76c2b04d9fd48985e561fd') in 0.035770 seconds 
========================================================================
Received Import Request.
  Time since last request: 0.000026 seconds.
  path: Assets/Oculus/SampleFramework/Core/HandsInteraction/Prefabs/FingerTipPokeToolRing.prefab
  artifactKey: Guid(b6168aea9d5fbf2448d74ed414bdca3b) Importer(815301076,1909f56bfc062723c751e8b465ee728b)
Start importing Assets/Oculus/SampleFramework/Core/HandsInteraction/Prefabs/FingerTipPokeToolRing.prefab using Guid(b6168aea9d5fbf2448d74ed414bdca3b) Importer(815301076,1909f56bfc062723c751e8b465ee728b)  -> (artifact id: '066b0ba50082d74f1336220a6e8c120d') in 0.013340 seconds 
========================================================================
Received Import Request.
  Time since last request: 0.000028 seconds.
  path: Assets/Oculus/SampleFramework/Usage/SceneManager/Prefabs/SpawnablesVolume.prefab
  artifactKey: Guid(04649c951d07c7e4eb2b8611fcdb5daa) Importer(815301076,1909f56bfc062723c751e8b465ee728b)
Start importing Assets/Oculus/SampleFramework/Usage/SceneManager/Prefabs/SpawnablesVolume.prefab using Guid(04649c951d07c7e4eb2b8611fcdb5daa) Importer(815301076,1909f56bfc062723c751e8b465ee728b)  -> (artifact id: '7057a98446e45d19aca157df7fc5ab4c') in 0.011957 seconds 
========================================================================
Received Import Request.
  Time since last request: 0.000023 seconds.
  path: Assets/Oculus/Interaction/Samples/Prefabs/HandPose/ThumbsUpPose.prefab
  artifactKey: Guid(ce9491a5df028fd4ca0a5130dbaa4fec) Importer(815301076,1909f56bfc062723c751e8b465ee728b)
Start importing Assets/Oculus/Interaction/Samples/Prefabs/HandPose/ThumbsUpPose.prefab using Guid(ce9491a5df028fd4ca0a5130dbaa4fec) Importer(815301076,1909f56bfc062723c751e8b465ee728b)  -> (artifact id: 'd1bf44dea19a231d2cfa03b7127b5c7b') in 0.008273 seconds 
========================================================================
Received Import Request.
  Time since last request: 0.000024 seconds.
  path: Assets/Oculus/SampleFramework/Usage/DistanceGrab/Prefabs/DistanceGrabSquirtGunPf.prefab
  artifactKey: Guid(22b887b25a8d6409588281047bba5d66) Importer(815301076,1909f56bfc062723c751e8b465ee728b)
Start importing Assets/Oculus/SampleFramework/Usage/DistanceGrab/Prefabs/DistanceGrabSquirtGunPf.prefab using Guid(22b887b25a8d6409588281047bba5d66) Importer(815301076,1909f56bfc062723c751e8b465ee728b)  -> (artifact id: '4c1012726e2ecb23129ab1b1d3c4f71d') in 0.027686 seconds 
========================================================================
Received Import Request.
  Time since last request: 0.000062 seconds.
  path: Assets/Oculus/Interaction/Samples/Prefabs/OculusInteractionSamplesButtonMenu.prefab
  artifactKey: Guid(9fa307f5b777a3144a94cb355e43bf43) Importer(815301076,1909f56bfc062723c751e8b465ee728b)
Start importing Assets/Oculus/Interaction/Samples/Prefabs/OculusInteractionSamplesButtonMenu.prefab using Guid(9fa307f5b777a3144a94cb355e43bf43) Importer(815301076,1909f56bfc062723c751e8b465ee728b)  -> (artifact id: 'ab9bc1986265ac005e0b217f631604c8') in 0.070726 seconds 
========================================================================
Received Import Request.
  Time since last request: 0.000045 seconds.
  path: Assets/Oculus/SampleFramework/Core/DistanceGrab/Prefabs/DistanceGrabHandRight.prefab
  artifactKey: Guid(6fae51a9f4170334e8639e8dbfc0a54b) Importer(815301076,1909f56bfc062723c751e8b465ee728b)
Start importing Assets/Oculus/SampleFramework/Core/DistanceGrab/Prefabs/DistanceGrabHandRight.prefab using Guid(6fae51a9f4170334e8639e8dbfc0a54b) Importer(815301076,1909f56bfc062723c751e8b465ee728b)  -> (artifact id: 'b656ce6b7fa66780086fd93bb15c228b') in 0.035277 seconds 
========================================================================
Received Import Request.
  Time since last request: 0.000062 seconds.
  path: Assets/Oculus/VR/Prefabs/OVRRuntimeControllerPrefab.prefab
  artifactKey: Guid(d0abdd77712724b409bdd185b622ac7c) Importer(815301076,1909f56bfc062723c751e8b465ee728b)
Start importing Assets/Oculus/VR/Prefabs/OVRRuntimeControllerPrefab.prefab using Guid(d0abdd77712724b409bdd185b622ac7c) Importer(815301076,1909f56bfc062723c751e8b465ee728b)  -> (artifact id: 'def9d3b2fcbf4b67c850c25d85a4ea51') in 0.006325 seconds 
========================================================================
Received Import Request.
  Time since last request: 0.000028 seconds.
  path: Assets/Oculus/VR/Prefabs/OVRSceneManager.prefab
  artifactKey: Guid(c813208e672e3074bbe118e1a9ee94fd) Importer(815301076,1909f56bfc062723c751e8b465ee728b)
Start importing Assets/Oculus/VR/Prefabs/OVRSceneManager.prefab using Guid(c813208e672e3074bbe118e1a9ee94fd) Importer(815301076,1909f56bfc062723c751e8b465ee728b)  -> (artifact id: 'f12790e38c147baff02cf6ecb29016ca') in 0.008271 seconds 
========================================================================
Received Import Request.
  Time since last request: 0.000022 seconds.
  path: Assets/Oculus/Interaction/OVRIntegration/Runtime/Prefabs/Hands/OVRLeftHandSynthetic.prefab
  artifactKey: Guid(e7fbb376593cff24f9db4ecf8d465aaf) Importer(815301076,1909f56bfc062723c751e8b465ee728b)
Start importing Assets/Oculus/Interaction/OVRIntegration/Runtime/Prefabs/Hands/OVRLeftHandSynthetic.prefab using Guid(e7fbb376593cff24f9db4ecf8d465aaf) Importer(815301076,1909f56bfc062723c751e8b465ee728b)  -> (artifact id: '7bce5762546731265becc255744b850f') in 0.022736 seconds 
========================================================================
Received Import Request.
  Time since last request: 0.000020 seconds.
  path: Assets/Oculus/Interaction/Runtime/Prefabs/VelocityCalculators/HandVelocityCalculator.prefab
  artifactKey: Guid(2487a3ae4f1630d439ce4a3e9ac03c7b) Importer(815301076,1909f56bfc062723c751e8b465ee728b)
Start importing Assets/Oculus/Interaction/Runtime/Prefabs/VelocityCalculators/HandVelocityCalculator.prefab using Guid(2487a3ae4f1630d439ce4a3e9ac03c7b) Importer(815301076,1909f56bfc062723c751e8b465ee728b)  -> (artifact id: '1d7bc439d91b1bf5b4ed5c3e72a6dd34') in 0.008193 seconds 
========================================================================
Received Import Request.
  Time since last request: 0.000029 seconds.
  path: Assets/Oculus/SampleFramework/Usage/SceneManager/Prefabs/FurniturePrefabs/WallPlanePrefab.prefab
  artifactKey: Guid(0a4918c8a9406de44ae8fd4253c3d402) Importer(815301076,1909f56bfc062723c751e8b465ee728b)
Start importing Assets/Oculus/SampleFramework/Usage/SceneManager/Prefabs/FurniturePrefabs/WallPlanePrefab.prefab using Guid(0a4918c8a9406de44ae8fd4253c3d402) Importer(815301076,1909f56bfc062723c751e8b465ee728b)  -> (artifact id: '4a277c03b4e60349e163af5b879c92f9') in 0.020116 seconds 
========================================================================
Received Import Request.
  Time since last request: 0.000038 seconds.
  path: Assets/Oculus/SampleFramework/Usage/SharedAssets/Prefabs/ToyBallPf.prefab
  artifactKey: Guid(dfb657c044f8db24b9a7e3125379f040) Importer(815301076,1909f56bfc062723c751e8b465ee728b)
Start importing Assets/Oculus/SampleFramework/Usage/SharedAssets/Prefabs/ToyBallPf.prefab using Guid(dfb657c044f8db24b9a7e3125379f040) Importer(815301076,1909f56bfc062723c751e8b465ee728b)  -> (artifact id: '0e34102854dce9daed37b3dd45e848fe') in 0.017594 seconds 
========================================================================
Received Import Request.
  Time since last request: 0.000023 seconds.
  path: Assets/Oculus/Interaction/Samples/Objects/Props/Torch/Torch.prefab
  artifactKey: Guid(1d9de9ee96c2aac4ea3458b27855f24b) Importer(815301076,1909f56bfc062723c751e8b465ee728b)
Start importing Assets/Oculus/Interaction/Samples/Objects/Props/Torch/Torch.prefab using Guid(1d9de9ee96c2aac4ea3458b27855f24b) Importer(815301076,1909f56bfc062723c751e8b465ee728b)  -> (artifact id: '3e3c98f491962fbed16318f594fa8843') in 0.063805 seconds 
========================================================================
Received Import Request.
  Time since last request: 0.000025 seconds.
  path: Assets/Oculus/Interaction/Samples/Prefabs/OVRIntegration/Legacy/InteractionRigOVR-FullSynthetic.prefab
  artifactKey: Guid(d93b7e04b48cd7b4fa849695dba2ce9c) Importer(815301076,1909f56bfc062723c751e8b465ee728b)
Start importing Assets/Oculus/Interaction/Samples/Prefabs/OVRIntegration/Legacy/InteractionRigOVR-FullSynthetic.prefab using Guid(d93b7e04b48cd7b4fa849695dba2ce9c) Importer(815301076,1909f56bfc062723c751e8b465ee728b)  -> (artifact id: '3aa786b3939e494108388279443a1f42') in 0.121198 seconds 
========================================================================
Received Import Request.
  Time since last request: 0.000029 seconds.
  path: Assets/Oculus/Interaction/Runtime/Prefabs/UseGrab/HandGrabUseInteractor.prefab
  artifactKey: Guid(08b906731dd188743b93ecd58b159337) Importer(815301076,1909f56bfc062723c751e8b465ee728b)
Start importing Assets/Oculus/Interaction/Runtime/Prefabs/UseGrab/HandGrabUseInteractor.prefab using Guid(08b906731dd188743b93ecd58b159337) Importer(815301076,1909f56bfc062723c751e8b465ee728b)  -> (artifact id: '48f22adff8ff65ab997a52a26db65f4b') in 0.007971 seconds 
========================================================================
Received Import Request.
  Time since last request: 0.000040 seconds.
  path: Assets/Oculus/Interaction/Runtime/Prefabs/Locomotion/TeleportHotspot with ViewPoint.prefab
  artifactKey: Guid(9182fed62dbbec447a9b74fbb040b109) Importer(815301076,1909f56bfc062723c751e8b465ee728b)
Start importing Assets/Oculus/Interaction/Runtime/Prefabs/Locomotion/TeleportHotspot with ViewPoint.prefab using Guid(9182fed62dbbec447a9b74fbb040b109) Importer(815301076,1909f56bfc062723c751e8b465ee728b)  -> (artifact id: '47ef4678426fa4b45b3427ee496b7c67') in 0.030168 seconds 
========================================================================
Received Import Request.
  Time since last request: 0.000020 seconds.
  path: Assets/Oculus/Interaction/Samples/Objects/Props/StonePolyhedra/StoneDodecahedron.prefab
  artifactKey: Guid(b40c01843778b2446b1d3dcd5e5fdc8f) Importer(815301076,1909f56bfc062723c751e8b465ee728b)
Start importing Assets/Oculus/Interaction/Samples/Objects/Props/StonePolyhedra/StoneDodecahedron.prefab using Guid(b40c01843778b2446b1d3dcd5e5fdc8f) Importer(815301076,1909f56bfc062723c751e8b465ee728b)  -> (artifact id: '9de4097d2428949809983a5780979d0b') in 0.045027 seconds 
========================================================================
Received Import Request.
  Time since last request: 0.000022 seconds.
  path: Assets/Oculus/SampleFramework/Usage/HandsTrainExample/Prefabs/NearFieldButton.prefab
  artifactKey: Guid(344324b5dcda5b64f9655478dd2088a9) Importer(815301076,1909f56bfc062723c751e8b465ee728b)
Start importing Assets/Oculus/SampleFramework/Usage/HandsTrainExample/Prefabs/NearFieldButton.prefab using Guid(344324b5dcda5b64f9655478dd2088a9) Importer(815301076,1909f56bfc062723c751e8b465ee728b)  -> (artifact id: 'd4d0e33747dc77a932cda95faaa42405') in 0.092054 seconds 
========================================================================
Received Import Request.
  Time since last request: 0.000023 seconds.
  path: Assets/Oculus/VR/Prefabs/Cursor_Timer.prefab
  artifactKey: Guid(5a7682c244a150b49965c007720bdbb7) Importer(815301076,1909f56bfc062723c751e8b465ee728b)
Start importing Assets/Oculus/VR/Prefabs/Cursor_Timer.prefab using Guid(5a7682c244a150b49965c007720bdbb7) Importer(815301076,1909f56bfc062723c751e8b465ee728b)  -> (artifact id: 'c54ceb88e6b2950e77e9497da2e0e50a') in 0.018353 seconds 
========================================================================
Received Import Request.
  Time since last request: 0.000033 seconds.
  path: Assets/Oculus/Interaction/Samples/Prefabs/HandPose/FramePoseTwoHanded.prefab
  artifactKey: Guid(0abf62bb4de018a45bb3c5dc28e0e733) Importer(815301076,1909f56bfc062723c751e8b465ee728b)
Start importing Assets/Oculus/Interaction/Samples/Prefabs/HandPose/FramePoseTwoHanded.prefab using Guid(0abf62bb4de018a45bb3c5dc28e0e733) Importer(815301076,1909f56bfc062723c751e8b465ee728b)  -> (artifact id: '7a1a9d8910f4bf3d2504965c0a99dd60') in 0.008542 seconds 
========================================================================
Received Import Request.
  Time since last request: 0.000092 seconds.
  path: Assets/Oculus/Interaction/OVRIntegration/Runtime/Prefabs/OVRControllers.prefab
  artifactKey: Guid(fbfc588a949bb1a42b20e5bddc4cf8cf) Importer(815301076,1909f56bfc062723c751e8b465ee728b)
Start importing Assets/Oculus/Interaction/OVRIntegration/Runtime/Prefabs/OVRControllers.prefab using Guid(fbfc588a949bb1a42b20e5bddc4cf8cf) Importer(815301076,1909f56bfc062723c751e8b465ee728b)  -> (artifact id: 'd1129256b26289eb69a67d5df1e612c9') in 0.533298 seconds 
========================================================================
Received Import Request.
  Time since last request: 0.000023 seconds.
  path: Assets/Oculus/Interaction/OVRIntegration/Runtime/Prefabs/DistanceHandGrab/Reticles/OVRLeftHandReticle.prefab
  artifactKey: Guid(50be278e32a579c47934a40be20880df) Importer(815301076,1909f56bfc062723c751e8b465ee728b)
Start importing Assets/Oculus/Interaction/OVRIntegration/Runtime/Prefabs/DistanceHandGrab/Reticles/OVRLeftHandReticle.prefab using Guid(50be278e32a579c47934a40be20880df) Importer(815301076,1909f56bfc062723c751e8b465ee728b)  -> (artifact id: 'c1b8d56e66f539462001de930284cebf') in 0.031241 seconds 
========================================================================
Received Import Request.
  Time since last request: 0.000061 seconds.
  path: Assets/Oculus/SampleFramework/Core/TouchControllers/RightControllerPf.prefab
  artifactKey: Guid(fa4a34fb8bbe14649bca25aee46a5f4e) Importer(815301076,1909f56bfc062723c751e8b465ee728b)
Start importing Assets/Oculus/SampleFramework/Core/TouchControllers/RightControllerPf.prefab using Guid(fa4a34fb8bbe14649bca25aee46a5f4e) Importer(815301076,1909f56bfc062723c751e8b465ee728b)  -> (artifact id: 'd6f4af3c255049256ff17fcbe69f4cb3') in 0.114198 seconds 
========================================================================
Received Import Request.
  Time since last request: 0.000036 seconds.
  path: Assets/Oculus/Interaction/Runtime/Prefabs/Debug/TransformFeatureVectorDebugParentVisual.prefab
  artifactKey: Guid(5f611a36d70d46a4ba7f1233f9c4444e) Importer(815301076,1909f56bfc062723c751e8b465ee728b)
Start importing Assets/Oculus/Interaction/Runtime/Prefabs/Debug/TransformFeatureVectorDebugParentVisual.prefab using Guid(5f611a36d70d46a4ba7f1233f9c4444e) Importer(815301076,1909f56bfc062723c751e8b465ee728b)  -> (artifact id: '787eb6156594cd9d4b548ba3ab45e7ab') in 0.007252 seconds 
========================================================================
Received Import Request.
  Time since last request: 0.000034 seconds.
  path: Assets/Oculus/SampleFramework/Usage/SceneManager/Prefabs/Volume.prefab
  artifactKey: Guid(188ae2a2bba452f4cb5a74888bc63c20) Importer(815301076,1909f56bfc062723c751e8b465ee728b)
Start importing Assets/Oculus/SampleFramework/Usage/SceneManager/Prefabs/Volume.prefab using Guid(188ae2a2bba452f4cb5a74888bc63c20) Importer(815301076,1909f56bfc062723c751e8b465ee728b)  -> (artifact id: 'd56e3af4e75e393c30c2e343e5f79507') in 0.018495 seconds 
========================================================================
Received Import Request.
  Time since last request: 0.000035 seconds.
  path: Assets/Oculus/Interaction/OVRIntegration/Runtime/Prefabs/TouchHandGrab/OVRTouchHandGrabInteractor.prefab
  artifactKey: Guid(eacb945ff4b1f71479625dd1c973b0f2) Importer(815301076,1909f56bfc062723c751e8b465ee728b)
Start importing Assets/Oculus/Interaction/OVRIntegration/Runtime/Prefabs/TouchHandGrab/OVRTouchHandGrabInteractor.prefab using Guid(eacb945ff4b1f71479625dd1c973b0f2) Importer(815301076,1909f56bfc062723c751e8b465ee728b)  -> (artifact id: 'a8a8230a408055a5009695260bca5639') in 0.023270 seconds 
========================================================================
Received Import Request.
  Time since last request: 0.000054 seconds.
  path: Assets/Oculus/SampleFramework/Usage/TouchPro/Prefabs/SceneSettingsPf.prefab
  artifactKey: Guid(91d1086af687a1b4ba6b24b879290d7d) Importer(815301076,1909f56bfc062723c751e8b465ee728b)
Start importing Assets/Oculus/SampleFramework/Usage/TouchPro/Prefabs/SceneSettingsPf.prefab using Guid(91d1086af687a1b4ba6b24b879290d7d) Importer(815301076,1909f56bfc062723c751e8b465ee728b)  -> (artifact id: '11ec26ccd8344203a5d8cc4ecb90c3c2') in 0.005866 seconds 
========================================================================
Received Import Request.
  Time since last request: 0.000032 seconds.
  path: Assets/Oculus/Interaction/Samples/Objects/Props/IconBox/IconBox.prefab
  artifactKey: Guid(08bd653119f9db54fb91155eb09c459a) Importer(815301076,1909f56bfc062723c751e8b465ee728b)
Start importing Assets/Oculus/Interaction/Samples/Objects/Props/IconBox/IconBox.prefab using Guid(08bd653119f9db54fb91155eb09c459a) Importer(815301076,1909f56bfc062723c751e8b465ee728b)  -> (artifact id: 'f2b5c9f777995ef65a8c00849329e910') in 0.018571 seconds 
========================================================================
Received Import Request.
  Time since last request: 0.000031 seconds.
  path: Assets/Oculus/Platform/Samples/VrHoops/Prefabs/FlyText.prefab
  artifactKey: Guid(bb4775eb616604e329b92c1b4dfbaa5f) Importer(815301076,1909f56bfc062723c751e8b465ee728b)
Start importing Assets/Oculus/Platform/Samples/VrHoops/Prefabs/FlyText.prefab using Guid(bb4775eb616604e329b92c1b4dfbaa5f) Importer(815301076,1909f56bfc062723c751e8b465ee728b)  -> (artifact id: 'd8830eba8b1db19f714e1e4b16cf0892') in 0.007126 seconds 
========================================================================
Received Import Request.
  Time since last request: 0.000021 seconds.
  path: Assets/Oculus/SampleFramework/Usage/OVROverlay/Prefabs/OculusWoodBlockNoPhysPf.prefab
  artifactKey: Guid(70c07dd50d6ddb74fbfa78eccee120c5) Importer(815301076,1909f56bfc062723c751e8b465ee728b)
Start importing Assets/Oculus/SampleFramework/Usage/OVROverlay/Prefabs/OculusWoodBlockNoPhysPf.prefab using Guid(70c07dd50d6ddb74fbfa78eccee120c5) Importer(815301076,1909f56bfc062723c751e8b465ee728b)  -> (artifact id: '19562e7b1f60920405bc1eb7d062b65b') in 0.057983 seconds 
========================================================================
Received Import Request.
  Time since last request: 0.000022 seconds.
  path: Assets/Oculus/LipSync/Prefabs/LipSyncInterface.prefab
  artifactKey: Guid(4dd277bd9572488489906165e0931952) Importer(815301076,1909f56bfc062723c751e8b465ee728b)
Start importing Assets/Oculus/LipSync/Prefabs/LipSyncInterface.prefab using Guid(4dd277bd9572488489906165e0931952) Importer(815301076,1909f56bfc062723c751e8b465ee728b)  -> (artifact id: 'f55a30a224dd393de83ea99ea711286c') in 0.006903 seconds 
========================================================================
Received Import Request.
  Time since last request: 0.000020 seconds.
  path: Assets/Oculus/Voice/Lib/Wit.ai/Features/TTS/Samples/Prefabs/TTSSpeaker.prefab
  artifactKey: Guid(45fe3f4c7b67f4d4c83f7c1d3c8f1a50) Importer(815301076,1909f56bfc062723c751e8b465ee728b)
Start importing Assets/Oculus/Voice/Lib/Wit.ai/Features/TTS/Samples/Prefabs/TTSSpeaker.prefab using Guid(45fe3f4c7b67f4d4c83f7c1d3c8f1a50) Importer(815301076,1909f56bfc062723c751e8b465ee728b)  -> (artifact id: '129ec8f9c67e235ee283701dd628561c') in 0.010812 seconds 
========================================================================
Received Import Request.
  Time since last request: 0.000032 seconds.
  path: Assets/Oculus/Interaction/Runtime/Prefabs/Hands/FromRightHandPrefab.prefab
  artifactKey: Guid(827218c3f444cbe4eb2de1343f6b68cf) Importer(815301076,1909f56bfc062723c751e8b465ee728b)
Start importing Assets/Oculus/Interaction/Runtime/Prefabs/Hands/FromRightHandPrefab.prefab using Guid(827218c3f444cbe4eb2de1343f6b68cf) Importer(815301076,1909f56bfc062723c751e8b465ee728b)  -> (artifact id: '8acc953c491f00ed7ffab1ba3b28f31f') in 0.006624 seconds 
========================================================================
Received Import Request.
  Time since last request: 0.000044 seconds.
  path: Assets/Oculus/SampleFramework/Usage/OVROverlay/Prefabs/UIOverlay.prefab
  artifactKey: Guid(e086febeacfefad48b5a9c4dd2eba552) Importer(815301076,1909f56bfc062723c751e8b465ee728b)
Start importing Assets/Oculus/SampleFramework/Usage/OVROverlay/Prefabs/UIOverlay.prefab using Guid(e086febeacfefad48b5a9c4dd2eba552) Importer(815301076,1909f56bfc062723c751e8b465ee728b)  -> (artifact id: 'debd5d70def712b55a0afcf77ffbb4f1') in 0.007224 seconds 
========================================================================
Received Import Request.
  Time since last request: 0.000027 seconds.
  path: Assets/Oculus/Voice/Features/Dictation/Prefabs/DictationService.prefab
  artifactKey: Guid(ba31729cfe8be2642a8bcac537765e59) Importer(815301076,1909f56bfc062723c751e8b465ee728b)
Start importing Assets/Oculus/Voice/Features/Dictation/Prefabs/DictationService.prefab using Guid(ba31729cfe8be2642a8bcac537765e59) Importer(815301076,1909f56bfc062723c751e8b465ee728b)  -> (artifact id: 'f0ab6d21dd07fc4cf96e81c1dca01eb3') in 0.007425 seconds 
========================================================================
Received Import Request.
  Time since last request: 0.000036 seconds.
  path: Assets/Oculus/Interaction/Samples/Prefabs/OVRIntegration/Legacy/OculusInteractionSampleRig.prefab
  artifactKey: Guid(f39a9d103c4129b42a53567f6cd8356a) Importer(815301076,1909f56bfc062723c751e8b465ee728b)
Start importing Assets/Oculus/Interaction/Samples/Prefabs/OVRIntegration/Legacy/OculusInteractionSampleRig.prefab using Guid(f39a9d103c4129b42a53567f6cd8356a) Importer(815301076,1909f56bfc062723c751e8b465ee728b)  -> (artifact id: '64a5428e347d2ff3202c894a2d852d2c') in 0.498651 seconds 
========================================================================
Received Import Request.
  Time since last request: 0.000029 seconds.
  path: Assets/Oculus/SampleFramework/Usage/TouchPro/Prefabs/Ui/UiPanelGroupPf.prefab
  artifactKey: Guid(50fdc7791c1824048b0ba560f3bf7e1c) Importer(815301076,1909f56bfc062723c751e8b465ee728b)
Start importing Assets/Oculus/SampleFramework/Usage/TouchPro/Prefabs/Ui/UiPanelGroupPf.prefab using Guid(50fdc7791c1824048b0ba560f3bf7e1c) Importer(815301076,1909f56bfc062723c751e8b465ee728b)  -> (artifact id: '9751b7cdeb26313a8548c6518e52ec32') in 0.031366 seconds 
========================================================================
Received Import Request.
  Time since last request: 0.000041 seconds.
  path: Assets/Oculus/VR/Prefabs/OVRCameraRig.prefab
  artifactKey: Guid(126d619cf4daa52469682f85c1378b4a) Importer(815301076,1909f56bfc062723c751e8b465ee728b)
Start importing Assets/Oculus/VR/Prefabs/OVRCameraRig.prefab using Guid(126d619cf4daa52469682f85c1378b4a) Importer(815301076,1909f56bfc062723c751e8b465ee728b)  -> (artifact id: '1cf63ea590f625165c0b1a4c36efc5d4') in 0.006971 seconds 
========================================================================
Received Import Request.
  Time since last request: 0.000075 seconds.
  path: Assets/Oculus/VR/Prefabs/OVRTrackedKeyboard/OVRHandMask_R.prefab
  artifactKey: Guid(f87c1bb867ed6194ea69c0d3a05a6209) Importer(815301076,1909f56bfc062723c751e8b465ee728b)
Start importing Assets/Oculus/VR/Prefabs/OVRTrackedKeyboard/OVRHandMask_R.prefab using Guid(f87c1bb867ed6194ea69c0d3a05a6209) Importer(815301076,1909f56bfc062723c751e8b465ee728b)  -> (artifact id: 'd3b25c8481be2a50722d51b59f038147') in 0.039156 seconds 
========================================================================
Received Import Request.
  Time since last request: 0.000041 seconds.
  path: Assets/Oculus/Interaction/Samples/Objects/Environment/Tooltips/NearSwipe/SwipeInstructions.prefab
  artifactKey: Guid(80f607f17e4f0a54ba3d10023fd05765) Importer(815301076,1909f56bfc062723c751e8b465ee728b)
Start importing Assets/Oculus/Interaction/Samples/Objects/Environment/Tooltips/NearSwipe/SwipeInstructions.prefab using Guid(80f607f17e4f0a54ba3d10023fd05765) Importer(815301076,1909f56bfc062723c751e8b465ee728b)  -> (artifact id: '45670ad488211570a3c61ccdb8da610a') in 0.020615 seconds 
========================================================================
Received Import Request.
  Time since last request: 0.000034 seconds.
  path: Assets/Oculus/Voice/Lib/Wit.ai/Features/TTS/Samples/Prefabs/TTSWit.prefab
  artifactKey: Guid(a89561c2ba096ad4dbf37bbb423d6f3c) Importer(815301076,1909f56bfc062723c751e8b465ee728b)
Start importing Assets/Oculus/Voice/Lib/Wit.ai/Features/TTS/Samples/Prefabs/TTSWit.prefab using Guid(a89561c2ba096ad4dbf37bbb423d6f3c) Importer(815301076,1909f56bfc062723c751e8b465ee728b)  -> (artifact id: '0382da77454ef5b9ca17f03278354ee3') in 0.015896 seconds 
========================================================================
Received Import Request.
  Time since last request: 0.000021 seconds.
  path: Assets/Oculus/SampleFramework/Usage/TouchPro/Prefabs/Ui/UiPanelPf.prefab
  artifactKey: Guid(15968ea8ca93ff345bc914f1f3e78225) Importer(815301076,1909f56bfc062723c751e8b465ee728b)
Start importing Assets/Oculus/SampleFramework/Usage/TouchPro/Prefabs/Ui/UiPanelPf.prefab using Guid(15968ea8ca93ff345bc914f1f3e78225) Importer(815301076,1909f56bfc062723c751e8b465ee728b)  -> (artifact id: '12729f7ce5ea1130f9f9feb6db72111f') in 0.006077 seconds 
========================================================================
Received Import Request.
  Time since last request: 0.000021 seconds.
  path: Assets/Oculus/SampleFramework/Usage/Locomotion/Prefabs/FloorWedgesPf.prefab
  artifactKey: Guid(6b318c3c761f24dba9610ec0451cba2b) Importer(815301076,1909f56bfc062723c751e8b465ee728b)
Start importing Assets/Oculus/SampleFramework/Usage/Locomotion/Prefabs/FloorWedgesPf.prefab using Guid(6b318c3c761f24dba9610ec0451cba2b) Importer(815301076,1909f56bfc062723c751e8b465ee728b)  -> (artifact id: '86f28eef2aaffbd828e61a8569eb01fb') in 0.057416 seconds 
========================================================================
Received Import Request.
  Time since last request: 0.000020 seconds.
  path: Assets/Oculus/SampleFramework/Usage/SharedAssets/Prefabs/TablePfWithOccluder.prefab
  artifactKey: Guid(fafab64117ad71941baff8ea40eedbd7) Importer(815301076,1909f56bfc062723c751e8b465ee728b)
Start importing Assets/Oculus/SampleFramework/Usage/SharedAssets/Prefabs/TablePfWithOccluder.prefab using Guid(fafab64117ad71941baff8ea40eedbd7) Importer(815301076,1909f56bfc062723c751e8b465ee728b)  -> (artifact id: '5e4ee94aa22e0d97f5d8e7c01bc64437') in 0.176686 seconds 
========================================================================
Received Import Request.
  Time since last request: 0.000026 seconds.
  path: Assets/Oculus/VR/Prefabs/OVRCustomHandPrefab_L.prefab
  artifactKey: Guid(c6a74181d4000004887343fb87b3c53a) Importer(815301076,1909f56bfc062723c751e8b465ee728b)
Start importing Assets/Oculus/VR/Prefabs/OVRCustomHandPrefab_L.prefab using Guid(c6a74181d4000004887343fb87b3c53a) Importer(815301076,1909f56bfc062723c751e8b465ee728b)  -> (artifact id: 'f66d1298c87439dd8852a79757fad3c0') in 0.022090 seconds 
========================================================================
Received Import Request.
  Time since last request: 0.000032 seconds.
  path: Assets/Oculus/SampleFramework/Core/DebugUI/Prefabs/DebugUITestCanvas.prefab
  artifactKey: Guid(fd91514fcd2ef484c8fbdbb2e2b504c0) Importer(815301076,1909f56bfc062723c751e8b465ee728b)
Start importing Assets/Oculus/SampleFramework/Core/DebugUI/Prefabs/DebugUITestCanvas.prefab using Guid(fd91514fcd2ef484c8fbdbb2e2b504c0) Importer(815301076,1909f56bfc062723c751e8b465ee728b)  -> (artifact id: 'd6c242a962db029160bec532d5437a93') in 0.019975 seconds 
========================================================================
Received Import Request.
  Time since last request: 0.000021 seconds.
  path: Assets/Oculus/SampleFramework/Usage/SceneManager/Prefabs/SpawnablesPlane.prefab
  artifactKey: Guid(250dd0502e617c9489f5411f13e1df22) Importer(815301076,1909f56bfc062723c751e8b465ee728b)
Start importing Assets/Oculus/SampleFramework/Usage/SceneManager/Prefabs/SpawnablesPlane.prefab using Guid(250dd0502e617c9489f5411f13e1df22) Importer(815301076,1909f56bfc062723c751e8b465ee728b)  -> (artifact id: '588a73517cf80ce072d3466636607223') in 0.011255 seconds 
========================================================================
Received Import Request.
  Time since last request: 0.000057 seconds.
  path: Assets/Oculus/SampleFramework/Core/HandsInteraction/Prefabs/RayTool.prefab
  artifactKey: Guid(50f797a2ff610ca4099b5cf42214abd5) Importer(815301076,1909f56bfc062723c751e8b465ee728b)
Start importing Assets/Oculus/SampleFramework/Core/HandsInteraction/Prefabs/RayTool.prefab using Guid(50f797a2ff610ca4099b5cf42214abd5) Importer(815301076,1909f56bfc062723c751e8b465ee728b)  -> (artifact id: '8982a734c0ba1615c0fe03c82322976e') in 0.016251 seconds 
========================================================================
Received Import Request.
  Time since last request: 0.000024 seconds.
  path: Assets/Oculus/SampleFramework/Usage/SceneManager/Prefabs/FurniturePrefabs/FloorPrefab.prefab
  artifactKey: Guid(6c6b20b3a24ac104994c231d2ee82ae4) Importer(815301076,1909f56bfc062723c751e8b465ee728b)
Start importing Assets/Oculus/SampleFramework/Usage/SceneManager/Prefabs/FurniturePrefabs/FloorPrefab.prefab using Guid(6c6b20b3a24ac104994c231d2ee82ae4) Importer(815301076,1909f56bfc062723c751e8b465ee728b)  -> (artifact id: 'f2655b490026d55d71ecbe132b5689d4') in 0.015671 seconds 
========================================================================
Received Import Request.
  Time since last request: 0.000029 seconds.
  path: Assets/Oculus/SampleFramework/Core/HandsInteraction/Prefabs/FingerTipPokeToolThumb.prefab
  artifactKey: Guid(cf111ea2144c9504d95ffc8cd94475bc) Importer(815301076,1909f56bfc062723c751e8b465ee728b)
Start importing Assets/Oculus/SampleFramework/Core/HandsInteraction/Prefabs/FingerTipPokeToolThumb.prefab using Guid(cf111ea2144c9504d95ffc8cd94475bc) Importer(815301076,1909f56bfc062723c751e8b465ee728b)  -> (artifact id: 'c5d08554f7e07ff76124b75b66b9c306') in 0.020235 seconds 
========================================================================
Received Import Request.
  Time since last request: 0.000102 seconds.
  path: Assets/Oculus/Interaction/OVRIntegration/Runtime/Prefabs/Hands/OVRRightHandSynthetic.prefab
  artifactKey: Guid(94313e563929cb3499e3989be338a213) Importer(815301076,1909f56bfc062723c751e8b465ee728b)
Start importing Assets/Oculus/Interaction/OVRIntegration/Runtime/Prefabs/Hands/OVRRightHandSynthetic.prefab using Guid(94313e563929cb3499e3989be338a213) Importer(815301076,1909f56bfc062723c751e8b465ee728b)  -> (artifact id: 'df242739888f8cc134bce2959ad4c947') in 0.045061 seconds 
========================================================================
Received Import Request.
  Time since last request: 0.000042 seconds.
  path: Assets/Oculus/Platform/Samples/VrVoiceChat/Prefabs/SelectFriendButton.prefab
  artifactKey: Guid(fbdb46efded3719458a17f55fe1ec7cd) Importer(815301076,1909f56bfc062723c751e8b465ee728b)
Start importing Assets/Oculus/Platform/Samples/VrVoiceChat/Prefabs/SelectFriendButton.prefab using Guid(fbdb46efded3719458a17f55fe1ec7cd) Importer(815301076,1909f56bfc062723c751e8b465ee728b)  -> (artifact id: 'adbb1118ce38d085c1a92aaf35f59e95') in 0.009832 seconds 
========================================================================
Received Import Request.
  Time since last request: 0.000072 seconds.
  path: Assets/Oculus/Interaction/OVRIntegration/Runtime/Prefabs/HandGrab/Ghost-LeftHand.prefab
  artifactKey: Guid(aca0706bac5a68a4394ac02275753161) Importer(815301076,1909f56bfc062723c751e8b465ee728b)
Start importing Assets/Oculus/Interaction/OVRIntegration/Runtime/Prefabs/HandGrab/Ghost-LeftHand.prefab using Guid(aca0706bac5a68a4394ac02275753161) Importer(815301076,1909f56bfc062723c751e8b465ee728b)  -> (artifact id: '6cce031a16699baf15206ddee948c485') in 0.027777 seconds 
========================================================================
Received Import Request.
  Time since last request: 0.000038 seconds.
  path: Assets/Oculus/Interaction/Runtime/Prefabs/Hands.prefab
  artifactKey: Guid(b57bba87873244d4f875b20cb0460ecc) Importer(815301076,1909f56bfc062723c751e8b465ee728b)
Start importing Assets/Oculus/Interaction/Runtime/Prefabs/Hands.prefab using Guid(b57bba87873244d4f875b20cb0460ecc) Importer(815301076,1909f56bfc062723c751e8b465ee728b)  -> (artifact id: '12726f65695dbd7f57c5ab86e463504f') in 0.013493 seconds 
========================================================================
Received Import Request.
  Time since last request: 0.000036 seconds.
  path: Assets/Oculus/SampleFramework/Usage/TouchPro/Prefabs/Ui/UiBoolInspectorPf.prefab
  artifactKey: Guid(ab85a3cdfda1cca40bc90ea89675820b) Importer(815301076,1909f56bfc062723c751e8b465ee728b)
Start importing Assets/Oculus/SampleFramework/Usage/TouchPro/Prefabs/Ui/UiBoolInspectorPf.prefab using Guid(ab85a3cdfda1cca40bc90ea89675820b) Importer(815301076,1909f56bfc062723c751e8b465ee728b)  -> (artifact id: '1d0979d170d80e83e3a00ba9ab2a9b77') in 0.007011 seconds 
========================================================================
Received Import Request.
  Time since last request: 0.000038 seconds.
  path: Assets/Oculus/SampleFramework/Usage/SharedAssets/Prefabs/RoomPf.prefab
  artifactKey: Guid(8f4f312dac6724ad7ba0c8c3d9ab3b03) Importer(815301076,1909f56bfc062723c751e8b465ee728b)
Start importing Assets/Oculus/SampleFramework/Usage/SharedAssets/Prefabs/RoomPf.prefab using Guid(8f4f312dac6724ad7ba0c8c3d9ab3b03) Importer(815301076,1909f56bfc062723c751e8b465ee728b)  -> (artifact id: '7f9c8782e75adf3cd8340d57895984c8') in 0.394279 seconds 
