Using pre-set license
Built from '2021.3/staging' branch; Version is '2021.3.20f1 (577897200b8b) revision 5732503'; Using compiler version '192829333'; Build Type 'Release'
OS: 'Windows 10  (10.0.19045) 64bit Enterprise' Language: 'en' Physical Memory: 16089 MB
BatchMode: 1, IsHumanControllingUs: 0, StartBugReporterOnCrash: 0, Is64bit: 1, IsPro: 1

COMMAND LINE ARGUMENTS:
C:\Program Files\Unity\Hub\Editor\2021.3.20f1\Editor\Unity.exe
-adb2
-batchMode
-noUpm
-name
AssetImportWorker0
-projectPath
C:/Users/2kz34/Desktop/FinalProject
-logFile
Logs/AssetImportWorker0.log
-srvPort
55862
Successfully changed project path to: C:/Users/2kz34/Desktop/FinalProject
C:/Users/2kz34/Desktop/FinalProject
[UnityMemory] Configuration Parameters - Can be set up in boot.config
    "memorysetup-bucket-allocator-granularity=16"
    "memorysetup-bucket-allocator-bucket-count=8"
    "memorysetup-bucket-allocator-block-size=33554432"
    "memorysetup-bucket-allocator-block-count=8"
    "memorysetup-main-allocator-block-size=16777216"
    "memorysetup-thread-allocator-block-size=16777216"
    "memorysetup-gfx-main-allocator-block-size=16777216"
    "memorysetup-gfx-thread-allocator-block-size=16777216"
    "memorysetup-cache-allocator-block-size=4194304"
    "memorysetup-typetree-allocator-block-size=2097152"
    "memorysetup-profiler-bucket-allocator-granularity=16"
    "memorysetup-profiler-bucket-allocator-bucket-count=8"
    "memorysetup-profiler-bucket-allocator-block-size=33554432"
    "memorysetup-profiler-bucket-allocator-block-count=8"
    "memorysetup-profiler-allocator-block-size=16777216"
    "memorysetup-profiler-editor-allocator-block-size=1048576"
    "memorysetup-temp-allocator-size-main=16777216"
    "memorysetup-job-temp-allocator-block-size=2097152"
    "memorysetup-job-temp-allocator-block-size-background=1048576"
    "memorysetup-job-temp-allocator-reduction-small-platforms=262144"
    "memorysetup-temp-allocator-size-background-worker=32768"
    "memorysetup-temp-allocator-size-job-worker=262144"
    "memorysetup-temp-allocator-size-preload-manager=33554432"
    "memorysetup-temp-allocator-size-nav-mesh-worker=65536"
    "memorysetup-temp-allocator-size-audio-worker=65536"
    "memorysetup-temp-allocator-size-cloud-worker=32768"
    "memorysetup-temp-allocator-size-gi-baking-worker=262144"
    "memorysetup-temp-allocator-size-gfx=262144"
Player connection [22292] Host "[IP] 10.105.11.237 [Port] 0 [Flags] 2 [Guid] 461148684 [EditorId] 461148684 [Version] 1048832 [Id] WindowsEditor(7,CA230D05) [Debug] 1 [PackageName] WindowsEditor [ProjectName] Editor" joined multi-casting on [225.0.0.222:54997]...

Player connection [22292] Host "[IP] 10.105.11.237 [Port] 0 [Flags] 2 [Guid] 461148684 [EditorId] 461148684 [Version] 1048832 [Id] WindowsEditor(7,CA230D05) [Debug] 1 [PackageName] WindowsEditor [ProjectName] Editor" joined alternative multi-casting on [225.0.0.222:34997]...

Refreshing native plugins compatible for Editor in 215.64 ms, found 14 plugins.
Preloading 1 native plugins for Editor in 1.16 ms.
Initialize engine version: 2021.3.20f1 (577897200b8b)
[Subsystems] Discovering subsystems at path C:/Program Files/Unity/Hub/Editor/2021.3.20f1/Editor/Data/Resources/UnitySubsystems
[Subsystems] Discovering subsystems at path C:/Users/2kz34/Desktop/FinalProject/Assets
GfxDevice: creating device client; threaded=0; jobified=0
Direct3D:
    Version:  Direct3D 11.0 [level 11.1]
    Renderer: NVIDIA GeForce RTX 2060 (ID=0x1f08)
    Vendor:   NVIDIA
    VRAM:     5968 MB
    Driver:   31.0.15.3168
Shader 'Oculus/OVRMRCameraFrameLit': fallback shader 'Alpha-Diffuse' not found
Initialize mono
Mono path[0] = 'C:/Program Files/Unity/Hub/Editor/2021.3.20f1/Editor/Data/Managed'
Mono path[1] = 'C:/Program Files/Unity/Hub/Editor/2021.3.20f1/Editor/Data/MonoBleedingEdge/lib/mono/unityjit-win32'
Mono config path = 'C:/Program Files/Unity/Hub/Editor/2021.3.20f1/Editor/Data/MonoBleedingEdge/etc'
Using monoOptions --debugger-agent=transport=dt_socket,embedding=1,server=y,suspend=n,address=127.0.0.1:56524
Begin MonoManager ReloadAssembly
Registering precompiled unity dll's ...
Register platform support module: C:/Program Files/Unity/Hub/Editor/2021.3.20f1/Editor/Data/PlaybackEngines/WebGLSupport/UnityEditor.WebGL.Extensions.dll
Register platform support module: C:/Program Files/Unity/Hub/Editor/2021.3.20f1/Editor/Data/PlaybackEngines/AndroidPlayer/UnityEditor.Android.Extensions.dll
Register platform support module: C:/Program Files/Unity/Hub/Editor/2021.3.20f1/Editor/Data/PlaybackEngines/WindowsStandaloneSupport/UnityEditor.WindowsStandalone.Extensions.dll
Registered in 0.016518 seconds.
Native extension for WindowsStandalone target not found
Native extension for Android target not found
Android Extension - Scanning For ADB Devices 1633 ms
Native extension for WebGL target not found
Refreshing native plugins compatible for Editor in 163.66 ms, found 14 plugins.
Preloading 1 native plugins for Editor in 0.10 ms.
Mono: successfully reloaded assembly
- Completed reload, in  2.618 seconds
Domain Reload Profiling:
	ReloadAssembly (2619ms)
		BeginReloadAssembly (133ms)
			ExecutionOrderSort (0ms)
			DisableScriptedObjects (0ms)
			BackupInstance (0ms)
			ReleaseScriptingObjects (0ms)
			CreateAndSetChildDomain (1ms)
		EndReloadAssembly (2341ms)
			LoadAssemblies (129ms)
			RebuildTransferFunctionScriptingTraits (0ms)
			SetupTypeCache (154ms)
			ReleaseScriptCaches (0ms)
			RebuildScriptCaches (30ms)
			SetupLoadedEditorAssemblies (2080ms)
				LogAssemblyErrors (0ms)
				InitializePlatformSupportModulesInManaged (1739ms)
				SetLoadedEditorAssemblies (0ms)
				RefreshPlugins (164ms)
				BeforeProcessingInitializeOnLoad (1ms)
				ProcessInitializeOnLoadAttributes (114ms)
				ProcessInitializeOnLoadMethodAttributes (61ms)
				AfterProcessingInitializeOnLoad (0ms)
				EditorAssembliesLoaded (0ms)
			ExecutionOrderSort2 (0ms)
			AwakeInstancesAfterBackupRestoration (0ms)
Platform modules already initialized, skipping
Registering precompiled user dll's ...
Registered in 0.022051 seconds.
Begin MonoManager ReloadAssembly
Native extension for WindowsStandalone target not found
Native extension for Android target not found
Native extension for WebGL target not found
Refreshing native plugins compatible for Editor in 139.52 ms, found 14 plugins.
Preloading 1 native plugins for Editor in 0.13 ms.
Package Manager log level set to [2]
[XR] OculusXRPlugin: registering subsystems
[XR] Unable to register display lifecyle provider: [1]
[XR] Oculus Input lifecycle provider registered.
[XR] Unable to register input lifecyle provider: [1]
[XR] OVRP version 1.82.0
Mono: successfully reloaded assembly
- Completed reload, in  1.813 seconds
Domain Reload Profiling:
	ReloadAssembly (1814ms)
		BeginReloadAssembly (153ms)
			ExecutionOrderSort (0ms)
			DisableScriptedObjects (8ms)
			BackupInstance (0ms)
			ReleaseScriptingObjects (0ms)
			CreateAndSetChildDomain (22ms)
		EndReloadAssembly (1532ms)
			LoadAssemblies (162ms)
			RebuildTransferFunctionScriptingTraits (0ms)
			SetupTypeCache (420ms)
			ReleaseScriptCaches (1ms)
			RebuildScriptCaches (101ms)
			SetupLoadedEditorAssemblies (766ms)
				LogAssemblyErrors (0ms)
				InitializePlatformSupportModulesInManaged (22ms)
				SetLoadedEditorAssemblies (0ms)
				RefreshPlugins (140ms)
				BeforeProcessingInitializeOnLoad (131ms)
				ProcessInitializeOnLoadAttributes (431ms)
				ProcessInitializeOnLoadMethodAttributes (26ms)
				AfterProcessingInitializeOnLoad (15ms)
				EditorAssembliesLoaded (0ms)
			ExecutionOrderSort2 (0ms)
			AwakeInstancesAfterBackupRestoration (15ms)
Platform modules already initialized, skipping
========================================================================
Worker process is ready to serve import requests
Shader 'Oculus/OVRMRCameraFrameLit': fallback shader 'Alpha-Diffuse' not found
Launched and connected shader compiler UnityShaderCompiler.exe after 0.10 seconds
Refreshing native plugins compatible for Editor in 2.18 ms, found 14 plugins.
Preloading 1 native plugins for Editor in 0.24 ms.
Unloading 5387 Unused Serialized files (Serialized files now loaded: 0)
Unloading 84 unused Assets / (197.7 KB). Loaded Objects now: 5804.
Memory consumption went from 196.2 MB to 196.0 MB.
Total: 9.767300 ms (FindLiveObjects: 1.046500 ms CreateObjectMapping: 1.007500 ms MarkObjects: 7.212800 ms  DeleteObjects: 0.498800 ms)

AssetImportParameters requested are different than current active one (requested -> active):
  custom:video-decoder-ogg-theora: a1e56fd34408186e4bbccfd4996cb3dc -> 
  custom:container-muxer-webm: aa71ff27fc2769a1b78a27578f13a17b -> 
  custom:container-demuxer-webm: 4f35f7cbe854078d1ac9338744f61a02 -> 
  custom:video-encoder-webm-vp8: eb34c28f22e8b96e1ab97ce403110664 -> 
  custom:audio-encoder-webm-vorbis: bf7c407c2cedff20999df2af8eb42d56 -> 
  custom:framework-win-MediaFoundation: 216162199b28c13a410421893ffa2e32 -> 
  custom:container-demuxer-ogg: 62fdf1f143b41e24485cea50d1cbac27 -> 
  custom:video-decoder-webm-vp8: 9c59270c3fd7afecdb556c50c9e8de78 -> 
  custom:audio-decoder-ogg-vorbis: bf7c407c2cedff20999df2af8eb42d56 -> 
========================================================================
Received Import Request.
  Time since last request: 93589.607323 seconds.
  path: Assets/Oculus/Interaction/Runtime/Prefabs/Locomotion/ArcVisual.prefab
  artifactKey: Guid(4e7d2a6b56b563649aaa9dc60da71aaa) Importer(815301076,1909f56bfc062723c751e8b465ee728b)
Start importing Assets/Oculus/Interaction/Runtime/Prefabs/Locomotion/ArcVisual.prefab using Guid(4e7d2a6b56b563649aaa9dc60da71aaa) Importer(815301076,1909f56bfc062723c751e8b465ee728b)  -> (artifact id: '3c51cd4d72f22d54ce2b8ca2f48464ea') in 0.200279 seconds 
========================================================================
Received Import Request.
  Time since last request: 0.000070 seconds.
  path: Assets/Oculus/SampleFramework/Core/DebugUI/Prefabs/CanvasWithDebug.prefab
  artifactKey: Guid(ddb963bcde7d8a04a88b3ee4709f46c7) Importer(815301076,1909f56bfc062723c751e8b465ee728b)
Start importing Assets/Oculus/SampleFramework/Core/DebugUI/Prefabs/CanvasWithDebug.prefab using Guid(ddb963bcde7d8a04a88b3ee4709f46c7) Importer(815301076,1909f56bfc062723c751e8b465ee728b)  -> (artifact id: '2423cd48bf582d69a70470957a6d46b2') in 0.041087 seconds 
========================================================================
Received Import Request.
  Time since last request: 0.000046 seconds.
  path: Assets/Oculus/Interaction/Samples/Objects/Environment/ComplexGrabInfoFrames.prefab
  artifactKey: Guid(b4f307b2f11c677479bd6a4c08149679) Importer(815301076,1909f56bfc062723c751e8b465ee728b)
Start importing Assets/Oculus/Interaction/Samples/Objects/Environment/ComplexGrabInfoFrames.prefab using Guid(b4f307b2f11c677479bd6a4c08149679) Importer(815301076,1909f56bfc062723c751e8b465ee728b)  -> (artifact id: '049069c7881cadff07eb456ab578f8c1') in 0.101680 seconds 
========================================================================
Received Import Request.
  Time since last request: 0.000028 seconds.
  path: Assets/Oculus/SampleFramework/Usage/Locomotion/Prefabs/ColumnGroupPf.prefab
  artifactKey: Guid(e8ca842e68fe94588952680b6360706a) Importer(815301076,1909f56bfc062723c751e8b465ee728b)
Start importing Assets/Oculus/SampleFramework/Usage/Locomotion/Prefabs/ColumnGroupPf.prefab using Guid(e8ca842e68fe94588952680b6360706a) Importer(815301076,1909f56bfc062723c751e8b465ee728b)  -> (artifact id: '8eaa47c0a99c67fa55832a3411d686ac') in 0.089866 seconds 
========================================================================
Received Import Request.
  Time since last request: 0.000038 seconds.
  path: Assets/Oculus/Interaction/Samples/Audio/Prefabs/BasicPokeButtonPressAudio.prefab
  artifactKey: Guid(4b2ec9cc45d57c047b74113a934b6887) Importer(815301076,1909f56bfc062723c751e8b465ee728b)
Start importing Assets/Oculus/Interaction/Samples/Audio/Prefabs/BasicPokeButtonPressAudio.prefab using Guid(4b2ec9cc45d57c047b74113a934b6887) Importer(815301076,1909f56bfc062723c751e8b465ee728b)  -> (artifact id: '2a44babf7a29abe92a54eccdba2fcb3e') in 0.006847 seconds 
========================================================================
Received Import Request.
  Time since last request: 0.000047 seconds.
  path: Assets/Oculus/Interaction/Samples/Audio/Prefabs/BasicPokeToyButtonPressAudio.prefab
  artifactKey: Guid(2c388bdb963a363418437ef4347b4522) Importer(815301076,1909f56bfc062723c751e8b465ee728b)
Start importing Assets/Oculus/Interaction/Samples/Audio/Prefabs/BasicPokeToyButtonPressAudio.prefab using Guid(2c388bdb963a363418437ef4347b4522) Importer(815301076,1909f56bfc062723c751e8b465ee728b)  -> (artifact id: 'e74e455cf4f17218a674d93eb34a6c49') in 0.007901 seconds 
========================================================================
Received Import Request.
  Time since last request: 0.000020 seconds.
  path: Assets/Oculus/Interaction/Samples/Audio/Prefabs/BasicPokeCanvasReleaseAudio.prefab
  artifactKey: Guid(5be9ac6f03f4be64d8d686b355cd0961) Importer(815301076,1909f56bfc062723c751e8b465ee728b)
Start importing Assets/Oculus/Interaction/Samples/Audio/Prefabs/BasicPokeCanvasReleaseAudio.prefab using Guid(5be9ac6f03f4be64d8d686b355cd0961) Importer(815301076,1909f56bfc062723c751e8b465ee728b)  -> (artifact id: '08800ff9a180f215d339a30040b431d4') in 0.004972 seconds 
========================================================================
Received Import Request.
  Time since last request: 0.000020 seconds.
  path: Assets/Oculus/Interaction/Samples/Audio/Prefabs/ComplexGrabBoxReleaseAudio.prefab
  artifactKey: Guid(942501ee80499174ab7ba1ca4e8de385) Importer(815301076,1909f56bfc062723c751e8b465ee728b)
Start importing Assets/Oculus/Interaction/Samples/Audio/Prefabs/ComplexGrabBoxReleaseAudio.prefab using Guid(942501ee80499174ab7ba1ca4e8de385) Importer(815301076,1909f56bfc062723c751e8b465ee728b)  -> (artifact id: '42f6ed360dc72c861d8c47ce141be710') in 0.007015 seconds 
========================================================================
Received Import Request.
  Time since last request: 0.000036 seconds.
  path: Assets/Oculus/Interaction/Samples/Audio/Prefabs/ComplexGrabDollReleaseAudio.prefab
  artifactKey: Guid(69b6142adba780140b51bb45796678d4) Importer(815301076,1909f56bfc062723c751e8b465ee728b)
Start importing Assets/Oculus/Interaction/Samples/Audio/Prefabs/ComplexGrabDollReleaseAudio.prefab using Guid(69b6142adba780140b51bb45796678d4) Importer(815301076,1909f56bfc062723c751e8b465ee728b)  -> (artifact id: 'c0fd2afaee4b5e34e1cd201cb664ecaa') in 0.008555 seconds 
========================================================================
Received Import Request.
  Time since last request: 0.000030 seconds.
  path: Assets/Oculus/Interaction/Samples/Audio/Prefabs/ComplexGrabBoxCloseAudio.prefab
  artifactKey: Guid(04329f21de844334384f7b115a24e88b) Importer(815301076,1909f56bfc062723c751e8b465ee728b)
Start importing Assets/Oculus/Interaction/Samples/Audio/Prefabs/ComplexGrabBoxCloseAudio.prefab using Guid(04329f21de844334384f7b115a24e88b) Importer(815301076,1909f56bfc062723c751e8b465ee728b)  -> (artifact id: '5606f686a6a4276bfa3448ba7652c285') in 0.005910 seconds 
========================================================================
Received Import Request.
  Time since last request: 0.000025 seconds.
  path: Assets/Oculus/Interaction/Runtime/Prefabs/Debug/ActiveStateDebugTree.prefab
  artifactKey: Guid(dc0992b1665af9548996ae6d0807dbed) Importer(815301076,1909f56bfc062723c751e8b465ee728b)
Start importing Assets/Oculus/Interaction/Runtime/Prefabs/Debug/ActiveStateDebugTree.prefab using Guid(dc0992b1665af9548996ae6d0807dbed) Importer(815301076,1909f56bfc062723c751e8b465ee728b)  -> (artifact id: '3ca6e53b6bc9f304d24fb634f86b6a95') in 0.009057 seconds 
========================================================================
Received Import Request.
  Time since last request: 0.000033 seconds.
  path: Assets/Oculus/SampleFramework/Usage/Locomotion/Prefabs/CeilingWedgesPf.prefab
  artifactKey: Guid(7c69d9ce39cad438e91794f1c0f27778) Importer(815301076,1909f56bfc062723c751e8b465ee728b)
Start importing Assets/Oculus/SampleFramework/Usage/Locomotion/Prefabs/CeilingWedgesPf.prefab using Guid(7c69d9ce39cad438e91794f1c0f27778) Importer(815301076,1909f56bfc062723c751e8b465ee728b)  -> (artifact id: '28f11e3ac60a4bc779c83665ea54a8bd') in 0.064270 seconds 
========================================================================
Received Import Request.
  Time since last request: 0.000018 seconds.
  path: Assets/Oculus/Interaction/Samples/Audio/Prefabs/BasicPokeKeypadReleaseAudio.prefab
  artifactKey: Guid(f9e7872b9c21d4244801c3d1d508ffcd) Importer(815301076,1909f56bfc062723c751e8b465ee728b)
Start importing Assets/Oculus/Interaction/Samples/Audio/Prefabs/BasicPokeKeypadReleaseAudio.prefab using Guid(f9e7872b9c21d4244801c3d1d508ffcd) Importer(815301076,1909f56bfc062723c751e8b465ee728b)  -> (artifact id: '7d169e8e1cad74bc1c473546fda5d4ad') in 0.006598 seconds 
========================================================================
Received Import Request.
  Time since last request: 0.000018 seconds.
  path: Assets/Oculus/Interaction/Samples/Audio/Prefabs/BasicRayBackAudio.prefab
  artifactKey: Guid(1d7be4acb4bd00648841123ed349dc57) Importer(815301076,1909f56bfc062723c751e8b465ee728b)
Start importing Assets/Oculus/Interaction/Samples/Audio/Prefabs/BasicRayBackAudio.prefab using Guid(1d7be4acb4bd00648841123ed349dc57) Importer(815301076,1909f56bfc062723c751e8b465ee728b)  -> (artifact id: '124ad47e9fd5b7e87bf74daaf8953653') in 0.005485 seconds 
========================================================================
Received Import Request.
  Time since last request: 0.000016 seconds.
  path: Assets/Oculus/SampleFramework/Usage/SceneManager/Prefabs/FurniturePrefabs/CeilingPlanePrefab.prefab
  artifactKey: Guid(c1527fd3e2d81e545960b83da8d51621) Importer(815301076,1909f56bfc062723c751e8b465ee728b)
Start importing Assets/Oculus/SampleFramework/Usage/SceneManager/Prefabs/FurniturePrefabs/CeilingPlanePrefab.prefab using Guid(c1527fd3e2d81e545960b83da8d51621) Importer(815301076,1909f56bfc062723c751e8b465ee728b)  -> (artifact id: '7e9522247ebe61b771868ebfaa13a8d8') in 0.015195 seconds 
========================================================================
Received Import Request.
  Time since last request: 0.000041 seconds.
  path: Assets/Oculus/Interaction/Runtime/Prefabs/DistanceHandGrab/ControllerDistanceGrabInteractor.prefab
  artifactKey: Guid(86f711b02960d794b8c4ad0bcbf17527) Importer(815301076,1909f56bfc062723c751e8b465ee728b)
Start importing Assets/Oculus/Interaction/Runtime/Prefabs/DistanceHandGrab/ControllerDistanceGrabInteractor.prefab using Guid(86f711b02960d794b8c4ad0bcbf17527) Importer(815301076,1909f56bfc062723c751e8b465ee728b)  -> (artifact id: '944e5d05311b514d5ba94e660ad70f8f') in 0.009304 seconds 
========================================================================
Received Import Request.
  Time since last request: 0.000047 seconds.
  path: Assets/Oculus/Interaction/Samples/Audio/Prefabs/BasicGrabPickupAudio.prefab
  artifactKey: Guid(b47fbfedcfef5414580d99c9115e2b8a) Importer(815301076,1909f56bfc062723c751e8b465ee728b)
Start importing Assets/Oculus/Interaction/Samples/Audio/Prefabs/BasicGrabPickupAudio.prefab using Guid(b47fbfedcfef5414580d99c9115e2b8a) Importer(815301076,1909f56bfc062723c751e8b465ee728b)  -> (artifact id: '0542772a7a901b37c1f6a1d690bbd3d2') in 0.006162 seconds 
========================================================================
Received Import Request.
  Time since last request: 0.000028 seconds.
  path: Assets/Oculus/Interaction/Samples/Audio/Prefabs/ComplexGrabPinGrabAudio.prefab
  artifactKey: Guid(fbdf8ab376bd9ee42869e6f89a00a353) Importer(815301076,1909f56bfc062723c751e8b465ee728b)
Start importing Assets/Oculus/Interaction/Samples/Audio/Prefabs/ComplexGrabPinGrabAudio.prefab using Guid(fbdf8ab376bd9ee42869e6f89a00a353) Importer(815301076,1909f56bfc062723c751e8b465ee728b)  -> (artifact id: '127784db6bce22f23be23e1ebe676e2c') in 0.006745 seconds 
========================================================================
Received Import Request.
  Time since last request: 0.000032 seconds.
  path: Assets/Oculus/SampleFramework/Usage/SceneManager/Prefabs/BouncingBall.prefab
  artifactKey: Guid(3abe693e061ff3d4781d623a0c9856c2) Importer(815301076,1909f56bfc062723c751e8b465ee728b)
Start importing Assets/Oculus/SampleFramework/Usage/SceneManager/Prefabs/BouncingBall.prefab using Guid(3abe693e061ff3d4781d623a0c9856c2) Importer(815301076,1909f56bfc062723c751e8b465ee728b)  -> (artifact id: '05629f1c3fb7f80cb4fd30715e92d083') in 0.015404 seconds 
========================================================================
Received Import Request.
  Time since last request: 0.000021 seconds.
  path: Assets/Oculus/Interaction/Runtime/Prefabs/Controller Hands.prefab
  artifactKey: Guid(07e1cd5d205161848bba75bdd1513c57) Importer(815301076,1909f56bfc062723c751e8b465ee728b)
Start importing Assets/Oculus/Interaction/Runtime/Prefabs/Controller Hands.prefab using Guid(07e1cd5d205161848bba75bdd1513c57) Importer(815301076,1909f56bfc062723c751e8b465ee728b)  -> (artifact id: '3066e7be9eb1d5e22177abbcdabc0d7c') in 0.006100 seconds 
========================================================================
Received Import Request.
  Time since last request: 0.000036 seconds.
  path: Assets/Oculus/Interaction/Samples/Audio/Prefabs/ComplexGrabBoxOpenClose.prefab
  artifactKey: Guid(18262740e65dbca418778dc8c6c70eff) Importer(815301076,1909f56bfc062723c751e8b465ee728b)
Start importing Assets/Oculus/Interaction/Samples/Audio/Prefabs/ComplexGrabBoxOpenClose.prefab using Guid(18262740e65dbca418778dc8c6c70eff) Importer(815301076,1909f56bfc062723c751e8b465ee728b)  -> (artifact id: 'fef83a8a57990f30609c5b39e1d7881b') in 0.010277 seconds 
========================================================================
Received Import Request.
  Time since last request: 0.000084 seconds.
  path: Assets/Oculus/Interaction/Samples/Audio/Prefabs/ComplexGrabStoneGrabAudio.prefab
  artifactKey: Guid(36f9e4d94e3541446b28a1ffc63010c7) Importer(815301076,1909f56bfc062723c751e8b465ee728b)
Start importing Assets/Oculus/Interaction/Samples/Audio/Prefabs/ComplexGrabStoneGrabAudio.prefab using Guid(36f9e4d94e3541446b28a1ffc63010c7) Importer(815301076,1909f56bfc062723c751e8b465ee728b)  -> (artifact id: 'cefee724fd373c12c4902978f490acca') in 0.007659 seconds 
========================================================================
Received Prepare
Registering precompiled user dll's ...
Registered in 0.025550 seconds.
Begin MonoManager ReloadAssembly
Native extension for WindowsStandalone target not found
Native extension for Android target not found
Native extension for WebGL target not found
Refreshing native plugins compatible for Editor in 1.64 ms, found 14 plugins.
Preloading 1 native plugins for Editor in 0.17 ms.
[Package Manager] Server::EnsureServerProcessIsRunning -- launch failed, reason: Unity was launched with the -noUpm command-line argument
[Package Manager] Cannot connect to Unity Package Manager local server
[Package Manager] Server::EnsureServerProcessIsRunning -- launch failed, reason: Unity was launched with the -noUpm command-line argument
[Package Manager] Cannot connect to Unity Package Manager local server
[Package Manager] Server::EnsureServerProcessIsRunning -- launch failed, reason: Unity was launched with the -noUpm command-line argument
[Package Manager] Cannot connect to Unity Package Manager local server
[Package Manager] Server::EnsureServerProcessIsRunning -- launch failed, reason: Unity was launched with the -noUpm command-line argument
[Package Manager] Cannot connect to Unity Package Manager local server
Mono: successfully reloaded assembly
- Completed reload, in  1.553 seconds
Domain Reload Profiling:
	ReloadAssembly (1554ms)
		BeginReloadAssembly (189ms)
			ExecutionOrderSort (0ms)
			DisableScriptedObjects (5ms)
			BackupInstance (0ms)
			ReleaseScriptingObjects (0ms)
			CreateAndSetChildDomain (51ms)
		EndReloadAssembly (1225ms)
			LoadAssemblies (154ms)
			RebuildTransferFunctionScriptingTraits (0ms)
			SetupTypeCache (398ms)
			ReleaseScriptCaches (2ms)
			RebuildScriptCaches (56ms)
			SetupLoadedEditorAssemblies (529ms)
				LogAssemblyErrors (0ms)
				InitializePlatformSupportModulesInManaged (27ms)
				SetLoadedEditorAssemblies (0ms)
				RefreshPlugins (2ms)
				BeforeProcessingInitializeOnLoad (111ms)
				ProcessInitializeOnLoadAttributes (344ms)
				ProcessInitializeOnLoadMethodAttributes (27ms)
				AfterProcessingInitializeOnLoad (17ms)
				EditorAssembliesLoaded (0ms)
			ExecutionOrderSort2 (0ms)
			AwakeInstancesAfterBackupRestoration (13ms)
Platform modules already initialized, skipping
Shader 'Oculus/OVRMRCameraFrameLit': fallback shader 'Alpha-Diffuse' not found
Refreshing native plugins compatible for Editor in 29.69 ms, found 14 plugins.
Preloading 1 native plugins for Editor in 0.16 ms.
Unloading 5291 Unused Serialized files (Serialized files now loaded: 0)
Unloading 77 unused Assets / (166.6 KB). Loaded Objects now: 5823.
Memory consumption went from 192.6 MB to 192.4 MB.
Total: 8.693400 ms (FindLiveObjects: 0.690300 ms CreateObjectMapping: 1.678900 ms MarkObjects: 5.948100 ms  DeleteObjects: 0.374200 ms)

AssetImportParameters requested are different than current active one (requested -> active):
  custom:video-decoder-ogg-theora: a1e56fd34408186e4bbccfd4996cb3dc -> 
  custom:container-muxer-webm: aa71ff27fc2769a1b78a27578f13a17b -> 
  custom:container-demuxer-webm: 4f35f7cbe854078d1ac9338744f61a02 -> 
  custom:video-encoder-webm-vp8: eb34c28f22e8b96e1ab97ce403110664 -> 
  custom:audio-encoder-webm-vorbis: bf7c407c2cedff20999df2af8eb42d56 -> 
  custom:framework-win-MediaFoundation: 216162199b28c13a410421893ffa2e32 -> 
  custom:container-demuxer-ogg: 62fdf1f143b41e24485cea50d1cbac27 -> 
  custom:video-decoder-webm-vp8: 9c59270c3fd7afecdb556c50c9e8de78 -> 
  custom:audio-decoder-ogg-vorbis: bf7c407c2cedff20999df2af8eb42d56 -> 
========================================================================
Received Import Request.
  Time since last request: 35.199783 seconds.
  path: Assets/Oculus/Interaction/Runtime/Prefabs/Poke/ControllerPokeInteractor.prefab
  artifactKey: Guid(caf1104dfe6d01c4e9dabd59f18e535a) Importer(815301076,1909f56bfc062723c751e8b465ee728b)
Start importing Assets/Oculus/Interaction/Runtime/Prefabs/Poke/ControllerPokeInteractor.prefab using Guid(caf1104dfe6d01c4e9dabd59f18e535a) Importer(815301076,1909f56bfc062723c751e8b465ee728b)  -> (artifact id: '5e876a46d68c19f7e73509829f072f9f') in 0.072556 seconds 
========================================================================
Received Import Request.
  Time since last request: 0.000043 seconds.
  path: Assets/Oculus/SampleFramework/Core/DebugUI/Prefabs/DebugSlider.prefab
  artifactKey: Guid(fd44cad6bf2970e47939ef98a48a9190) Importer(815301076,1909f56bfc062723c751e8b465ee728b)
Start importing Assets/Oculus/SampleFramework/Core/DebugUI/Prefabs/DebugSlider.prefab using Guid(fd44cad6bf2970e47939ef98a48a9190) Importer(815301076,1909f56bfc062723c751e8b465ee728b)  -> (artifact id: '6a60f84fc882ef279b7ad3a4475cb2b0') in 0.019186 seconds 
========================================================================
Received Import Request.
  Time since last request: 0.000035 seconds.
  path: Assets/Oculus/SampleFramework/Usage/Passthrough/Prefabs/Flashlight.prefab
  artifactKey: Guid(d4e3024a78cdcf14a9678e1afa4eede8) Importer(815301076,1909f56bfc062723c751e8b465ee728b)
Start importing Assets/Oculus/SampleFramework/Usage/Passthrough/Prefabs/Flashlight.prefab using Guid(d4e3024a78cdcf14a9678e1afa4eede8) Importer(815301076,1909f56bfc062723c751e8b465ee728b)  -> (artifact id: '642d2092ec9a443ed27da1625ab943d1') in 0.044977 seconds 
========================================================================
Received Import Request.
  Time since last request: 0.000021 seconds.
  path: Assets/Oculus/SampleFramework/Core/CustomHands/CustomHandLeft.prefab
  artifactKey: Guid(e6ba3498ffa1e534b91a07264266e6b8) Importer(815301076,1909f56bfc062723c751e8b465ee728b)
Start importing Assets/Oculus/SampleFramework/Core/CustomHands/CustomHandLeft.prefab using Guid(e6ba3498ffa1e534b91a07264266e6b8) Importer(815301076,1909f56bfc062723c751e8b465ee728b)  -> (artifact id: '791fe28efceff346de475453890f64ee') in 0.070834 seconds 
========================================================================
Received Import Request.
  Time since last request: 0.000019 seconds.
  path: Assets/Oculus/Interaction/Runtime/Prefabs/Debug/FingerFeatureSkeletalDebugVisual.prefab
  artifactKey: Guid(072f28eaf071f834e82a66e5843572c9) Importer(815301076,1909f56bfc062723c751e8b465ee728b)
Start importing Assets/Oculus/Interaction/Runtime/Prefabs/Debug/FingerFeatureSkeletalDebugVisual.prefab using Guid(072f28eaf071f834e82a66e5843572c9) Importer(815301076,1909f56bfc062723c751e8b465ee728b)  -> (artifact id: 'df88647996540e401c110557c860c4f1') in 0.017156 seconds 
========================================================================
Received Import Request.
  Time since last request: 0.000036 seconds.
  path: Assets/Oculus/SampleFramework/Core/DebugUI/Prefabs/DebugDivider.prefab
  artifactKey: Guid(61d9c2baaf4c42944ae89394cdca96a1) Importer(815301076,1909f56bfc062723c751e8b465ee728b)
Start importing Assets/Oculus/SampleFramework/Core/DebugUI/Prefabs/DebugDivider.prefab using Guid(61d9c2baaf4c42944ae89394cdca96a1) Importer(815301076,1909f56bfc062723c751e8b465ee728b)  -> (artifact id: 'dbb131f83cfabc64bece15c82c2ca9c5') in 0.007546 seconds 
========================================================================
Received Import Request.
  Time since last request: 0.000027 seconds.
  path: Assets/Oculus/Interaction/Samples/Objects/Environment/Tooltips/Dialog.prefab
  artifactKey: Guid(bf018bf093319f840a7314cb25167d8c) Importer(815301076,1909f56bfc062723c751e8b465ee728b)
Start importing Assets/Oculus/Interaction/Samples/Objects/Environment/Tooltips/Dialog.prefab using Guid(bf018bf093319f840a7314cb25167d8c) Importer(815301076,1909f56bfc062723c751e8b465ee728b)  -> (artifact id: 'de0da63fb58201016be6f165caabf6db') in 0.039791 seconds 
========================================================================
Received Import Request.
  Time since last request: 0.000023 seconds.
  path: Assets/Oculus/SampleFramework/Usage/DistanceGrab/Prefabs/OutlineItems/DistanceGrabOculusWaterBottlePf.prefab
  artifactKey: Guid(269666423cfb5994c9d52e58a9ee03d5) Importer(815301076,1909f56bfc062723c751e8b465ee728b)
Start importing Assets/Oculus/SampleFramework/Usage/DistanceGrab/Prefabs/OutlineItems/DistanceGrabOculusWaterBottlePf.prefab using Guid(269666423cfb5994c9d52e58a9ee03d5) Importer(815301076,1909f56bfc062723c751e8b465ee728b)  -> (artifact id: '8af3c908aa5d1fdb70c3fe7ae330f215') in 0.039129 seconds 
========================================================================
Received Import Request.
  Time since last request: 0.000050 seconds.
  path: Assets/Oculus/SampleFramework/Usage/SceneManager/Prefabs/FurniturePrefabs/GenericPrefab.prefab
  artifactKey: Guid(4448d19be5174b04aaffd0f79363db90) Importer(815301076,1909f56bfc062723c751e8b465ee728b)
Start importing Assets/Oculus/SampleFramework/Usage/SceneManager/Prefabs/FurniturePrefabs/GenericPrefab.prefab using Guid(4448d19be5174b04aaffd0f79363db90) Importer(815301076,1909f56bfc062723c751e8b465ee728b)  -> (artifact id: 'd64968c209651ddcbe8cee40c1f5edf0') in 0.013305 seconds 
========================================================================
Received Import Request.
  Time since last request: 0.000018 seconds.
  path: Assets/Oculus/Interaction/Runtime/Prefabs/Hands/FromLeftHandPrefab.prefab
  artifactKey: Guid(89d9bd3877c332b4d80a3741624b14ef) Importer(815301076,1909f56bfc062723c751e8b465ee728b)
Start importing Assets/Oculus/Interaction/Runtime/Prefabs/Hands/FromLeftHandPrefab.prefab using Guid(89d9bd3877c332b4d80a3741624b14ef) Importer(815301076,1909f56bfc062723c751e8b465ee728b)  -> (artifact id: 'a078841c8161b580b5e285e38dd44c30') in 0.005873 seconds 
========================================================================
Received Import Request.
  Time since last request: 0.000026 seconds.
  path: Assets/Oculus/SampleFramework/Usage/DistanceGrab/Prefabs/GrabOffsetsAndPoses/GrabOffsetSportsBottle.prefab
  artifactKey: Guid(802a502bbd864114696daa6c2001c156) Importer(815301076,1909f56bfc062723c751e8b465ee728b)
Start importing Assets/Oculus/SampleFramework/Usage/DistanceGrab/Prefabs/GrabOffsetsAndPoses/GrabOffsetSportsBottle.prefab using Guid(802a502bbd864114696daa6c2001c156) Importer(815301076,1909f56bfc062723c751e8b465ee728b)  -> (artifact id: '2f252b5bf0245a7035d19da245389896') in 0.005829 seconds 
========================================================================
Received Import Request.
  Time since last request: 0.000016 seconds.
  path: Assets/Oculus/Interaction/Samples/Prefabs/OVRIntegration/Legacy/InteractionRigOVR-Basic.prefab
  artifactKey: Guid(c89b2c4e711f8a14ba3df7e4b3c71f12) Importer(815301076,1909f56bfc062723c751e8b465ee728b)
Start importing Assets/Oculus/Interaction/Samples/Prefabs/OVRIntegration/Legacy/InteractionRigOVR-Basic.prefab using Guid(c89b2c4e711f8a14ba3df7e4b3c71f12) Importer(815301076,1909f56bfc062723c751e8b465ee728b)  -> (artifact id: 'e91267efeea6b7bdef092e40980ebab4') in 0.646169 seconds 
========================================================================
Received Import Request.
  Time since last request: 0.000028 seconds.
  path: Assets/Oculus/SampleFramework/Usage/Passthrough/Prefabs/SceneSampler.prefab
  artifactKey: Guid(220df4ca43f2b4f4b8ce95f502e1de2f) Importer(815301076,1909f56bfc062723c751e8b465ee728b)
Start importing Assets/Oculus/SampleFramework/Usage/Passthrough/Prefabs/SceneSampler.prefab using Guid(220df4ca43f2b4f4b8ce95f502e1de2f) Importer(815301076,1909f56bfc062723c751e8b465ee728b)  -> (artifact id: '1d2ea01bbd2ea5c62b222f26231c7357') in 0.009299 seconds 
========================================================================
Received Import Request.
  Time since last request: 0.000038 seconds.
  path: Assets/Oculus/SampleFramework/Usage/SharedAssets/Prefabs/SoccerBallPf.prefab
  artifactKey: Guid(2942a9241566d9f49916c618e9dc95a7) Importer(815301076,1909f56bfc062723c751e8b465ee728b)
Start importing Assets/Oculus/SampleFramework/Usage/SharedAssets/Prefabs/SoccerBallPf.prefab using Guid(2942a9241566d9f49916c618e9dc95a7) Importer(815301076,1909f56bfc062723c751e8b465ee728b)  -> (artifact id: 'f05e37550c248962980b49183b793570') in 0.017662 seconds 
========================================================================
Received Import Request.
  Time since last request: 0.000029 seconds.
  path: Assets/Oculus/SampleFramework/Usage/HandsTrainExample/Prefabs/StraightSegment.prefab
  artifactKey: Guid(8abf81966316aaa4ab3c679a2a46c5b4) Importer(815301076,1909f56bfc062723c751e8b465ee728b)
Start importing Assets/Oculus/SampleFramework/Usage/HandsTrainExample/Prefabs/StraightSegment.prefab using Guid(8abf81966316aaa4ab3c679a2a46c5b4) Importer(815301076,1909f56bfc062723c751e8b465ee728b)  -> (artifact id: '81e5da47e7e8051573a1c24e7b5dfa64') in 0.161233 seconds 
========================================================================
Received Import Request.
  Time since last request: 0.000072 seconds.
  path: Assets/Oculus/Interaction/Samples/Objects/Props/Keypad/Keypad.prefab
  artifactKey: Guid(6cdae152c904f8a4db9f6da2328f153d) Importer(815301076,1909f56bfc062723c751e8b465ee728b)
Start importing Assets/Oculus/Interaction/Samples/Objects/Props/Keypad/Keypad.prefab using Guid(6cdae152c904f8a4db9f6da2328f153d) Importer(815301076,1909f56bfc062723c751e8b465ee728b)  -> (artifact id: '129fddd7413c9c65107ad1bc2f683b11') in 0.130939 seconds 
========================================================================
Received Import Request.
  Time since last request: 0.000034 seconds.
  path: Assets/Oculus/Voice/Lib/Wit.ai/Prefabs/Wit.prefab
  artifactKey: Guid(dc847e9f83e1d68469a4741be4840ccf) Importer(815301076,1909f56bfc062723c751e8b465ee728b)
Start importing Assets/Oculus/Voice/Lib/Wit.ai/Prefabs/Wit.prefab using Guid(dc847e9f83e1d68469a4741be4840ccf) Importer(815301076,1909f56bfc062723c751e8b465ee728b)  -> (artifact id: '1e417be794576c4849218020a4620dd9') in 0.017802 seconds 
========================================================================
Received Import Request.
  Time since last request: 0.000072 seconds.
  path: Assets/Oculus/SampleFramework/Usage/HandsTrainExample/Prefabs/XingPost.prefab
  artifactKey: Guid(c5170255550e6fa43a078b7f187375e7) Importer(815301076,1909f56bfc062723c751e8b465ee728b)
Start importing Assets/Oculus/SampleFramework/Usage/HandsTrainExample/Prefabs/XingPost.prefab using Guid(c5170255550e6fa43a078b7f187375e7) Importer(815301076,1909f56bfc062723c751e8b465ee728b)  -> (artifact id: 'f000dd09c0cbe14415108134d8f65dcb') in 0.107937 seconds 
========================================================================
Received Import Request.
  Time since last request: 0.000035 seconds.
  path: Assets/Oculus/Interaction/Samples/Objects/Props/Mug/Mug.prefab
  artifactKey: Guid(25c090698b1b94e4d9a8f6d5494bdf31) Importer(815301076,1909f56bfc062723c751e8b465ee728b)
Start importing Assets/Oculus/Interaction/Samples/Objects/Props/Mug/Mug.prefab using Guid(25c090698b1b94e4d9a8f6d5494bdf31) Importer(815301076,1909f56bfc062723c751e8b465ee728b)  -> (artifact id: 'afec55f5e48c685f74a30d6e4a066c60') in 0.056022 seconds 
========================================================================
Received Import Request.
  Time since last request: 0.000022 seconds.
  path: Assets/Oculus/Interaction/OVRIntegration/Runtime/Prefabs/Hands/OVRFromRightHandPrefab.prefab
  artifactKey: Guid(f610b7d0d48fa194193a8edc8f1c4959) Importer(815301076,1909f56bfc062723c751e8b465ee728b)
Start importing Assets/Oculus/Interaction/OVRIntegration/Runtime/Prefabs/Hands/OVRFromRightHandPrefab.prefab using Guid(f610b7d0d48fa194193a8edc8f1c4959) Importer(815301076,1909f56bfc062723c751e8b465ee728b)  -> (artifact id: 'afc2f70d43a4b8a92f80226aed5223f8') in 0.019243 seconds 
========================================================================
Received Import Request.
  Time since last request: 0.000035 seconds.
  path: Assets/Oculus/Platform/Samples/VrBoardGame/Prefabs/PieceB.prefab
  artifactKey: Guid(ff8c3ef67a52afc4a9cf330f025fdec3) Importer(815301076,1909f56bfc062723c751e8b465ee728b)
Start importing Assets/Oculus/Platform/Samples/VrBoardGame/Prefabs/PieceB.prefab using Guid(ff8c3ef67a52afc4a9cf330f025fdec3) Importer(815301076,1909f56bfc062723c751e8b465ee728b)  -> (artifact id: '43cf65fd2a01b8d358afd3a492e4a1e9') in 0.015726 seconds 
========================================================================
Received Import Request.
  Time since last request: 0.000053 seconds.
  path: Assets/Oculus/Interaction/Samples/Objects/Props/Key/Key.prefab
  artifactKey: Guid(2a54b78eced40e74db39ff12257d5702) Importer(815301076,1909f56bfc062723c751e8b465ee728b)
Start importing Assets/Oculus/Interaction/Samples/Objects/Props/Key/Key.prefab using Guid(2a54b78eced40e74db39ff12257d5702) Importer(815301076,1909f56bfc062723c751e8b465ee728b)  -> (artifact id: 'baee26d36eb0fee3a5a4624668627738') in 0.025141 seconds 
========================================================================
Received Import Request.
  Time since last request: 0.000028 seconds.
  path: Assets/Oculus/Interaction/Runtime/Prefabs/Debug/TransformFeatureDebugVisual.prefab
  artifactKey: Guid(ec53f1dd35837b749a033d3c0efeec02) Importer(815301076,1909f56bfc062723c751e8b465ee728b)
Start importing Assets/Oculus/Interaction/Runtime/Prefabs/Debug/TransformFeatureDebugVisual.prefab using Guid(ec53f1dd35837b749a033d3c0efeec02) Importer(815301076,1909f56bfc062723c751e8b465ee728b)  -> (artifact id: '0505458041526a0bdb4e59c4819cbbda') in 0.018229 seconds 
========================================================================
Received Import Request.
  Time since last request: 0.000058 seconds.
  path: Assets/Oculus/SampleFramework/Usage/SceneManager/Prefabs/InvisiblePlane_Switcher.prefab
  artifactKey: Guid(16fe4642d4c1d4640929478eee36078f) Importer(815301076,1909f56bfc062723c751e8b465ee728b)
Start importing Assets/Oculus/SampleFramework/Usage/SceneManager/Prefabs/InvisiblePlane_Switcher.prefab using Guid(16fe4642d4c1d4640929478eee36078f) Importer(815301076,1909f56bfc062723c751e8b465ee728b)  -> (artifact id: '2e751eb67e1e98d98dd0d073a3fbb3b8') in 0.015826 seconds 
========================================================================
Received Import Request.
  Time since last request: 0.000025 seconds.
  path: Assets/Oculus/SampleFramework/Core/HandsInteraction/Prefabs/FingerTipPokeToolPinky.prefab
  artifactKey: Guid(d64b2e1f5538eca479e4bc093f451518) Importer(815301076,1909f56bfc062723c751e8b465ee728b)
Start importing Assets/Oculus/SampleFramework/Core/HandsInteraction/Prefabs/FingerTipPokeToolPinky.prefab using Guid(d64b2e1f5538eca479e4bc093f451518) Importer(815301076,1909f56bfc062723c751e8b465ee728b)  -> (artifact id: '80a0b6911594dace69b92ceee5e49b9a') in 0.013052 seconds 
========================================================================
Received Import Request.
  Time since last request: 0.000017 seconds.
  path: Assets/Oculus/Interaction/Runtime/Prefabs/Locomotion/TeleportHandInteractor.prefab
  artifactKey: Guid(7554c31b8982af447ace36d015744ef2) Importer(815301076,1909f56bfc062723c751e8b465ee728b)
Start importing Assets/Oculus/Interaction/Runtime/Prefabs/Locomotion/TeleportHandInteractor.prefab using Guid(7554c31b8982af447ace36d015744ef2) Importer(815301076,1909f56bfc062723c751e8b465ee728b)  -> (artifact id: '08bc980a4d5a9b79d2b4831ca2bd4145') in 0.046558 seconds 
========================================================================
Received Import Request.
  Time since last request: 0.000025 seconds.
  path: Assets/Oculus/Interaction/Runtime/Prefabs/DistanceHandGrab/Reticles/ReticleMesh.prefab
  artifactKey: Guid(4f498c02c6abd9240965900485454116) Importer(815301076,1909f56bfc062723c751e8b465ee728b)
Start importing Assets/Oculus/Interaction/Runtime/Prefabs/DistanceHandGrab/Reticles/ReticleMesh.prefab using Guid(4f498c02c6abd9240965900485454116) Importer(815301076,1909f56bfc062723c751e8b465ee728b)  -> (artifact id: '7e4fb983aef1753fc733781d1b423d46') in 0.007887 seconds 
========================================================================
Received Import Request.
  Time since last request: 0.000032 seconds.
  path: Assets/Oculus/SampleFramework/Usage/TouchPro/Prefabs/Ui/UiPanelPf (Controls - LocalizedHaptics).prefab
  artifactKey: Guid(6f4845ad3efc4e343bb7dc7de09c0b54) Importer(815301076,1909f56bfc062723c751e8b465ee728b)
Start importing Assets/Oculus/SampleFramework/Usage/TouchPro/Prefabs/Ui/UiPanelPf (Controls - LocalizedHaptics).prefab using Guid(6f4845ad3efc4e343bb7dc7de09c0b54) Importer(815301076,1909f56bfc062723c751e8b465ee728b)  -> (artifact id: '02b023ac290489948b5cb458a74fe512') in 0.011174 seconds 
========================================================================
Received Import Request.
  Time since last request: 0.000024 seconds.
  path: Assets/Oculus/Interaction/Samples/Objects/Props/StonePolyhedra/StoneOctahedron.prefab
  artifactKey: Guid(63b105a6ee122134295e170669579854) Importer(815301076,1909f56bfc062723c751e8b465ee728b)
Start importing Assets/Oculus/Interaction/Samples/Objects/Props/StonePolyhedra/StoneOctahedron.prefab using Guid(63b105a6ee122134295e170669579854) Importer(815301076,1909f56bfc062723c751e8b465ee728b)  -> (artifact id: '3a37ac975dbf6e9f8dbf96567204f87b') in 0.060705 seconds 
========================================================================
Received Import Request.
  Time since last request: 0.000028 seconds.
  path: Assets/Oculus/Interaction/Samples/Objects/Environment/Screen/Screen.prefab
  artifactKey: Guid(f9900ece3d50eea4c96eae31b98ab9bb) Importer(815301076,1909f56bfc062723c751e8b465ee728b)
Start importing Assets/Oculus/Interaction/Samples/Objects/Environment/Screen/Screen.prefab using Guid(f9900ece3d50eea4c96eae31b98ab9bb) Importer(815301076,1909f56bfc062723c751e8b465ee728b)  -> (artifact id: 'aaf75d580de911a5e7c9f66b83f19221') in 0.021492 seconds 
========================================================================
Received Import Request.
  Time since last request: 0.000028 seconds.
  path: Assets/Oculus/SampleFramework/Usage/Passthrough/Prefabs/PassthroughStyler.prefab
  artifactKey: Guid(f1984b633af3d214aa142412a785ad04) Importer(815301076,1909f56bfc062723c751e8b465ee728b)
Start importing Assets/Oculus/SampleFramework/Usage/Passthrough/Prefabs/PassthroughStyler.prefab using Guid(f1984b633af3d214aa142412a785ad04) Importer(815301076,1909f56bfc062723c751e8b465ee728b)  -> (artifact id: '8184a3e1d4ed9786b4758d6b076c9960') in 0.015156 seconds 
========================================================================
Received Import Request.
  Time since last request: 0.000034 seconds.
  path: Assets/Oculus/Interaction/Samples/Objects/Props/StonePolyhedra/StoneIcosahedron.prefab
  artifactKey: Guid(975bcaf61a9872e488aa68d572fd4fb4) Importer(815301076,1909f56bfc062723c751e8b465ee728b)
Start importing Assets/Oculus/Interaction/Samples/Objects/Props/StonePolyhedra/StoneIcosahedron.prefab using Guid(975bcaf61a9872e488aa68d572fd4fb4) Importer(815301076,1909f56bfc062723c751e8b465ee728b)  -> (artifact id: 'b36629f8e4a759880e1da49342233f67') in 0.052382 seconds 
========================================================================
Received Import Request.
  Time since last request: 0.000031 seconds.
  path: Assets/Oculus/SampleFramework/Usage/Locomotion/Prefabs/WalkWedgePf.prefab
  artifactKey: Guid(1ebbf2a1c8f914adb93d6505f0368a02) Importer(815301076,1909f56bfc062723c751e8b465ee728b)
Start importing Assets/Oculus/SampleFramework/Usage/Locomotion/Prefabs/WalkWedgePf.prefab using Guid(1ebbf2a1c8f914adb93d6505f0368a02) Importer(815301076,1909f56bfc062723c751e8b465ee728b)  -> (artifact id: '0dfa343db76828ffa46d0105d6bbc4cc') in 0.061226 seconds 
========================================================================
Received Import Request.
  Time since last request: 0.000022 seconds.
  path: Assets/Oculus/Interaction/Samples/Objects/Props/SampleCanvas.prefab
  artifactKey: Guid(a9cf11e13b54579409527dfbfd718499) Importer(815301076,1909f56bfc062723c751e8b465ee728b)
Start importing Assets/Oculus/Interaction/Samples/Objects/Props/SampleCanvas.prefab using Guid(a9cf11e13b54579409527dfbfd718499) Importer(815301076,1909f56bfc062723c751e8b465ee728b)  -> (artifact id: 'fcbc818c04c82e7e353d297f13f6c941') in 0.014715 seconds 
========================================================================
Received Import Request.
  Time since last request: 0.000025 seconds.
  path: Assets/Oculus/SampleFramework/Usage/TouchPro/Prefabs/Ui/UiAxis2dInspectorPf.prefab
  artifactKey: Guid(b739f40605e17c4418d9bf88647bc9a7) Importer(815301076,1909f56bfc062723c751e8b465ee728b)
Start importing Assets/Oculus/SampleFramework/Usage/TouchPro/Prefabs/Ui/UiAxis2dInspectorPf.prefab using Guid(b739f40605e17c4418d9bf88647bc9a7) Importer(815301076,1909f56bfc062723c751e8b465ee728b)  -> (artifact id: '84c8f456d3cf624da6e94aac40582352') in 0.008212 seconds 
========================================================================
Received Import Request.
  Time since last request: 0.000029 seconds.
  path: Assets/Oculus/Interaction/Runtime/Prefabs/TouchHandGrab/TouchHandGrabInteractor.prefab
  artifactKey: Guid(f653037372452974eba5acb6a0439f3f) Importer(815301076,1909f56bfc062723c751e8b465ee728b)
Start importing Assets/Oculus/Interaction/Runtime/Prefabs/TouchHandGrab/TouchHandGrabInteractor.prefab using Guid(f653037372452974eba5acb6a0439f3f) Importer(815301076,1909f56bfc062723c751e8b465ee728b)  -> (artifact id: 'b75246ae6a0f8f93822e5af8f465ba7f') in 0.005728 seconds 
========================================================================
Received Import Request.
  Time since last request: 0.000019 seconds.
  path: Assets/Oculus/Interaction/Samples/Prefabs/HandPose/LPose.prefab
  artifactKey: Guid(e5743c2e48945e149af1e6410d886c4c) Importer(815301076,1909f56bfc062723c751e8b465ee728b)
Start importing Assets/Oculus/Interaction/Samples/Prefabs/HandPose/LPose.prefab using Guid(e5743c2e48945e149af1e6410d886c4c) Importer(815301076,1909f56bfc062723c751e8b465ee728b)  -> (artifact id: 'eaf0aa57d21d19245388c04b98708b0f') in 0.007837 seconds 
========================================================================
Received Import Request.
  Time since last request: 0.000023 seconds.
  path: Assets/Oculus/SampleFramework/Usage/TouchPro/Prefabs/Ui/UiPanelPf (ControlsBase).prefab
  artifactKey: Guid(3ab42a0dcf16df14781a4e7589e4689f) Importer(815301076,1909f56bfc062723c751e8b465ee728b)
Start importing Assets/Oculus/SampleFramework/Usage/TouchPro/Prefabs/Ui/UiPanelPf (ControlsBase).prefab using Guid(3ab42a0dcf16df14781a4e7589e4689f) Importer(815301076,1909f56bfc062723c751e8b465ee728b)  -> (artifact id: 'b4f6fd7527565a1942a741984771ba65') in 0.007309 seconds 
========================================================================
Received Import Request.
  Time since last request: 0.000017 seconds.
  path: Assets/Oculus/Interaction/OVRIntegration/Runtime/Prefabs/TouchHandGrab/OVRHandSphereMap.prefab
  artifactKey: Guid(47e21ad323ffa484e9de5d3013133bf6) Importer(815301076,1909f56bfc062723c751e8b465ee728b)
Start importing Assets/Oculus/Interaction/OVRIntegration/Runtime/Prefabs/TouchHandGrab/OVRHandSphereMap.prefab using Guid(47e21ad323ffa484e9de5d3013133bf6) Importer(815301076,1909f56bfc062723c751e8b465ee728b)  -> (artifact id: '205bf1985288fa3fe336ac4faba7c39c') in 0.017411 seconds 
========================================================================
Received Import Request.
  Time since last request: 0.000048 seconds.
  path: Assets/Oculus/VR/Prefabs/OVRControllerPrefab.prefab
  artifactKey: Guid(d9809c5e8418bb047bf2c8ba1d1a2cec) Importer(815301076,1909f56bfc062723c751e8b465ee728b)
Start importing Assets/Oculus/VR/Prefabs/OVRControllerPrefab.prefab using Guid(d9809c5e8418bb047bf2c8ba1d1a2cec) Importer(815301076,1909f56bfc062723c751e8b465ee728b)  -> (artifact id: 'f6f976ac5702ba618fd12abee377e30c') in 0.431492 seconds 
========================================================================
Received Import Request.
  Time since last request: 0.000055 seconds.
  path: Assets/Oculus/SampleFramework/Usage/DistanceGrab/Prefabs/OutlineItems/ToyT-BlockPf.prefab
  artifactKey: Guid(71c0d03ed4a012745b06a34e478c3e84) Importer(815301076,1909f56bfc062723c751e8b465ee728b)
Start importing Assets/Oculus/SampleFramework/Usage/DistanceGrab/Prefabs/OutlineItems/ToyT-BlockPf.prefab using Guid(71c0d03ed4a012745b06a34e478c3e84) Importer(815301076,1909f56bfc062723c751e8b465ee728b)  -> (artifact id: 'd869025f89e9d713d966ce3823faeca1') in 0.011510 seconds 
========================================================================
Received Import Request.
  Time since last request: 0.000041 seconds.
  path: Assets/Oculus/LipSync/Prefabs/LipSyncTextureFlipTarget_Robot.prefab
  artifactKey: Guid(8dc55266323c0ad439967b2975af7840) Importer(815301076,1909f56bfc062723c751e8b465ee728b)
Start importing Assets/Oculus/LipSync/Prefabs/LipSyncTextureFlipTarget_Robot.prefab using Guid(8dc55266323c0ad439967b2975af7840) Importer(815301076,1909f56bfc062723c751e8b465ee728b)  -> (artifact id: '6ed39367792b2829b56a80ace2753719') in 0.073120 seconds 
========================================================================
Received Import Request.
  Time since last request: 0.000024 seconds.
  path: Assets/Oculus/SampleFramework/Core/Locomotion/TeleportPoint.prefab
  artifactKey: Guid(ded1d2e0d283d62428212702b4ed5f3f) Importer(815301076,1909f56bfc062723c751e8b465ee728b)
Start importing Assets/Oculus/SampleFramework/Core/Locomotion/TeleportPoint.prefab using Guid(ded1d2e0d283d62428212702b4ed5f3f) Importer(815301076,1909f56bfc062723c751e8b465ee728b)  -> (artifact id: '06e6bfcf8079dc325a2ad44c3b17711a') in 0.020286 seconds 
========================================================================
Received Import Request.
  Time since last request: 0.000053 seconds.
  path: Assets/Oculus/LipSync/Prefabs/LipSyncDebugConsole.prefab
  artifactKey: Guid(e4c63fc874ed2ed42b7808b1a310238a) Importer(815301076,1909f56bfc062723c751e8b465ee728b)
Start importing Assets/Oculus/LipSync/Prefabs/LipSyncDebugConsole.prefab using Guid(e4c63fc874ed2ed42b7808b1a310238a) Importer(815301076,1909f56bfc062723c751e8b465ee728b)  -> (artifact id: 'defd22986fb660065b7541e7723c584d') in 0.009321 seconds 
========================================================================
Received Import Request.
  Time since last request: 0.000025 seconds.
  path: Assets/Oculus/Interaction/Runtime/Prefabs/Grab/GrabInteractable.prefab
  artifactKey: Guid(4a3c8f82a01756d43afc639499c0ce51) Importer(815301076,1909f56bfc062723c751e8b465ee728b)
Start importing Assets/Oculus/Interaction/Runtime/Prefabs/Grab/GrabInteractable.prefab using Guid(4a3c8f82a01756d43afc639499c0ce51) Importer(815301076,1909f56bfc062723c751e8b465ee728b)  -> (artifact id: '4348e1a6a9f7ad19e29aaddb3b49a202') in 0.013862 seconds 
========================================================================
Received Import Request.
  Time since last request: 0.000025 seconds.
  path: Assets/Oculus/SampleFramework/Core/DebugUI/Prefabs/UIHelpers.prefab
  artifactKey: Guid(a9d2de84afb308a4796cc671d3432b4d) Importer(815301076,1909f56bfc062723c751e8b465ee728b)
Start importing Assets/Oculus/SampleFramework/Core/DebugUI/Prefabs/UIHelpers.prefab using Guid(a9d2de84afb308a4796cc671d3432b4d) Importer(815301076,1909f56bfc062723c751e8b465ee728b)  -> (artifact id: '842b23293c6fba2b3036c24aab2d5998') in 0.016250 seconds 
========================================================================
Received Import Request.
  Time since last request: 0.000018 seconds.
  path: Assets/Oculus/Interaction/Runtime/Prefabs/VelocityCalculators/ControllerVelocityCalculator.prefab
  artifactKey: Guid(b6e5411f1b2c1fd4ab99a43d2142ea16) Importer(815301076,1909f56bfc062723c751e8b465ee728b)
Start importing Assets/Oculus/Interaction/Runtime/Prefabs/VelocityCalculators/ControllerVelocityCalculator.prefab using Guid(b6e5411f1b2c1fd4ab99a43d2142ea16) Importer(815301076,1909f56bfc062723c751e8b465ee728b)  -> (artifact id: 'a574f3d23c17df6a762615940bfb404f') in 0.008497 seconds 
========================================================================
Received Import Request.
  Time since last request: 0.000033 seconds.
  path: Assets/Oculus/Interaction/Samples/Audio/Prefabs/PoseDetectionThumbsUpAudio.prefab
  artifactKey: Guid(e41dda0e6564ae74f8d1d1e1a555975b) Importer(815301076,1909f56bfc062723c751e8b465ee728b)
Start importing Assets/Oculus/Interaction/Samples/Audio/Prefabs/PoseDetectionThumbsUpAudio.prefab using Guid(e41dda0e6564ae74f8d1d1e1a555975b) Importer(815301076,1909f56bfc062723c751e8b465ee728b)  -> (artifact id: 'aef0eab24832509df071fd3fd54e630b') in 0.007501 seconds 
========================================================================
Received Import Request.
  Time since last request: 0.000060 seconds.
  path: Assets/Oculus/Interaction/Samples/Audio/Prefabs/DistanceGrabPullAudio.prefab
  artifactKey: Guid(d16133c9c679fed4d9ee5dc47a5a11b9) Importer(815301076,1909f56bfc062723c751e8b465ee728b)
Start importing Assets/Oculus/Interaction/Samples/Audio/Prefabs/DistanceGrabPullAudio.prefab using Guid(d16133c9c679fed4d9ee5dc47a5a11b9) Importer(815301076,1909f56bfc062723c751e8b465ee728b)  -> (artifact id: '114e619b30b2a46de49d82fd5e205a91') in 0.011403 seconds 
========================================================================
Received Import Request.
  Time since last request: 0.000025 seconds.
  path: Assets/Oculus/Interaction/Samples/Objects/Props/MapWithPins/Pin.prefab
  artifactKey: Guid(cc68667a9a6b3d346b7035f6ae372ff7) Importer(815301076,1909f56bfc062723c751e8b465ee728b)
Start importing Assets/Oculus/Interaction/Samples/Objects/Props/MapWithPins/Pin.prefab using Guid(cc68667a9a6b3d346b7035f6ae372ff7) Importer(815301076,1909f56bfc062723c751e8b465ee728b)  -> (artifact id: '74391f4eb15ba81ff1207a88e233cbd3') in 0.024895 seconds 
========================================================================
Received Import Request.
  Time since last request: 0.000019 seconds.
  path: Assets/Oculus/Interaction/Runtime/Prefabs/Controllers.prefab
  artifactKey: Guid(ad9b966cab9674348856e3325c3cb4ba) Importer(815301076,1909f56bfc062723c751e8b465ee728b)
Start importing Assets/Oculus/Interaction/Runtime/Prefabs/Controllers.prefab using Guid(ad9b966cab9674348856e3325c3cb4ba) Importer(815301076,1909f56bfc062723c751e8b465ee728b)  -> (artifact id: '61f1ca2e05c023e80517cc0e74db0bb0') in 0.006555 seconds 
========================================================================
Received Import Request.
  Time since last request: 0.000023 seconds.
  path: Assets/Oculus/Interaction/Runtime/Prefabs/Ray/RayInteractable.prefab
  artifactKey: Guid(7948691e53a735b4f868799331ccf8b6) Importer(815301076,1909f56bfc062723c751e8b465ee728b)
Start importing Assets/Oculus/Interaction/Runtime/Prefabs/Ray/RayInteractable.prefab using Guid(7948691e53a735b4f868799331ccf8b6) Importer(815301076,1909f56bfc062723c751e8b465ee728b)  -> (artifact id: '18c5f69b7634406c39628fbb4e5f2e82') in 0.015181 seconds 
========================================================================
Received Import Request.
  Time since last request: 0.000047 seconds.
  path: Assets/Oculus/Interaction/Runtime/Prefabs/Debug/TransformFeatureVectorDebugVisual.prefab
  artifactKey: Guid(25a7ae0e6b801a34e9ceb5b3aa8c9955) Importer(815301076,1909f56bfc062723c751e8b465ee728b)
Start importing Assets/Oculus/Interaction/Runtime/Prefabs/Debug/TransformFeatureVectorDebugVisual.prefab using Guid(25a7ae0e6b801a34e9ceb5b3aa8c9955) Importer(815301076,1909f56bfc062723c751e8b465ee728b)  -> (artifact id: 'd5e51a6f67659130587a0639d398f749') in 0.018668 seconds 
========================================================================
Received Import Request.
  Time since last request: 0.000027 seconds.
  path: Assets/Oculus/Interaction/Samples/Objects/Environment/SmallRoom/SmallRoomEnvironment.prefab
  artifactKey: Guid(e422343ceaaa73a4a9729d31c9cd6dd2) Importer(815301076,1909f56bfc062723c751e8b465ee728b)
Start importing Assets/Oculus/Interaction/Samples/Objects/Environment/SmallRoom/SmallRoomEnvironment.prefab using Guid(e422343ceaaa73a4a9729d31c9cd6dd2) Importer(815301076,1909f56bfc062723c751e8b465ee728b)  -> (artifact id: '237f6a49893e147f154bb8e4bbcdd9c7') in 0.198142 seconds 
========================================================================
Received Import Request.
  Time since last request: 0.000044 seconds.
  path: Assets/Oculus/SampleFramework/Usage/HandsTrainExample/Prefabs/SimpleTrainTrack.prefab
  artifactKey: Guid(f33f22767ed8d5f448588d4456526b8c) Importer(815301076,1909f56bfc062723c751e8b465ee728b)
Start importing Assets/Oculus/SampleFramework/Usage/HandsTrainExample/Prefabs/SimpleTrainTrack.prefab using Guid(f33f22767ed8d5f448588d4456526b8c) Importer(815301076,1909f56bfc062723c751e8b465ee728b)  -> (artifact id: '1eb3f51d22fd5b6e43e0959c2b76dc71') in 0.180606 seconds 
========================================================================
Received Import Request.
  Time since last request: 0.000035 seconds.
  path: Assets/Oculus/SampleFramework/Usage/SceneManager/Prefabs/InvisiblePlane.prefab
  artifactKey: Guid(19eaa1918d9a5014889edb43d3e32f55) Importer(815301076,1909f56bfc062723c751e8b465ee728b)
Start importing Assets/Oculus/SampleFramework/Usage/SceneManager/Prefabs/InvisiblePlane.prefab using Guid(19eaa1918d9a5014889edb43d3e32f55) Importer(815301076,1909f56bfc062723c751e8b465ee728b)  -> (artifact id: '36c6bf58742bfa9f2106f43096a874aa') in 0.007557 seconds 
========================================================================
Received Import Request.
  Time since last request: 0.000021 seconds.
  path: Assets/Oculus/SampleFramework/Usage/OVROverlay/Prefabs/OverlayUICamera.prefab
  artifactKey: Guid(86b26048b3afda744b007257161860dc) Importer(815301076,1909f56bfc062723c751e8b465ee728b)
Start importing Assets/Oculus/SampleFramework/Usage/OVROverlay/Prefabs/OverlayUICamera.prefab using Guid(86b26048b3afda744b007257161860dc) Importer(815301076,1909f56bfc062723c751e8b465ee728b)  -> (artifact id: '4624c44b1f18de6ede1494c6ecffe272') in 0.005961 seconds 
========================================================================
Received Import Request.
  Time since last request: 0.000036 seconds.
  path: Assets/Oculus/SampleFramework/Usage/Passthrough/Prefabs/LineSegment.prefab
  artifactKey: Guid(aa578d7f416c7f34bae9343334788be7) Importer(815301076,1909f56bfc062723c751e8b465ee728b)
Start importing Assets/Oculus/SampleFramework/Usage/Passthrough/Prefabs/LineSegment.prefab using Guid(aa578d7f416c7f34bae9343334788be7) Importer(815301076,1909f56bfc062723c751e8b465ee728b)  -> (artifact id: 'ecb2a34ec797e1fab88678f8df2da95e') in 0.014182 seconds 
========================================================================
Received Import Request.
  Time since last request: 0.000032 seconds.
  path: Assets/Oculus/Interaction/Runtime/Prefabs/TouchHandGrab/HandSphereMap.prefab
  artifactKey: Guid(738b9f333fadf6c46bb8417e623af83e) Importer(815301076,1909f56bfc062723c751e8b465ee728b)
Start importing Assets/Oculus/Interaction/Runtime/Prefabs/TouchHandGrab/HandSphereMap.prefab using Guid(738b9f333fadf6c46bb8417e623af83e) Importer(815301076,1909f56bfc062723c751e8b465ee728b)  -> (artifact id: '88b4c5b83b0cd325704d4507875acee1') in 0.005213 seconds 
========================================================================
Received Import Request.
  Time since last request: 0.000025 seconds.
  path: Assets/Oculus/Interaction/Runtime/Prefabs/Hands/LeftHandVisual.prefab
  artifactKey: Guid(4a2d97a183ee4d3468daff21b3c92689) Importer(815301076,1909f56bfc062723c751e8b465ee728b)
Start importing Assets/Oculus/Interaction/Runtime/Prefabs/Hands/LeftHandVisual.prefab using Guid(4a2d97a183ee4d3468daff21b3c92689) Importer(815301076,1909f56bfc062723c751e8b465ee728b)  -> (artifact id: '93dbaee40649faa9b97852a1d85eb89b') in 0.007019 seconds 
========================================================================
Received Import Request.
  Time since last request: 0.000024 seconds.
  path: Assets/Oculus/SampleFramework/Core/DebugUI/Prefabs/DebugToggle.prefab
  artifactKey: Guid(8ff769690226dec4ea7ad1cea633b2c3) Importer(815301076,1909f56bfc062723c751e8b465ee728b)
Start importing Assets/Oculus/SampleFramework/Core/DebugUI/Prefabs/DebugToggle.prefab using Guid(8ff769690226dec4ea7ad1cea633b2c3) Importer(815301076,1909f56bfc062723c751e8b465ee728b)  -> (artifact id: '037bbbbb2e0f63ddc982a05aafb19dc6') in 0.007853 seconds 
========================================================================
Received Import Request.
  Time since last request: 0.000035 seconds.
  path: Assets/Oculus/Voice/Lib/Wit.ai/Features/TTS/Samples/Prefabs/TTSSpeakerPanel.prefab
  artifactKey: Guid(e264fcb4f1c2dc248bacd7a1f80da833) Importer(815301076,1909f56bfc062723c751e8b465ee728b)
Start importing Assets/Oculus/Voice/Lib/Wit.ai/Features/TTS/Samples/Prefabs/TTSSpeakerPanel.prefab using Guid(e264fcb4f1c2dc248bacd7a1f80da833) Importer(815301076,1909f56bfc062723c751e8b465ee728b)  -> (artifact id: 'bb4609a94fb7efa0306dde55b80edc31') in 0.018055 seconds 
========================================================================
Received Import Request.
  Time since last request: 0.000029 seconds.
  path: Assets/Oculus/SampleFramework/Usage/Locomotion/Prefabs/WallsAndDoorsPf.prefab
  artifactKey: Guid(e58e667acb62349e085229e0f8abfc7f) Importer(815301076,1909f56bfc062723c751e8b465ee728b)
Start importing Assets/Oculus/SampleFramework/Usage/Locomotion/Prefabs/WallsAndDoorsPf.prefab using Guid(e58e667acb62349e085229e0f8abfc7f) Importer(815301076,1909f56bfc062723c751e8b465ee728b)  -> (artifact id: '49367333651ccebccd1b307813b70f55') in 0.192247 seconds 
========================================================================
Received Import Request.
  Time since last request: 0.000041 seconds.
  path: Assets/Oculus/SampleFramework/Usage/SpatialAnchor/Prefabs/DemoAnchorPrefab.prefab
  artifactKey: Guid(cbd6efbdc5102a044bf11631bfccb0c1) Importer(815301076,1909f56bfc062723c751e8b465ee728b)
Start importing Assets/Oculus/SampleFramework/Usage/SpatialAnchor/Prefabs/DemoAnchorPrefab.prefab using Guid(cbd6efbdc5102a044bf11631bfccb0c1) Importer(815301076,1909f56bfc062723c751e8b465ee728b)  -> (artifact id: '27d58e97fa8096396ff97a68bcd6d692') in 0.034141 seconds 
========================================================================
Received Import Request.
  Time since last request: 0.000026 seconds.
  path: Assets/Oculus/Interaction/Samples/Objects/Props/HoverButtons.prefab
  artifactKey: Guid(4bf459842f45eb648a8e314fa01c55b6) Importer(815301076,1909f56bfc062723c751e8b465ee728b)
Start importing Assets/Oculus/Interaction/Samples/Objects/Props/HoverButtons.prefab using Guid(4bf459842f45eb648a8e314fa01c55b6) Importer(815301076,1909f56bfc062723c751e8b465ee728b)  -> (artifact id: '890a94ea5c90697ec8936c1a17226a43') in 0.031897 seconds 
========================================================================
Received Import Request.
  Time since last request: 0.000023 seconds.
  path: Assets/Oculus/Interaction/Runtime/Prefabs/DistanceHandGrab/Reticles/LeftHandReticle.prefab
  artifactKey: Guid(5e1b825472b43194ea12ab801eddb77f) Importer(815301076,1909f56bfc062723c751e8b465ee728b)
Start importing Assets/Oculus/Interaction/Runtime/Prefabs/DistanceHandGrab/Reticles/LeftHandReticle.prefab using Guid(5e1b825472b43194ea12ab801eddb77f) Importer(815301076,1909f56bfc062723c751e8b465ee728b)  -> (artifact id: 'a05dbb89ac23e20ebc7742719941cd03') in 0.006662 seconds 
========================================================================
Received Import Request.
  Time since last request: 0.000023 seconds.
  path: Assets/Oculus/Interaction/Runtime/Prefabs/DistanceHandGrab/Reticles/ReticleLine.prefab
  artifactKey: Guid(e06ae8cd9650553488e0949aa9da383b) Importer(815301076,1909f56bfc062723c751e8b465ee728b)
Start importing Assets/Oculus/Interaction/Runtime/Prefabs/DistanceHandGrab/Reticles/ReticleLine.prefab using Guid(e06ae8cd9650553488e0949aa9da383b) Importer(815301076,1909f56bfc062723c751e8b465ee728b)  -> (artifact id: '0438208f8fd2faf27dd2a1c776a5f686') in 0.013446 seconds 
========================================================================
Received Import Request.
  Time since last request: 0.000021 seconds.
  path: Assets/Oculus/Interaction/Runtime/Prefabs/DistanceHandGrab/DistanceHandGrabInteractor.prefab
  artifactKey: Guid(8b13b070429a7684eb2c1ae2367ad765) Importer(815301076,1909f56bfc062723c751e8b465ee728b)
Start importing Assets/Oculus/Interaction/Runtime/Prefabs/DistanceHandGrab/DistanceHandGrabInteractor.prefab using Guid(8b13b070429a7684eb2c1ae2367ad765) Importer(815301076,1909f56bfc062723c751e8b465ee728b)  -> (artifact id: '781747cb820cd4239bb262e2053e957f') in 0.010307 seconds 
========================================================================
Received Import Request.
  Time since last request: 0.000044 seconds.
  path: Assets/Oculus/Interaction/Samples/Audio/Prefabs/DistanceGrabUnhoverAudio.prefab
  artifactKey: Guid(00d254c069425494ba9774b33386ea29) Importer(815301076,1909f56bfc062723c751e8b465ee728b)
Start importing Assets/Oculus/Interaction/Samples/Audio/Prefabs/DistanceGrabUnhoverAudio.prefab using Guid(00d254c069425494ba9774b33386ea29) Importer(815301076,1909f56bfc062723c751e8b465ee728b)  -> (artifact id: '49c893592126a9188495f5cc0d4c6110') in 0.008778 seconds 
========================================================================
Received Import Request.
  Time since last request: 0.000029 seconds.
  path: Assets/Oculus/Interaction/Samples/Audio/Prefabs/ObjectReappearAudio.prefab
  artifactKey: Guid(a067db1b6411ce944a12ad8815474543) Importer(815301076,1909f56bfc062723c751e8b465ee728b)
Start importing Assets/Oculus/Interaction/Samples/Audio/Prefabs/ObjectReappearAudio.prefab using Guid(a067db1b6411ce944a12ad8815474543) Importer(815301076,1909f56bfc062723c751e8b465ee728b)  -> (artifact id: '8e89dcb1a5f0412e80f5bda0ddea5bc1') in 0.008739 seconds 
========================================================================
Received Import Request.
  Time since last request: 0.000027 seconds.
  path: Assets/Oculus/Interaction/Runtime/Prefabs/Locomotion/TeleportControllerInteractor.prefab
  artifactKey: Guid(9dbe1cda60e679648bfee3898ce17d93) Importer(815301076,1909f56bfc062723c751e8b465ee728b)
Start importing Assets/Oculus/Interaction/Runtime/Prefabs/Locomotion/TeleportControllerInteractor.prefab using Guid(9dbe1cda60e679648bfee3898ce17d93) Importer(815301076,1909f56bfc062723c751e8b465ee728b)  -> (artifact id: '0f5422bc682a555f62c0331a304a240e') in 0.037495 seconds 
========================================================================
Received Import Request.
  Time since last request: 0.000090 seconds.
  path: Assets/Oculus/Interaction/Runtime/Prefabs/Debug/SelectorDebugVisual.prefab
  artifactKey: Guid(2789b81452a53eb438f0467475526b1d) Importer(815301076,1909f56bfc062723c751e8b465ee728b)
Start importing Assets/Oculus/Interaction/Runtime/Prefabs/Debug/SelectorDebugVisual.prefab using Guid(2789b81452a53eb438f0467475526b1d) Importer(815301076,1909f56bfc062723c751e8b465ee728b)  -> (artifact id: '2d20c534f8e6c294f7d944e20117611a') in 0.015517 seconds 
========================================================================
Received Import Request.
  Time since last request: 0.000124 seconds.
  path: Assets/Oculus/Platform/Samples/VrBoardGame/Prefabs/PowerBall.prefab
  artifactKey: Guid(81a73acbe18cf784cb5184bd404c30bc) Importer(815301076,1909f56bfc062723c751e8b465ee728b)
Start importing Assets/Oculus/Platform/Samples/VrBoardGame/Prefabs/PowerBall.prefab using Guid(81a73acbe18cf784cb5184bd404c30bc) Importer(815301076,1909f56bfc062723c751e8b465ee728b)  -> (artifact id: 'bca2cae7e01c6775182c2d584cc46eca') in 0.013857 seconds 
========================================================================
Received Import Request.
  Time since last request: 0.000061 seconds.
  path: Assets/Oculus/Interaction/Samples/Audio/Prefabs/PoseDetectionRockAudio.prefab
  artifactKey: Guid(888b294c3b3fba740abcb51ad7388e9d) Importer(815301076,1909f56bfc062723c751e8b465ee728b)
Start importing Assets/Oculus/Interaction/Samples/Audio/Prefabs/PoseDetectionRockAudio.prefab using Guid(888b294c3b3fba740abcb51ad7388e9d) Importer(815301076,1909f56bfc062723c751e8b465ee728b)  -> (artifact id: '172b7e16096ae6db97b63eb255003208') in 0.006230 seconds 
========================================================================
Received Import Request.
  Time since last request: 0.000078 seconds.
  path: Assets/Oculus/Interaction/Runtime/Prefabs/Hmd.prefab
  artifactKey: Guid(982ea7c9970bf124bb5535f9df2f9531) Importer(815301076,1909f56bfc062723c751e8b465ee728b)
Start importing Assets/Oculus/Interaction/Runtime/Prefabs/Hmd.prefab using Guid(982ea7c9970bf124bb5535f9df2f9531) Importer(815301076,1909f56bfc062723c751e8b465ee728b)  -> (artifact id: 'a680c2e5d72375bf62a58522719b2414') in 0.004796 seconds 
========================================================================
Received Import Request.
  Time since last request: 0.000025 seconds.
  path: Assets/Oculus/Interaction/OVRIntegration/Runtime/Prefabs/Hands/OVRLeftHandVisual.prefab
  artifactKey: Guid(70d02a90551f23042a882cdceeaf8e3a) Importer(815301076,1909f56bfc062723c751e8b465ee728b)
Start importing Assets/Oculus/Interaction/OVRIntegration/Runtime/Prefabs/Hands/OVRLeftHandVisual.prefab using Guid(70d02a90551f23042a882cdceeaf8e3a) Importer(815301076,1909f56bfc062723c751e8b465ee728b)  -> (artifact id: 'df0c07ded641513baca1921003d653da') in 0.025042 seconds 
========================================================================
Received Import Request.
  Time since last request: 0.000021 seconds.
  path: Assets/Oculus/SampleFramework/Usage/TouchPro/Prefabs/Ui/UiPanelPf (Controls - StylusTip).prefab
  artifactKey: Guid(ba6d5acb8f8b6b54a9255cac79e99ae5) Importer(815301076,1909f56bfc062723c751e8b465ee728b)
Start importing Assets/Oculus/SampleFramework/Usage/TouchPro/Prefabs/Ui/UiPanelPf (Controls - StylusTip).prefab using Guid(ba6d5acb8f8b6b54a9255cac79e99ae5) Importer(815301076,1909f56bfc062723c751e8b465ee728b)  -> (artifact id: '16e6f03958191984f3e40f1efdc16bdc') in 0.006475 seconds 
========================================================================
Received Import Request.
  Time since last request: 0.000028 seconds.
  path: Assets/Oculus/VR/Prefabs/OVRCubemapCaptureProbe.prefab
  artifactKey: Guid(7a400e96d4650ff4e827a7e727fad81d) Importer(815301076,1909f56bfc062723c751e8b465ee728b)
Start importing Assets/Oculus/VR/Prefabs/OVRCubemapCaptureProbe.prefab using Guid(7a400e96d4650ff4e827a7e727fad81d) Importer(815301076,1909f56bfc062723c751e8b465ee728b)  -> (artifact id: 'fd6f7055d59e52d88f17b5f64a341d67') in 0.004635 seconds 
========================================================================
Received Import Request.
  Time since last request: 0.000021 seconds.
  path: Assets/Oculus/Platform/Samples/VrHoops/Prefabs/LeaderboardText.prefab
  artifactKey: Guid(09fc1e67c860e68488d20df60c04cb2a) Importer(815301076,1909f56bfc062723c751e8b465ee728b)
Start importing Assets/Oculus/Platform/Samples/VrHoops/Prefabs/LeaderboardText.prefab using Guid(09fc1e67c860e68488d20df60c04cb2a) Importer(815301076,1909f56bfc062723c751e8b465ee728b)  -> (artifact id: '0b0fb7b3f9ef69c1feaef32321f8a39e') in 0.004672 seconds 
========================================================================
Received Import Request.
  Time since last request: 0.000036 seconds.
  path: Assets/Oculus/SampleFramework/Usage/TouchPro/Prefabs/Ui/UiPanelPf (DeviceInspector).prefab
  artifactKey: Guid(9386533b59176fe4a99971e3de83d8dc) Importer(815301076,1909f56bfc062723c751e8b465ee728b)
Start importing Assets/Oculus/SampleFramework/Usage/TouchPro/Prefabs/Ui/UiPanelPf (DeviceInspector).prefab using Guid(9386533b59176fe4a99971e3de83d8dc) Importer(815301076,1909f56bfc062723c751e8b465ee728b)  -> (artifact id: '4127c1ca977e8a7253132ad3aa74367c') in 0.011567 seconds 
========================================================================
Received Import Request.
  Time since last request: 0.000022 seconds.
  path: Assets/Oculus/SampleFramework/Usage/Locomotion/Prefabs/ThinBarsPf.prefab
  artifactKey: Guid(555b14fdbb3654d92946230ea927ffda) Importer(815301076,1909f56bfc062723c751e8b465ee728b)
Start importing Assets/Oculus/SampleFramework/Usage/Locomotion/Prefabs/ThinBarsPf.prefab using Guid(555b14fdbb3654d92946230ea927ffda) Importer(815301076,1909f56bfc062723c751e8b465ee728b)  -> (artifact id: 'abf48198be9e21f69ff9127589c3e7d6') in 0.084477 seconds 
========================================================================
Received Import Request.
  Time since last request: 0.000023 seconds.
  path: Assets/Oculus/Interaction/Runtime/Prefabs/Hands/RightHandSynthetic.prefab
  artifactKey: Guid(237a83b022ba30a41906ffd8873eeb1e) Importer(815301076,1909f56bfc062723c751e8b465ee728b)
Start importing Assets/Oculus/Interaction/Runtime/Prefabs/Hands/RightHandSynthetic.prefab using Guid(237a83b022ba30a41906ffd8873eeb1e) Importer(815301076,1909f56bfc062723c751e8b465ee728b)  -> (artifact id: 'a846da02cf98978e826f34b8324172e1') in 0.009063 seconds 
========================================================================
Received Import Request.
  Time since last request: 0.000032 seconds.
  path: Assets/Oculus/SampleFramework/Usage/SceneManager/Prefabs/OVRSceneManager Variant.prefab
  artifactKey: Guid(01765cfbec2dc2d4f95b40ea0da6c0a8) Importer(815301076,1909f56bfc062723c751e8b465ee728b)
Start importing Assets/Oculus/SampleFramework/Usage/SceneManager/Prefabs/OVRSceneManager Variant.prefab using Guid(01765cfbec2dc2d4f95b40ea0da6c0a8) Importer(815301076,1909f56bfc062723c751e8b465ee728b)  -> (artifact id: 'ce25bf44104c8eed803578be91a5f84a') in 0.007114 seconds 
========================================================================
Received Import Request.
  Time since last request: 0.000072 seconds.
  path: Assets/Oculus/SampleFramework/Core/DistanceGrab/Prefabs/DistanceGrabHandLeft.prefab
  artifactKey: Guid(0242aa8515b4bc947a945a5c6df83ee9) Importer(815301076,1909f56bfc062723c751e8b465ee728b)
Start importing Assets/Oculus/SampleFramework/Core/DistanceGrab/Prefabs/DistanceGrabHandLeft.prefab using Guid(0242aa8515b4bc947a945a5c6df83ee9) Importer(815301076,1909f56bfc062723c751e8b465ee728b)  -> (artifact id: 'ca2eb7f879c55b90d25771619acd6a7f') in 0.028089 seconds 
========================================================================
Received Import Request.
  Time since last request: 0.000020 seconds.
  path: Assets/Oculus/Interaction/Samples/Objects/Props/StonePolyhedra/StonePolyhedron.prefab
  artifactKey: Guid(93abbce9b8b609046a3caec01ae3c57a) Importer(815301076,1909f56bfc062723c751e8b465ee728b)
Start importing Assets/Oculus/Interaction/Samples/Objects/Props/StonePolyhedra/StonePolyhedron.prefab using Guid(93abbce9b8b609046a3caec01ae3c57a) Importer(815301076,1909f56bfc062723c751e8b465ee728b)  -> (artifact id: '2ab7d8579d0a393041193895633a34c2') in 0.053209 seconds 
========================================================================
Received Import Request.
  Time since last request: 0.000027 seconds.
  path: Assets/Oculus/SampleFramework/Usage/HandsTrainExample/Prefabs/SelectionCylinder.prefab
  artifactKey: Guid(5796fdce600ca1746a6ce01aed7026fb) Importer(815301076,1909f56bfc062723c751e8b465ee728b)
Start importing Assets/Oculus/SampleFramework/Usage/HandsTrainExample/Prefabs/SelectionCylinder.prefab using Guid(5796fdce600ca1746a6ce01aed7026fb) Importer(815301076,1909f56bfc062723c751e8b465ee728b)  -> (artifact id: '95980c3a447633e24eed7b5b06444f56') in 0.019596 seconds 
========================================================================
Received Import Request.
  Time since last request: 0.000066 seconds.
  path: Assets/Oculus/SampleFramework/Core/DebugUI/Prefabs/DebugTextField.prefab
  artifactKey: Guid(1af14ae596d9eeb4b8e4bd30a6c22ad3) Importer(815301076,1909f56bfc062723c751e8b465ee728b)
Start importing Assets/Oculus/SampleFramework/Core/DebugUI/Prefabs/DebugTextField.prefab using Guid(1af14ae596d9eeb4b8e4bd30a6c22ad3) Importer(815301076,1909f56bfc062723c751e8b465ee728b)  -> (artifact id: '3b22d360d5b58214a218768e5bab3f06') in 0.006235 seconds 
========================================================================
Received Import Request.
  Time since last request: 0.000022 seconds.
  path: Assets/Oculus/Interaction/Samples/Objects/LargeRoom.prefab
  artifactKey: Guid(a912065df8e0b4b4385507810e31c60d) Importer(815301076,1909f56bfc062723c751e8b465ee728b)
Start importing Assets/Oculus/Interaction/Samples/Objects/LargeRoom.prefab using Guid(a912065df8e0b4b4385507810e31c60d) Importer(815301076,1909f56bfc062723c751e8b465ee728b)  -> (artifact id: '4056d9b82e5d621961cd503a6efa5fee') in 0.339725 seconds 
========================================================================
Received Import Request.
  Time since last request: 0.000022 seconds.
  path: Assets/Oculus/SampleFramework/Usage/HandsTrainExample/Prefabs/RightSegment.prefab
  artifactKey: Guid(c458bcf4711b479478e49962283bac76) Importer(815301076,1909f56bfc062723c751e8b465ee728b)
Start importing Assets/Oculus/SampleFramework/Usage/HandsTrainExample/Prefabs/RightSegment.prefab using Guid(c458bcf4711b479478e49962283bac76) Importer(815301076,1909f56bfc062723c751e8b465ee728b)  -> (artifact id: '62cd923292f44579927751ce6a055802') in 0.116420 seconds 
========================================================================
Received Import Request.
  Time since last request: 0.000068 seconds.
  path: Assets/Oculus/SampleFramework/Usage/SharedAssets/Prefabs/OculusWaterBottlePf.prefab
  artifactKey: Guid(44c054c23ca023940ae65542cf6d9185) Importer(815301076,1909f56bfc062723c751e8b465ee728b)
Start importing Assets/Oculus/SampleFramework/Usage/SharedAssets/Prefabs/OculusWaterBottlePf.prefab using Guid(44c054c23ca023940ae65542cf6d9185) Importer(815301076,1909f56bfc062723c751e8b465ee728b)  -> (artifact id: '2474f556d7e6cea95b3cdb386024d4d4') in 0.033108 seconds 
========================================================================
Received Import Request.
  Time since last request: 0.000038 seconds.
  path: Assets/Oculus/VR/Prefabs/OVRPlayerController.prefab
  artifactKey: Guid(ce816f2e6abb0504092c23ed9b970dfd) Importer(815301076,1909f56bfc062723c751e8b465ee728b)
Start importing Assets/Oculus/VR/Prefabs/OVRPlayerController.prefab using Guid(ce816f2e6abb0504092c23ed9b970dfd) Importer(815301076,1909f56bfc062723c751e8b465ee728b)  -> (artifact id: 'f6b5864612dd672d9026b70a53f0cb60') in 0.014008 seconds 
========================================================================
Received Import Request.
  Time since last request: 0.000034 seconds.
  path: Assets/Oculus/SampleFramework/Usage/HandsTrainExample/Prefabs/HandsNotification.prefab
  artifactKey: Guid(e4f60a75af8a64d46b6a5eb6ddd9fb2c) Importer(815301076,1909f56bfc062723c751e8b465ee728b)
Start importing Assets/Oculus/SampleFramework/Usage/HandsTrainExample/Prefabs/HandsNotification.prefab using Guid(e4f60a75af8a64d46b6a5eb6ddd9fb2c) Importer(815301076,1909f56bfc062723c751e8b465ee728b)  -> (artifact id: '735102ff5c82f072a1b8889698cb8b3b') in 0.018011 seconds 
========================================================================
Received Import Request.
  Time since last request: 0.000045 seconds.
  path: Assets/Oculus/Platform/Samples/VrBoardGame/Prefabs/PieceA.prefab
  artifactKey: Guid(48e6308f93e461340abb975251ae824b) Importer(815301076,1909f56bfc062723c751e8b465ee728b)
Start importing Assets/Oculus/Platform/Samples/VrBoardGame/Prefabs/PieceA.prefab using Guid(48e6308f93e461340abb975251ae824b) Importer(815301076,1909f56bfc062723c751e8b465ee728b)  -> (artifact id: 'e702266af33f86087684763504be07ac') in 0.009583 seconds 
========================================================================
Received Import Request.
  Time since last request: 0.000036 seconds.
  path: Assets/Oculus/Interaction/Samples/Audio/Prefabs/PoseDetectionPaperAudio.prefab
  artifactKey: Guid(9416b866538f4694683496a3b53686cb) Importer(815301076,1909f56bfc062723c751e8b465ee728b)
Start importing Assets/Oculus/Interaction/Samples/Audio/Prefabs/PoseDetectionPaperAudio.prefab using Guid(9416b866538f4694683496a3b53686cb) Importer(815301076,1909f56bfc062723c751e8b465ee728b)  -> (artifact id: '9577eeb33eae80d6c8ef519ec823dfa8') in 0.009493 seconds 
========================================================================
Received Import Request.
  Time since last request: 0.000022 seconds.
  path: Assets/Oculus/SampleFramework/Usage/TouchPro/Prefabs/StylusTip/StylusTipBreadCrumbPf.prefab
  artifactKey: Guid(737cbb352eac8f04d8242de1c303e9fa) Importer(815301076,1909f56bfc062723c751e8b465ee728b)
Start importing Assets/Oculus/SampleFramework/Usage/TouchPro/Prefabs/StylusTip/StylusTipBreadCrumbPf.prefab using Guid(737cbb352eac8f04d8242de1c303e9fa) Importer(815301076,1909f56bfc062723c751e8b465ee728b)  -> (artifact id: '024d19fb786879e7b899319f67c3b38b') in 0.012597 seconds 
========================================================================
Received Import Request.
  Time since last request: 0.000025 seconds.
  path: Assets/Oculus/Interaction/OVRIntegration/Runtime/Prefabs/OVRHmd.prefab
  artifactKey: Guid(46b60c6fd5ee4fb4eb2aab6fc3de5c50) Importer(815301076,1909f56bfc062723c751e8b465ee728b)
Start importing Assets/Oculus/Interaction/OVRIntegration/Runtime/Prefabs/OVRHmd.prefab using Guid(46b60c6fd5ee4fb4eb2aab6fc3de5c50) Importer(815301076,1909f56bfc062723c751e8b465ee728b)  -> (artifact id: '5138f7ce16b66d8002ad8a6bc3819431') in 0.009814 seconds 
Editor requested this worker to shutdown with reason: Scaling down because of idle timeout
AssetImportWorker is now disconnected from the server
Process exiting
Exiting without the bug reporter. Application will terminate with return code 0